<?xml version="1.0" encoding="UTF-8"?>
<robot generator="Robot 4.1.3 (Python 3.8.10 on win32)" generated="20220331 17:04:21.872" rpa="false" schemaversion="2">
<suite id="s1" name="Shift Booking End User" source="C:\Users\d.nedeljkov\Desktop\Automation\Tests\UserApp.robot\Shift_Booking_End_User.robot">
<test id="s1-t1" name="Book a shift as an End User for a current day">
<kw name="Begin Web Test" library="SetupTeardown" type="SETUP">
<kw name="Open Browser" library="SeleniumLibrary">
<arg>about:blank</arg>
<arg>${BROWSER}</arg>
<doc>Opens a new browser instance to the optional ``url``.</doc>
<msg timestamp="20220331 17:04:22.156" level="INFO">Opening browser 'chrome' to base url 'about:blank'.</msg>
<status status="PASS" starttime="20220331 17:04:22.156" endtime="20220331 17:04:23.593"/>
</kw>
<kw name="Go To" library="SeleniumLibrary">
<arg>${URL}</arg>
<doc>Navigates the current browser window to the provided ``url``.</doc>
<msg timestamp="20220331 17:04:23.593" level="INFO">Opening url 'https://shifts-test.atlas.mapiq-universe.com/'</msg>
<status status="PASS" starttime="20220331 17:04:23.593" endtime="20220331 17:04:25.087"/>
</kw>
<kw name="Maximize Browser Window" library="SeleniumLibrary">
<doc>Maximizes current browser window.</doc>
<status status="PASS" starttime="20220331 17:04:25.088" endtime="20220331 17:04:25.211"/>
</kw>
<status status="PASS" starttime="20220331 17:04:22.156" endtime="20220331 17:04:25.212"/>
</kw>
<kw name="Go to the Office Shifts Page" library="OfficeShiftsPage">
<kw name="Navigate To" library="LandingOfficeShifts">
<kw name="Go To" library="SeleniumLibrary">
<arg>${URL}</arg>
<doc>Navigates the current browser window to the provided ``url``.</doc>
<msg timestamp="20220331 17:04:25.213" level="INFO">Opening url 'https://shifts-test.atlas.mapiq-universe.com/'</msg>
<status status="PASS" starttime="20220331 17:04:25.213" endtime="20220331 17:04:25.340"/>
</kw>
<status status="PASS" starttime="20220331 17:04:25.213" endtime="20220331 17:04:25.341"/>
</kw>
<kw name="Verify Page Loaded" library="LandingOfficeShifts">
<kw name="Wait Until Element Contains" library="SeleniumLibrary">
<arg>${OS_FIRST_SIGN_IN_BUTTON}</arg>
<arg>Sign in</arg>
<doc>Waits until the element ``locator`` contains ``text``.</doc>
<status status="PASS" starttime="20220331 17:04:25.341" endtime="20220331 17:04:25.366"/>
</kw>
<status status="PASS" starttime="20220331 17:04:25.341" endtime="20220331 17:04:25.367"/>
</kw>
<status status="PASS" starttime="20220331 17:04:25.212" endtime="20220331 17:04:25.367"/>
</kw>
<kw name="Log in to the Office Shifts Page" library="OfficeShiftsPage">
<kw name="Log in" library="LandingOfficeShifts">
<kw name="Click Button" library="SeleniumLibrary">
<arg>${OS_FIRST_SIGN_IN_BUTTON}</arg>
<doc>Clicks the button identified by ``locator``.</doc>
<msg timestamp="20220331 17:04:25.370" level="INFO">Clicking button 'xpath:/html//log-in[@class='Body Login-body']//button[@class='MpqButton']'.</msg>
<status status="PASS" starttime="20220331 17:04:25.369" endtime="20220331 17:04:25.432"/>
</kw>
<kw name="Wait Until Element Is Visible" library="SeleniumLibrary">
<arg>${CONTINUE_BUTTON}</arg>
<doc>Waits until the element ``locator`` is visible.</doc>
<status status="PASS" starttime="20220331 17:04:25.432" endtime="20220331 17:04:27.012"/>
</kw>
<kw name="Input Text" library="SeleniumLibrary">
<arg>${OS_EMAIL_ADDRESS_FIELD}</arg>
<arg>${EMAIL_ANALYTICS_VIEWER}</arg>
<doc>Types the given ``text`` into the text field identified by ``locator``.</doc>
<msg timestamp="20220331 17:04:27.012" level="INFO">Typing text 'qa_building_admin@test1.mapiq.net' into text field 'id=signInName'.</msg>
<status status="PASS" starttime="20220331 17:04:27.012" endtime="20220331 17:04:27.191"/>
</kw>
<kw name="Click Button" library="SeleniumLibrary">
<arg>${CONTINUE_BUTTON}</arg>
<doc>Clicks the button identified by ``locator``.</doc>
<msg timestamp="20220331 17:04:27.192" level="INFO">Clicking button 'xpath:/html//button[@id='continue']'.</msg>
<status status="PASS" starttime="20220331 17:04:27.191" endtime="20220331 17:04:27.658"/>
</kw>
<kw name="Wait Until Element Is Visible" library="SeleniumLibrary">
<arg>${OS_SECOND_SIGN_IN_BUTTON}</arg>
<doc>Waits until the element ``locator`` is visible.</doc>
<status status="PASS" starttime="20220331 17:04:27.658" endtime="20220331 17:04:27.894"/>
</kw>
<kw name="Input Text" library="SeleniumLibrary">
<arg>${OS_PASSWORD_FIELD}</arg>
<arg>${PASSWORD_ANALYTICS_VIEWER}</arg>
<doc>Types the given ``text`` into the text field identified by ``locator``.</doc>
<msg timestamp="20220331 17:04:27.895" level="INFO">Typing text 'QA-Bu1ld1ng-Adm1n' into text field 'xpath:/html//input[@id='password']'.</msg>
<status status="PASS" starttime="20220331 17:04:27.894" endtime="20220331 17:04:27.993"/>
</kw>
<kw name="Click Button" library="SeleniumLibrary">
<arg>${OS_SECOND_SIGN_IN_BUTTON}</arg>
<doc>Clicks the button identified by ``locator``.</doc>
<msg timestamp="20220331 17:04:27.993" level="INFO">Clicking button 'xpath:/html//button[@id='next']'.</msg>
<status status="PASS" starttime="20220331 17:04:27.993" endtime="20220331 17:04:28.039"/>
</kw>
<kw name="Wait Until Element Is Visible" library="SeleniumLibrary">
<arg>${OFFICE_SHIFTS_HEADER_TITLE}</arg>
<doc>Waits until the element ``locator`` is visible.</doc>
<status status="PASS" starttime="20220331 17:04:28.040" endtime="20220331 17:04:30.136"/>
</kw>
<kw name="Wait Until Element Is Visible" library="SeleniumLibrary">
<arg>${OFFICE_SHIFTS_HEADER_TITLE}</arg>
<doc>Waits until the element ``locator`` is visible.</doc>
<status status="PASS" starttime="20220331 17:04:30.136" endtime="20220331 17:04:30.152"/>
</kw>
<status status="PASS" starttime="20220331 17:04:25.369" endtime="20220331 17:04:30.152"/>
</kw>
<status status="PASS" starttime="20220331 17:04:25.368" endtime="20220331 17:04:30.152"/>
</kw>
<kw name="Book a shift for a current day, for the first building" library="OfficeShiftsPage">
<kw name="Booking a shift for a current day, first building" library="OfficeShiftsYourShifts">
<kw name="Wait Until Element Is Visible" library="SeleniumLibrary">
<arg>${CURRENT_DAY}</arg>
<doc>Waits until the element ``locator`` is visible.</doc>
<status status="PASS" starttime="20220331 17:04:30.153" endtime="20220331 17:04:34.904"/>
</kw>
<kw name="Click Element" library="SeleniumLibrary">
<arg>${CURRENT_DAY}</arg>
<doc>Click the element identified by ``locator``.</doc>
<msg timestamp="20220331 17:04:34.905" level="INFO">Clicking element 'css=.is-today'.</msg>
<status status="PASS" starttime="20220331 17:04:34.904" endtime="20220331 17:04:34.961"/>
</kw>
<kw name="Wait Until Element Is Visible" library="SeleniumLibrary">
<arg>${DAY_OVERVIEW_BOOK_BUTTON}</arg>
<doc>Waits until the element ``locator`` is visible.</doc>
<status status="PASS" starttime="20220331 17:04:34.962" endtime="20220331 17:04:35.199"/>
</kw>
<kw name="Click Element" library="SeleniumLibrary">
<arg>${DAY_OVERVIEW_BOOK_BUTTON}</arg>
<doc>Click the element identified by ``locator``.</doc>
<msg timestamp="20220331 17:04:35.200" level="INFO">Clicking element 'css=.DayOverview-bookButton'.</msg>
<status status="PASS" starttime="20220331 17:04:35.199" endtime="20220331 17:04:35.266"/>
</kw>
<kw name="Wait Until Element Is Visible" library="SeleniumLibrary">
<arg>${SHOW_ALL_WORKSPACES_BUTTON}</arg>
<doc>Waits until the element ``locator`` is visible.</doc>
<status status="PASS" starttime="20220331 17:04:35.266" endtime="20220331 17:04:35.288"/>
</kw>
<kw name="Click Element" library="SeleniumLibrary">
<arg>${SHOW_ALL_WORKSPACES_BUTTON}</arg>
<doc>Click the element identified by ``locator``.</doc>
<msg timestamp="20220331 17:04:35.289" level="INFO">Clicking element 'xpath=/html/body//popup-manager//div[@class='Card-scrollHeight']//rw-home//div[@class='RegistrationWizard-tile']'.</msg>
<status status="PASS" starttime="20220331 17:04:35.288" endtime="20220331 17:04:35.636"/>
</kw>
<kw name="Wait Until Element Is Visible" library="SeleniumLibrary">
<arg>${FIRST_BUILDING}</arg>
<doc>Waits until the element ``locator`` is visible.</doc>
<status status="PASS" starttime="20220331 17:04:35.636" endtime="20220331 17:04:35.660"/>
</kw>
<kw name="Click Element" library="SeleniumLibrary">
<arg>${FIRST_BUILDING}</arg>
<doc>Click the element identified by ``locator``.</doc>
<msg timestamp="20220331 17:04:35.661" level="INFO">Clicking element 'css=.LocationPicker-option:nth-child(1)'.</msg>
<status status="PASS" starttime="20220331 17:04:35.660" endtime="20220331 17:04:35.708"/>
</kw>
<kw name="Wait Until Element Is Visible" library="SeleniumLibrary">
<arg>${FIRST_FLOOR}</arg>
<doc>Waits until the element ``locator`` is visible.</doc>
<status status="PASS" starttime="20220331 17:04:35.709" endtime="20220331 17:04:35.731"/>
</kw>
<kw name="Click Element" library="SeleniumLibrary">
<arg>${FIRST_FLOOR}</arg>
<doc>Click the element identified by ``locator``.</doc>
<msg timestamp="20220331 17:04:35.732" level="INFO">Clicking element 'css=.LocationPicker-group:nth-child(4) &gt; .LocationPicker-option:nth-child(1)'.</msg>
<status status="PASS" starttime="20220331 17:04:35.731" endtime="20220331 17:04:35.771"/>
</kw>
<kw name="Wait Until Element Is Visible" library="SeleniumLibrary">
<arg>${FIRST_AREA}</arg>
<doc>Waits until the element ``locator`` is visible.</doc>
<status status="PASS" starttime="20220331 17:04:35.771" endtime="20220331 17:04:35.790"/>
</kw>
<kw name="Click Element" library="SeleniumLibrary">
<arg>${FIRST_AREA}</arg>
<doc>Click the element identified by ``locator``.</doc>
<msg timestamp="20220331 17:04:35.791" level="INFO">Clicking element 'css=.LocationPicker-group:nth-child(6) &gt; .LocationPicker-option:nth-child(1)'.</msg>
<status status="PASS" starttime="20220331 17:04:35.791" endtime="20220331 17:04:35.839"/>
</kw>
<kw name="Wait Until Element Is Visible" library="SeleniumLibrary">
<arg>${CONFIRM_BOOKING_BUTTON}</arg>
<doc>Waits until the element ``locator`` is visible.</doc>
<status status="PASS" starttime="20220331 17:04:35.840" endtime="20220331 17:04:35.857"/>
</kw>
<kw name="Click Element" library="SeleniumLibrary">
<arg>${CONFIRM_BOOKING_BUTTON}</arg>
<doc>Click the element identified by ``locator``.</doc>
<msg timestamp="20220331 17:04:35.857" level="INFO">Clicking element 'xpath=//span[contains(.,'Confirm booking')]'.</msg>
<status status="PASS" starttime="20220331 17:04:35.857" endtime="20220331 17:04:35.889"/>
</kw>
<kw name="Sleep" library="BuiltIn">
<arg>1</arg>
<doc>Pauses the test executed for the given time.</doc>
<msg timestamp="20220331 17:04:36.904" level="INFO">Slept 1 second</msg>
<status status="PASS" starttime="20220331 17:04:35.889" endtime="20220331 17:04:36.904"/>
</kw>
<kw name="Element Should Contain" library="SeleniumLibrary">
<arg>${STATUS_MESSAGE}</arg>
<arg>You’re good to go to the office</arg>
<doc>Verifies that element ``locator`` contains text ``expected``.</doc>
<msg timestamp="20220331 17:04:36.924" level="INFO">Element 'xpath=/html/body//status-message[@class='Card']//div[@class='status-message']' contains text 'You’re good to go to the office'.</msg>
<status status="PASS" starttime="20220331 17:04:36.904" endtime="20220331 17:04:36.924"/>
</kw>
<status status="PASS" starttime="20220331 17:04:30.153" endtime="20220331 17:04:36.924"/>
</kw>
<status status="PASS" starttime="20220331 17:04:30.153" endtime="20220331 17:04:36.924"/>
</kw>
<kw name="End Web Test" library="SetupTeardown" type="TEARDOWN">
<kw name="Close All Browsers" library="SeleniumLibrary">
<doc>Closes all open browsers and resets the browser cache.</doc>
<status status="PASS" starttime="20220331 17:04:36.925" endtime="20220331 17:04:39.211"/>
</kw>
<status status="PASS" starttime="20220331 17:04:36.925" endtime="20220331 17:04:39.211"/>
</kw>
<status status="PASS" starttime="20220331 17:04:22.155" endtime="20220331 17:04:39.212"/>
</test>
<test id="s1-t2" name="Edit a shift as an End User for a current day">
<kw name="Begin Web Test" library="SetupTeardown" type="SETUP">
<kw name="Open Browser" library="SeleniumLibrary">
<arg>about:blank</arg>
<arg>${BROWSER}</arg>
<doc>Opens a new browser instance to the optional ``url``.</doc>
<msg timestamp="20220331 17:04:39.215" level="INFO">Opening browser 'chrome' to base url 'about:blank'.</msg>
<status status="PASS" starttime="20220331 17:04:39.215" endtime="20220331 17:04:40.534"/>
</kw>
<kw name="Go To" library="SeleniumLibrary">
<arg>${URL}</arg>
<doc>Navigates the current browser window to the provided ``url``.</doc>
<msg timestamp="20220331 17:04:40.535" level="INFO">Opening url 'https://shifts-test.atlas.mapiq-universe.com/'</msg>
<status status="PASS" starttime="20220331 17:04:40.534" endtime="20220331 17:04:41.455"/>
</kw>
<kw name="Maximize Browser Window" library="SeleniumLibrary">
<doc>Maximizes current browser window.</doc>
<status status="PASS" starttime="20220331 17:04:41.456" endtime="20220331 17:04:41.574"/>
</kw>
<status status="PASS" starttime="20220331 17:04:39.214" endtime="20220331 17:04:41.575"/>
</kw>
<kw name="Go to the Office Shifts Page" library="OfficeShiftsPage">
<kw name="Navigate To" library="LandingOfficeShifts">
<kw name="Go To" library="SeleniumLibrary">
<arg>${URL}</arg>
<doc>Navigates the current browser window to the provided ``url``.</doc>
<msg timestamp="20220331 17:04:41.576" level="INFO">Opening url 'https://shifts-test.atlas.mapiq-universe.com/'</msg>
<status status="PASS" starttime="20220331 17:04:41.576" endtime="20220331 17:04:41.704"/>
</kw>
<status status="PASS" starttime="20220331 17:04:41.575" endtime="20220331 17:04:41.704"/>
</kw>
<kw name="Verify Page Loaded" library="LandingOfficeShifts">
<kw name="Wait Until Element Contains" library="SeleniumLibrary">
<arg>${OS_FIRST_SIGN_IN_BUTTON}</arg>
<arg>Sign in</arg>
<doc>Waits until the element ``locator`` contains ``text``.</doc>
<status status="PASS" starttime="20220331 17:04:41.704" endtime="20220331 17:04:41.728"/>
</kw>
<status status="PASS" starttime="20220331 17:04:41.704" endtime="20220331 17:04:41.729"/>
</kw>
<status status="PASS" starttime="20220331 17:04:41.575" endtime="20220331 17:04:41.729"/>
</kw>
<kw name="Log in to the Office Shifts Page" library="OfficeShiftsPage">
<kw name="Log in" library="LandingOfficeShifts">
<kw name="Click Button" library="SeleniumLibrary">
<arg>${OS_FIRST_SIGN_IN_BUTTON}</arg>
<doc>Clicks the button identified by ``locator``.</doc>
<msg timestamp="20220331 17:04:41.730" level="INFO">Clicking button 'xpath:/html//log-in[@class='Body Login-body']//button[@class='MpqButton']'.</msg>
<status status="PASS" starttime="20220331 17:04:41.730" endtime="20220331 17:04:41.784"/>
</kw>
<kw name="Wait Until Element Is Visible" library="SeleniumLibrary">
<arg>${CONTINUE_BUTTON}</arg>
<doc>Waits until the element ``locator`` is visible.</doc>
<status status="PASS" starttime="20220331 17:04:41.784" endtime="20220331 17:04:42.963"/>
</kw>
<kw name="Input Text" library="SeleniumLibrary">
<arg>${OS_EMAIL_ADDRESS_FIELD}</arg>
<arg>${EMAIL_ANALYTICS_VIEWER}</arg>
<doc>Types the given ``text`` into the text field identified by ``locator``.</doc>
<msg timestamp="20220331 17:04:42.963" level="INFO">Typing text 'qa_building_admin@test1.mapiq.net' into text field 'id=signInName'.</msg>
<status status="PASS" starttime="20220331 17:04:42.963" endtime="20220331 17:04:43.120"/>
</kw>
<kw name="Click Button" library="SeleniumLibrary">
<arg>${CONTINUE_BUTTON}</arg>
<doc>Clicks the button identified by ``locator``.</doc>
<msg timestamp="20220331 17:04:43.120" level="INFO">Clicking button 'xpath:/html//button[@id='continue']'.</msg>
<status status="PASS" starttime="20220331 17:04:43.120" endtime="20220331 17:04:43.263"/>
</kw>
<kw name="Wait Until Element Is Visible" library="SeleniumLibrary">
<arg>${OS_SECOND_SIGN_IN_BUTTON}</arg>
<doc>Waits until the element ``locator`` is visible.</doc>
<status status="PASS" starttime="20220331 17:04:43.263" endtime="20220331 17:04:43.795"/>
</kw>
<kw name="Input Text" library="SeleniumLibrary">
<arg>${OS_PASSWORD_FIELD}</arg>
<arg>${PASSWORD_ANALYTICS_VIEWER}</arg>
<doc>Types the given ``text`` into the text field identified by ``locator``.</doc>
<msg timestamp="20220331 17:04:43.796" level="INFO">Typing text 'QA-Bu1ld1ng-Adm1n' into text field 'xpath:/html//input[@id='password']'.</msg>
<status status="PASS" starttime="20220331 17:04:43.795" endtime="20220331 17:04:43.897"/>
</kw>
<kw name="Click Button" library="SeleniumLibrary">
<arg>${OS_SECOND_SIGN_IN_BUTTON}</arg>
<doc>Clicks the button identified by ``locator``.</doc>
<msg timestamp="20220331 17:04:43.897" level="INFO">Clicking button 'xpath:/html//button[@id='next']'.</msg>
<status status="PASS" starttime="20220331 17:04:43.897" endtime="20220331 17:04:43.946"/>
</kw>
<kw name="Wait Until Element Is Visible" library="SeleniumLibrary">
<arg>${OFFICE_SHIFTS_HEADER_TITLE}</arg>
<doc>Waits until the element ``locator`` is visible.</doc>
<status status="PASS" starttime="20220331 17:04:43.946" endtime="20220331 17:04:46.345"/>
</kw>
<kw name="Wait Until Element Is Visible" library="SeleniumLibrary">
<arg>${OFFICE_SHIFTS_HEADER_TITLE}</arg>
<doc>Waits until the element ``locator`` is visible.</doc>
<status status="PASS" starttime="20220331 17:04:46.345" endtime="20220331 17:04:46.362"/>
</kw>
<status status="PASS" starttime="20220331 17:04:41.730" endtime="20220331 17:04:46.363"/>
</kw>
<status status="PASS" starttime="20220331 17:04:41.729" endtime="20220331 17:04:46.363"/>
</kw>
<kw name="Edit a shift for a current day" library="OfficeShiftsPage">
<kw name="Edit a current day shift" library="OfficeShiftsYourShifts">
<kw name="Wait Until Element Is Visible" library="SeleniumLibrary">
<arg>${BOOKED_SHIFT_CHECKMARK_BUTTON}</arg>
<doc>Waits until the element ``locator`` is visible.</doc>
<status status="PASS" starttime="20220331 17:04:46.364" endtime="20220331 17:04:48.569"/>
</kw>
<kw name="Click Element" library="SeleniumLibrary">
<arg>${BOOKED_SHIFT_CHECKMARK_BUTTON}</arg>
<doc>Click the element identified by ``locator``.</doc>
<msg timestamp="20220331 17:04:48.569" level="INFO">Clicking element 'css=.is-today svg'.</msg>
<status status="PASS" starttime="20220331 17:04:48.569" endtime="20220331 17:04:48.635"/>
</kw>
<kw name="Wait Until Element Is Visible" library="SeleniumLibrary">
<arg>${EDIT_SHIFT_BUTTON}</arg>
<doc>Waits until the element ``locator`` is visible.</doc>
<status status="PASS" starttime="20220331 17:04:48.636" endtime="20220331 17:04:48.658"/>
</kw>
<kw name="Click Element" library="SeleniumLibrary">
<arg>${EDIT_SHIFT_BUTTON}</arg>
<doc>Click the element identified by ``locator``.</doc>
<msg timestamp="20220331 17:04:48.659" level="INFO">Clicking element 'xpath=/html/body//popup-manager/div[@class='ModalWrapper ModalWrapper--popupManager']//div[@class='Card-scrollHeight']/rw-booked-shift-summary//button[@class='MpqLinkButton Summary-editBtn']'.</msg>
<status status="PASS" starttime="20220331 17:04:48.658" endtime="20220331 17:04:48.711"/>
</kw>
<kw name="Wait Until Element Is Visible" library="SeleniumLibrary">
<arg>${SHOW_ALL_WORKSPACES_BUTTON}</arg>
<doc>Waits until the element ``locator`` is visible.</doc>
<status status="PASS" starttime="20220331 17:04:48.711" endtime="20220331 17:04:48.736"/>
</kw>
<kw name="Click Element" library="SeleniumLibrary">
<arg>${SHOW_ALL_WORKSPACES_BUTTON}</arg>
<doc>Click the element identified by ``locator``.</doc>
<msg timestamp="20220331 17:04:48.737" level="INFO">Clicking element 'xpath=/html/body//popup-manager//div[@class='Card-scrollHeight']//rw-home//div[@class='RegistrationWizard-tile']'.</msg>
<status status="PASS" starttime="20220331 17:04:48.736" endtime="20220331 17:04:48.834"/>
</kw>
<kw name="Wait Until Element Is Visible" library="SeleniumLibrary">
<arg>${SECOND_BUILDING}</arg>
<doc>Waits until the element ``locator`` is visible.</doc>
<status status="PASS" starttime="20220331 17:04:48.834" endtime="20220331 17:04:48.857"/>
</kw>
<kw name="Click Element" library="SeleniumLibrary">
<arg>${SECOND_BUILDING}</arg>
<doc>Click the element identified by ``locator``.</doc>
<msg timestamp="20220331 17:04:48.858" level="INFO">Clicking element 'css=.LocationPicker-option:nth-child(2)'.</msg>
<status status="PASS" starttime="20220331 17:04:48.857" endtime="20220331 17:04:48.903"/>
</kw>
<kw name="Wait Until Element Is Visible" library="SeleniumLibrary">
<arg>${FIRST_FLOOR}</arg>
<doc>Waits until the element ``locator`` is visible.</doc>
<status status="PASS" starttime="20220331 17:04:48.903" endtime="20220331 17:04:48.923"/>
</kw>
<kw name="Click Element" library="SeleniumLibrary">
<arg>${FIRST_FLOOR}</arg>
<doc>Click the element identified by ``locator``.</doc>
<msg timestamp="20220331 17:04:48.924" level="INFO">Clicking element 'css=.LocationPicker-group:nth-child(4) &gt; .LocationPicker-option:nth-child(1)'.</msg>
<status status="PASS" starttime="20220331 17:04:48.923" endtime="20220331 17:04:48.966"/>
</kw>
<kw name="Wait Until Element Is Visible" library="SeleniumLibrary">
<arg>${MODIFY_BOOKING_BUTTON}</arg>
<doc>Waits until the element ``locator`` is visible.</doc>
<status status="PASS" starttime="20220331 17:04:48.966" endtime="20220331 17:04:48.986"/>
</kw>
<kw name="Click Element" library="SeleniumLibrary">
<arg>${MODIFY_BOOKING_BUTTON}</arg>
<doc>Click the element identified by ``locator``.</doc>
<msg timestamp="20220331 17:04:48.986" level="INFO">Clicking element 'xpath=//span[contains(.,'Modify booking')]'.</msg>
<status status="PASS" starttime="20220331 17:04:48.986" endtime="20220331 17:04:49.017"/>
</kw>
<kw name="Sleep" library="BuiltIn">
<arg>1</arg>
<doc>Pauses the test executed for the given time.</doc>
<msg timestamp="20220331 17:04:50.031" level="INFO">Slept 1 second</msg>
<status status="PASS" starttime="20220331 17:04:49.017" endtime="20220331 17:04:50.031"/>
</kw>
<kw name="Element Should Contain" library="SeleniumLibrary">
<arg>${STATUS_MESSAGE}</arg>
<arg>Location successfully updated</arg>
<doc>Verifies that element ``locator`` contains text ``expected``.</doc>
<msg timestamp="20220331 17:04:50.052" level="INFO">Element 'xpath=/html/body//status-message[@class='Card']//div[@class='status-message']' contains text 'Location successfully updated'.</msg>
<status status="PASS" starttime="20220331 17:04:50.031" endtime="20220331 17:04:50.053"/>
</kw>
<status status="PASS" starttime="20220331 17:04:46.364" endtime="20220331 17:04:50.053"/>
</kw>
<status status="PASS" starttime="20220331 17:04:46.363" endtime="20220331 17:04:50.053"/>
</kw>
<kw name="End Web Test" library="SetupTeardown" type="TEARDOWN">
<kw name="Close All Browsers" library="SeleniumLibrary">
<doc>Closes all open browsers and resets the browser cache.</doc>
<status status="PASS" starttime="20220331 17:04:50.054" endtime="20220331 17:04:53.015"/>
</kw>
<status status="PASS" starttime="20220331 17:04:50.054" endtime="20220331 17:04:53.015"/>
</kw>
<status status="PASS" starttime="20220331 17:04:39.213" endtime="20220331 17:04:53.016"/>
</test>
<test id="s1-t3" name="Delete a shift for a current day">
<kw name="Begin Web Test" library="SetupTeardown" type="SETUP">
<kw name="Open Browser" library="SeleniumLibrary">
<arg>about:blank</arg>
<arg>${BROWSER}</arg>
<doc>Opens a new browser instance to the optional ``url``.</doc>
<msg timestamp="20220331 17:04:53.019" level="INFO">Opening browser 'chrome' to base url 'about:blank'.</msg>
<status status="PASS" starttime="20220331 17:04:53.018" endtime="20220331 17:04:54.390"/>
</kw>
<kw name="Go To" library="SeleniumLibrary">
<arg>${URL}</arg>
<doc>Navigates the current browser window to the provided ``url``.</doc>
<msg timestamp="20220331 17:04:54.390" level="INFO">Opening url 'https://shifts-test.atlas.mapiq-universe.com/'</msg>
<status status="PASS" starttime="20220331 17:04:54.390" endtime="20220331 17:04:55.264"/>
</kw>
<kw name="Maximize Browser Window" library="SeleniumLibrary">
<doc>Maximizes current browser window.</doc>
<status status="PASS" starttime="20220331 17:04:55.265" endtime="20220331 17:04:55.398"/>
</kw>
<status status="PASS" starttime="20220331 17:04:53.018" endtime="20220331 17:04:55.398"/>
</kw>
<kw name="Go to the Office Shifts Page" library="OfficeShiftsPage">
<kw name="Navigate To" library="LandingOfficeShifts">
<kw name="Go To" library="SeleniumLibrary">
<arg>${URL}</arg>
<doc>Navigates the current browser window to the provided ``url``.</doc>
<msg timestamp="20220331 17:04:55.399" level="INFO">Opening url 'https://shifts-test.atlas.mapiq-universe.com/'</msg>
<status status="PASS" starttime="20220331 17:04:55.399" endtime="20220331 17:04:55.525"/>
</kw>
<status status="PASS" starttime="20220331 17:04:55.399" endtime="20220331 17:04:55.526"/>
</kw>
<kw name="Verify Page Loaded" library="LandingOfficeShifts">
<kw name="Wait Until Element Contains" library="SeleniumLibrary">
<arg>${OS_FIRST_SIGN_IN_BUTTON}</arg>
<arg>Sign in</arg>
<doc>Waits until the element ``locator`` contains ``text``.</doc>
<status status="PASS" starttime="20220331 17:04:55.526" endtime="20220331 17:04:55.553"/>
</kw>
<status status="PASS" starttime="20220331 17:04:55.526" endtime="20220331 17:04:55.553"/>
</kw>
<status status="PASS" starttime="20220331 17:04:55.398" endtime="20220331 17:04:55.553"/>
</kw>
<kw name="Log in to the Office Shifts Page" library="OfficeShiftsPage">
<kw name="Log in" library="LandingOfficeShifts">
<kw name="Click Button" library="SeleniumLibrary">
<arg>${OS_FIRST_SIGN_IN_BUTTON}</arg>
<doc>Clicks the button identified by ``locator``.</doc>
<msg timestamp="20220331 17:04:55.555" level="INFO">Clicking button 'xpath:/html//log-in[@class='Body Login-body']//button[@class='MpqButton']'.</msg>
<status status="PASS" starttime="20220331 17:04:55.554" endtime="20220331 17:04:55.612"/>
</kw>
<kw name="Wait Until Element Is Visible" library="SeleniumLibrary">
<arg>${CONTINUE_BUTTON}</arg>
<doc>Waits until the element ``locator`` is visible.</doc>
<status status="PASS" starttime="20220331 17:04:55.612" endtime="20220331 17:04:56.783"/>
</kw>
<kw name="Input Text" library="SeleniumLibrary">
<arg>${OS_EMAIL_ADDRESS_FIELD}</arg>
<arg>${EMAIL_ANALYTICS_VIEWER}</arg>
<doc>Types the given ``text`` into the text field identified by ``locator``.</doc>
<msg timestamp="20220331 17:04:56.784" level="INFO">Typing text 'qa_building_admin@test1.mapiq.net' into text field 'id=signInName'.</msg>
<status status="PASS" starttime="20220331 17:04:56.783" endtime="20220331 17:04:56.965"/>
</kw>
<kw name="Click Button" library="SeleniumLibrary">
<arg>${CONTINUE_BUTTON}</arg>
<doc>Clicks the button identified by ``locator``.</doc>
<msg timestamp="20220331 17:04:56.967" level="INFO">Clicking button 'xpath:/html//button[@id='continue']'.</msg>
<status status="PASS" starttime="20220331 17:04:56.966" endtime="20220331 17:04:58.017"/>
</kw>
<kw name="Wait Until Element Is Visible" library="SeleniumLibrary">
<arg>${OS_SECOND_SIGN_IN_BUTTON}</arg>
<doc>Waits until the element ``locator`` is visible.</doc>
<status status="PASS" starttime="20220331 17:04:58.017" endtime="20220331 17:04:58.260"/>
</kw>
<kw name="Input Text" library="SeleniumLibrary">
<arg>${OS_PASSWORD_FIELD}</arg>
<arg>${PASSWORD_ANALYTICS_VIEWER}</arg>
<doc>Types the given ``text`` into the text field identified by ``locator``.</doc>
<msg timestamp="20220331 17:04:58.260" level="INFO">Typing text 'QA-Bu1ld1ng-Adm1n' into text field 'xpath:/html//input[@id='password']'.</msg>
<status status="PASS" starttime="20220331 17:04:58.260" endtime="20220331 17:04:58.356"/>
</kw>
<kw name="Click Button" library="SeleniumLibrary">
<arg>${OS_SECOND_SIGN_IN_BUTTON}</arg>
<doc>Clicks the button identified by ``locator``.</doc>
<msg timestamp="20220331 17:04:58.357" level="INFO">Clicking button 'xpath:/html//button[@id='next']'.</msg>
<status status="PASS" starttime="20220331 17:04:58.356" endtime="20220331 17:04:58.398"/>
</kw>
<kw name="Wait Until Element Is Visible" library="SeleniumLibrary">
<arg>${OFFICE_SHIFTS_HEADER_TITLE}</arg>
<doc>Waits until the element ``locator`` is visible.</doc>
<status status="PASS" starttime="20220331 17:04:58.398" endtime="20220331 17:05:00.301"/>
</kw>
<kw name="Wait Until Element Is Visible" library="SeleniumLibrary">
<arg>${OFFICE_SHIFTS_HEADER_TITLE}</arg>
<doc>Waits until the element ``locator`` is visible.</doc>
<status status="PASS" starttime="20220331 17:05:00.302" endtime="20220331 17:05:00.320"/>
</kw>
<status status="PASS" starttime="20220331 17:04:55.554" endtime="20220331 17:05:00.320"/>
</kw>
<status status="PASS" starttime="20220331 17:04:55.554" endtime="20220331 17:05:00.320"/>
</kw>
<kw name="Delete a shift for a current day" library="OfficeShiftsPage">
<kw name="Delete a current day shift" library="OfficeShiftsYourShifts">
<kw name="Wait Until Element Is Visible" library="SeleniumLibrary">
<arg>${BOOKED_SHIFT_CHECKMARK_BUTTON}</arg>
<doc>Waits until the element ``locator`` is visible.</doc>
<status status="PASS" starttime="20220331 17:05:00.321" endtime="20220331 17:05:02.309"/>
</kw>
<kw name="Click Element" library="SeleniumLibrary">
<arg>${BOOKED_SHIFT_CHECKMARK_BUTTON}</arg>
<doc>Click the element identified by ``locator``.</doc>
<msg timestamp="20220331 17:05:02.309" level="INFO">Clicking element 'css=.is-today svg'.</msg>
<status status="PASS" starttime="20220331 17:05:02.309" endtime="20220331 17:05:02.365"/>
</kw>
<kw name="Wait Until Element Is Visible" library="SeleniumLibrary">
<arg>${DELETE_SHIFT_BUTTON}</arg>
<doc>Waits until the element ``locator`` is visible.</doc>
<status status="PASS" starttime="20220331 17:05:02.366" endtime="20220331 17:05:02.386"/>
</kw>
<kw name="Click Element" library="SeleniumLibrary">
<arg>${DELETE_SHIFT_BUTTON}</arg>
<doc>Click the element identified by ``locator``.</doc>
<msg timestamp="20220331 17:05:02.386" level="INFO">Clicking element 'xpath=/html/body//popup-manager/div[@class='ModalWrapper ModalWrapper--popupManager']//button[@class='MpqButton MpqButton--app MpqButton--red']'.</msg>
<status status="PASS" starttime="20220331 17:05:02.386" endtime="20220331 17:05:02.424"/>
</kw>
<kw name="Sleep" library="BuiltIn">
<arg>5</arg>
<doc>Pauses the test executed for the given time.</doc>
<msg timestamp="20220331 17:05:07.432" level="INFO">Slept 5 seconds</msg>
<status status="PASS" starttime="20220331 17:05:02.424" endtime="20220331 17:05:07.432"/>
</kw>
<kw name="Wait Until Element Is Visible" library="SeleniumLibrary">
<arg>${CURRENT_DAY}</arg>
<doc>Waits until the element ``locator`` is visible.</doc>
<status status="PASS" starttime="20220331 17:05:07.432" endtime="20220331 17:05:07.449"/>
</kw>
<kw name="Element Should Be Visible" library="SeleniumLibrary">
<arg>${CURRENT_DAY}</arg>
<doc>Verifies that the element identified by ``locator`` is visible.</doc>
<msg timestamp="20220331 17:05:07.462" level="INFO">Element 'css=.is-today' is displayed.</msg>
<status status="PASS" starttime="20220331 17:05:07.449" endtime="20220331 17:05:07.462"/>
</kw>
<status status="PASS" starttime="20220331 17:05:00.321" endtime="20220331 17:05:07.462"/>
</kw>
<status status="PASS" starttime="20220331 17:05:00.321" endtime="20220331 17:05:07.462"/>
</kw>
<kw name="End Web Test" library="SetupTeardown" type="TEARDOWN">
<kw name="Close All Browsers" library="SeleniumLibrary">
<doc>Closes all open browsers and resets the browser cache.</doc>
<status status="PASS" starttime="20220331 17:05:07.464" endtime="20220331 17:05:09.731"/>
</kw>
<status status="PASS" starttime="20220331 17:05:07.463" endtime="20220331 17:05:09.731"/>
</kw>
<status status="PASS" starttime="20220331 17:04:53.017" endtime="20220331 17:05:09.732"/>
</test>
<doc>Test for confirming an option to book a shift on the Office Shifts page by a End User
To run this test, enter the "Tests" folder (cd Tests) and enter "robot -d results UserApp.robot/Shift_Booking_End_User.robot" in the Terminal</doc>
<status status="PASS" starttime="20220331 17:04:21.874" endtime="20220331 17:05:09.733"/>
</suite>
<statistics>
<total>
<stat pass="3" fail="0" skip="0">All Tests</stat>
</total>
<tag>
</tag>
<suite>
<stat pass="3" fail="0" skip="0" id="s1" name="Shift Booking End User">Shift Booking End User</stat>
</suite>
</statistics>
<errors>
</errors>
</robot>
