<?xml version="1.0" encoding="UTF-8"?>
<robot generator="Robot 4.1.3 (Python 3.8.10 on win32)" generated="20220406 18:27:07.384" rpa="false" schemaversion="2">
<suite id="s1" name="Tests" source="C:\Users\d.nedeljkov\Desktop\Mapiq One Automation\Tests">
<suite id="s1-s1" name="AdminPortal.robot" source="C:\Users\d.nedeljkov\Desktop\Mapiq One Automation\Tests\AdminPortal.robot">
<suite id="s1-s1-s1" name="AnalyticsViewerAdmin" source="C:\Users\d.nedeljkov\Desktop\Mapiq One Automation\Tests\AdminPortal.robot\AnalyticsViewerAdmin.robot">
<test id="s1-s1-s1-t1" name="Login into the Admin Portal as a Analytics Viewer Admin">
<kw name="Begin Web Test Admin portal" library="SetupTeardown" type="SETUP">
<kw name="Open Browser" library="SeleniumLibrary">
<arg>about:blank</arg>
<arg>${BROWSER}</arg>
<doc>Opens a new browser instance to the optional ``url``.</doc>
<msg timestamp="20220406 18:27:07.706" level="INFO">Opening browser 'chrome' to base url 'about:blank'.</msg>
<status status="PASS" starttime="20220406 18:27:07.705" endtime="20220406 18:27:09.338"/>
</kw>
<kw name="Maximize Browser Window" library="SeleniumLibrary">
<doc>Maximizes current browser window.</doc>
<status status="PASS" starttime="20220406 18:27:09.338" endtime="20220406 18:27:09.468"/>
</kw>
<kw name="Go To" library="SeleniumLibrary">
<arg>${URL_ADMIN_PORTAL}</arg>
<doc>Navigates the current browser window to the provided ``url``.</doc>
<msg timestamp="20220406 18:27:09.469" level="INFO">Opening url 'https://admin-test.mapiq-universe.com/#'</msg>
<status status="PASS" starttime="20220406 18:27:09.469" endtime="20220406 18:27:11.283"/>
</kw>
<status status="PASS" starttime="20220406 18:27:07.705" endtime="20220406 18:27:11.283"/>
</kw>
<kw name="Analytics Viewer Admin Login" library="AdminPortalPage">
<kw name="Analytics Viewer Admin logs in" library="LandingAdminPortal">
<kw name="Click Button" library="SeleniumLibrary">
<arg>${admin_portal_first_sign_in_button}</arg>
<doc>Clicks the button identified by ``locator``.</doc>
<msg timestamp="20220406 18:27:11.285" level="INFO">Clicking button '//body/log-in[@class='Body Login-body']//button[@class='MpqButton']'.</msg>
<status status="PASS" starttime="20220406 18:27:11.285" endtime="20220406 18:27:11.361"/>
</kw>
<kw name="Wait Until Element Is Visible" library="SeleniumLibrary">
<arg>${admin_portal_continue_button}</arg>
<doc>Waits until the element ``locator`` is visible.</doc>
<status status="PASS" starttime="20220406 18:27:11.361" endtime="20220406 18:27:13.817"/>
</kw>
<kw name="Input Text" library="SeleniumLibrary">
<arg>${admin_portal_email_address_field}</arg>
<arg>${analytics_viewer_email}</arg>
<doc>Types the given ``text`` into the text field identified by ``locator``.</doc>
<msg timestamp="20220406 18:27:13.818" level="INFO">Typing text 'qa_analytics_viewer@test1.mapiq.net' into text field 'id=signInName'.</msg>
<status status="PASS" starttime="20220406 18:27:13.818" endtime="20220406 18:27:13.943"/>
</kw>
<kw name="Click Button" library="SeleniumLibrary">
<arg>${admin_portal_continue_button}</arg>
<doc>Clicks the button identified by ``locator``.</doc>
<msg timestamp="20220406 18:27:13.944" level="INFO">Clicking button 'xpath:/html//button[@id='continue']'.</msg>
<status status="PASS" starttime="20220406 18:27:13.944" endtime="20220406 18:27:14.541"/>
</kw>
<kw name="Wait Until Element Is Visible" library="SeleniumLibrary">
<arg>${admin_portal_second_sign_in_button}</arg>
<doc>Waits until the element ``locator`` is visible.</doc>
<status status="PASS" starttime="20220406 18:27:14.541" endtime="20220406 18:27:14.786"/>
</kw>
<kw name="Input Text" library="SeleniumLibrary">
<arg>${admin_portal_password_field}</arg>
<arg>${analytics_viewer_password}</arg>
<doc>Types the given ``text`` into the text field identified by ``locator``.</doc>
<msg timestamp="20220406 18:27:14.787" level="INFO">Typing text 'QA-Analyt1cs-V1ewer' into text field 'xpath:/html//input[@id='password']'.</msg>
<status status="PASS" starttime="20220406 18:27:14.787" endtime="20220406 18:27:14.889"/>
</kw>
<kw name="Click Button" library="SeleniumLibrary">
<arg>${admin_portal_second_sign_in_button}</arg>
<doc>Clicks the button identified by ``locator``.</doc>
<msg timestamp="20220406 18:27:14.890" level="INFO">Clicking button 'xpath:/html//button[@id='next']'.</msg>
<status status="PASS" starttime="20220406 18:27:14.889" endtime="20220406 18:27:14.935"/>
</kw>
<kw name="Wait Until Element Is Visible" library="SeleniumLibrary">
<arg>${admin_portal_header_title}</arg>
<doc>Waits until the element ``locator`` is visible.</doc>
<status status="PASS" starttime="20220406 18:27:14.935" endtime="20220406 18:27:18.130"/>
</kw>
<status status="PASS" starttime="20220406 18:27:11.285" endtime="20220406 18:27:18.130"/>
</kw>
<status status="PASS" starttime="20220406 18:27:11.284" endtime="20220406 18:27:18.130"/>
</kw>
<kw name="End Web Test" library="SetupTeardown" type="TEARDOWN">
<kw name="Close All Browsers" library="SeleniumLibrary">
<doc>Closes all open browsers and resets the browser cache.</doc>
<status status="PASS" starttime="20220406 18:27:18.131" endtime="20220406 18:27:20.439"/>
</kw>
<status status="PASS" starttime="20220406 18:27:18.131" endtime="20220406 18:27:20.439"/>
</kw>
<status status="PASS" starttime="20220406 18:27:07.704" endtime="20220406 18:27:20.440"/>
</test>
<test id="s1-s1-s1-t2" name="Analytics Viewer Admin can see only Analytics tab">
<kw name="Begin Web Test Admin portal" library="SetupTeardown" type="SETUP">
<kw name="Open Browser" library="SeleniumLibrary">
<arg>about:blank</arg>
<arg>${BROWSER}</arg>
<doc>Opens a new browser instance to the optional ``url``.</doc>
<msg timestamp="20220406 18:27:20.443" level="INFO">Opening browser 'chrome' to base url 'about:blank'.</msg>
<status status="PASS" starttime="20220406 18:27:20.443" endtime="20220406 18:27:21.879"/>
</kw>
<kw name="Maximize Browser Window" library="SeleniumLibrary">
<doc>Maximizes current browser window.</doc>
<status status="PASS" starttime="20220406 18:27:21.879" endtime="20220406 18:27:22.005"/>
</kw>
<kw name="Go To" library="SeleniumLibrary">
<arg>${URL_ADMIN_PORTAL}</arg>
<doc>Navigates the current browser window to the provided ``url``.</doc>
<msg timestamp="20220406 18:27:22.006" level="INFO">Opening url 'https://admin-test.mapiq-universe.com/#'</msg>
<status status="PASS" starttime="20220406 18:27:22.005" endtime="20220406 18:27:23.427"/>
</kw>
<status status="PASS" starttime="20220406 18:27:20.442" endtime="20220406 18:27:23.427"/>
</kw>
<kw name="Analytics Viewer Admin Login" library="AdminPortalPage">
<kw name="Analytics Viewer Admin logs in" library="LandingAdminPortal">
<kw name="Click Button" library="SeleniumLibrary">
<arg>${admin_portal_first_sign_in_button}</arg>
<doc>Clicks the button identified by ``locator``.</doc>
<msg timestamp="20220406 18:27:23.430" level="INFO">Clicking button '//body/log-in[@class='Body Login-body']//button[@class='MpqButton']'.</msg>
<status status="PASS" starttime="20220406 18:27:23.429" endtime="20220406 18:27:23.511"/>
</kw>
<kw name="Wait Until Element Is Visible" library="SeleniumLibrary">
<arg>${admin_portal_continue_button}</arg>
<doc>Waits until the element ``locator`` is visible.</doc>
<status status="PASS" starttime="20220406 18:27:23.511" endtime="20220406 18:27:25.061"/>
</kw>
<kw name="Input Text" library="SeleniumLibrary">
<arg>${admin_portal_email_address_field}</arg>
<arg>${analytics_viewer_email}</arg>
<doc>Types the given ``text`` into the text field identified by ``locator``.</doc>
<msg timestamp="20220406 18:27:25.062" level="INFO">Typing text 'qa_analytics_viewer@test1.mapiq.net' into text field 'id=signInName'.</msg>
<status status="PASS" starttime="20220406 18:27:25.061" endtime="20220406 18:27:25.218"/>
</kw>
<kw name="Click Button" library="SeleniumLibrary">
<arg>${admin_portal_continue_button}</arg>
<doc>Clicks the button identified by ``locator``.</doc>
<msg timestamp="20220406 18:27:25.219" level="INFO">Clicking button 'xpath:/html//button[@id='continue']'.</msg>
<status status="PASS" starttime="20220406 18:27:25.218" endtime="20220406 18:27:25.850"/>
</kw>
<kw name="Wait Until Element Is Visible" library="SeleniumLibrary">
<arg>${admin_portal_second_sign_in_button}</arg>
<doc>Waits until the element ``locator`` is visible.</doc>
<status status="PASS" starttime="20220406 18:27:25.850" endtime="20220406 18:27:26.093"/>
</kw>
<kw name="Input Text" library="SeleniumLibrary">
<arg>${admin_portal_password_field}</arg>
<arg>${analytics_viewer_password}</arg>
<doc>Types the given ``text`` into the text field identified by ``locator``.</doc>
<msg timestamp="20220406 18:27:26.093" level="INFO">Typing text 'QA-Analyt1cs-V1ewer' into text field 'xpath:/html//input[@id='password']'.</msg>
<status status="PASS" starttime="20220406 18:27:26.093" endtime="20220406 18:27:26.228"/>
</kw>
<kw name="Click Button" library="SeleniumLibrary">
<arg>${admin_portal_second_sign_in_button}</arg>
<doc>Clicks the button identified by ``locator``.</doc>
<msg timestamp="20220406 18:27:26.228" level="INFO">Clicking button 'xpath:/html//button[@id='next']'.</msg>
<status status="PASS" starttime="20220406 18:27:26.228" endtime="20220406 18:27:26.280"/>
</kw>
<kw name="Wait Until Element Is Visible" library="SeleniumLibrary">
<arg>${admin_portal_header_title}</arg>
<doc>Waits until the element ``locator`` is visible.</doc>
<status status="PASS" starttime="20220406 18:27:26.280" endtime="20220406 18:27:28.933"/>
</kw>
<status status="PASS" starttime="20220406 18:27:23.429" endtime="20220406 18:27:28.933"/>
</kw>
<status status="PASS" starttime="20220406 18:27:23.428" endtime="20220406 18:27:28.933"/>
</kw>
<kw name="Analytics Viewer has Permissions to see only Analytics tab" library="AdminPortalPage">
<kw name="Analytics Viewer see Analytics tab only" library="AdminPortalTabs">
<kw name="Wait Until Element Is Not Visible" library="SeleniumLibrary">
<arg>${home_tab_button}</arg>
<doc>Waits until the element ``locator`` is not visible.</doc>
<status status="PASS" starttime="20220406 18:27:28.934" endtime="20220406 18:27:28.945"/>
</kw>
<kw name="Wait Until Element Is Not Visible" library="SeleniumLibrary">
<arg>${shifts_tab_button}</arg>
<doc>Waits until the element ``locator`` is not visible.</doc>
<status status="PASS" starttime="20220406 18:27:28.945" endtime="20220406 18:27:28.956"/>
</kw>
<kw name="Wait Until Element Is Not Visible" library="SeleniumLibrary">
<arg>${buildings_tab_button}</arg>
<doc>Waits until the element ``locator`` is not visible.</doc>
<status status="PASS" starttime="20220406 18:27:28.956" endtime="20220406 18:27:28.966"/>
</kw>
<kw name="Wait Until Element Is Not Visible" library="SeleniumLibrary">
<arg>${people_tab_button}</arg>
<doc>Waits until the element ``locator`` is not visible.</doc>
<status status="PASS" starttime="20220406 18:27:28.967" endtime="20220406 18:27:28.974"/>
</kw>
<kw name="Wait Until Element Is Not Visible" library="SeleniumLibrary">
<arg>${access_tab_button}</arg>
<doc>Waits until the element ``locator`` is not visible.</doc>
<status status="PASS" starttime="20220406 18:27:28.975" endtime="20220406 18:27:28.985"/>
</kw>
<kw name="Wait Until Element Is Visible" library="SeleniumLibrary">
<arg>${analytics_tab_button}</arg>
<doc>Waits until the element ``locator`` is visible.</doc>
<status status="PASS" starttime="20220406 18:27:28.985" endtime="20220406 18:27:32.449"/>
</kw>
<kw name="Wait Until Element Is Not Visible" library="SeleniumLibrary">
<arg>${settings_tab_button}</arg>
<doc>Waits until the element ``locator`` is not visible.</doc>
<status status="PASS" starttime="20220406 18:27:32.449" endtime="20220406 18:27:32.458"/>
</kw>
<status status="PASS" starttime="20220406 18:27:28.934" endtime="20220406 18:27:32.458"/>
</kw>
<status status="PASS" starttime="20220406 18:27:28.934" endtime="20220406 18:27:32.458"/>
</kw>
<kw name="End Web Test" library="SetupTeardown" type="TEARDOWN">
<kw name="Close All Browsers" library="SeleniumLibrary">
<doc>Closes all open browsers and resets the browser cache.</doc>
<status status="PASS" starttime="20220406 18:27:32.459" endtime="20220406 18:27:34.787"/>
</kw>
<status status="PASS" starttime="20220406 18:27:32.459" endtime="20220406 18:27:34.787"/>
</kw>
<status status="PASS" starttime="20220406 18:27:20.441" endtime="20220406 18:27:34.787"/>
</test>
<doc>Tests for a Shift Assistans Admin
To run these tests, enter the "Tests" folder (cd Tests) and enter "robot -d results AdminPortal.robot/AnalyticsViewerAdmin.robot" in the Terminal</doc>
<status status="PASS" starttime="20220406 18:27:07.416" endtime="20220406 18:27:34.790"/>
</suite>
<suite id="s1-s1-s2" name="BuildingAdmin" source="C:\Users\d.nedeljkov\Desktop\Mapiq One Automation\Tests\AdminPortal.robot\BuildingAdmin.robot">
<test id="s1-s1-s2-t1" name="Login into the Admin Portal as a Building Admin">
<kw name="Begin Web Test Admin portal" library="SetupTeardown" type="SETUP">
<kw name="Open Browser" library="SeleniumLibrary">
<arg>about:blank</arg>
<arg>${BROWSER}</arg>
<doc>Opens a new browser instance to the optional ``url``.</doc>
<msg timestamp="20220406 18:27:34.806" level="INFO">Opening browser 'chrome' to base url 'about:blank'.</msg>
<status status="PASS" starttime="20220406 18:27:34.806" endtime="20220406 18:27:36.195"/>
</kw>
<kw name="Maximize Browser Window" library="SeleniumLibrary">
<doc>Maximizes current browser window.</doc>
<status status="PASS" starttime="20220406 18:27:36.195" endtime="20220406 18:27:36.322"/>
</kw>
<kw name="Go To" library="SeleniumLibrary">
<arg>${URL_ADMIN_PORTAL}</arg>
<doc>Navigates the current browser window to the provided ``url``.</doc>
<msg timestamp="20220406 18:27:36.323" level="INFO">Opening url 'https://admin-test.mapiq-universe.com/#'</msg>
<status status="PASS" starttime="20220406 18:27:36.322" endtime="20220406 18:27:38.074"/>
</kw>
<status status="PASS" starttime="20220406 18:27:34.804" endtime="20220406 18:27:38.074"/>
</kw>
<kw name="Building Admin Login" library="AdminPortalPage">
<kw name="Building Admin logs in" library="LandingAdminPortal">
<kw name="Click Button" library="SeleniumLibrary">
<arg>${admin_portal_first_sign_in_button}</arg>
<doc>Clicks the button identified by ``locator``.</doc>
<msg timestamp="20220406 18:27:38.076" level="INFO">Clicking button '//body/log-in[@class='Body Login-body']//button[@class='MpqButton']'.</msg>
<status status="PASS" starttime="20220406 18:27:38.075" endtime="20220406 18:27:38.139"/>
</kw>
<kw name="Wait Until Element Is Visible" library="SeleniumLibrary">
<arg>${admin_portal_continue_button}</arg>
<doc>Waits until the element ``locator`` is visible.</doc>
<status status="PASS" starttime="20220406 18:27:38.139" endtime="20220406 18:27:39.558"/>
</kw>
<kw name="Input Text" library="SeleniumLibrary">
<arg>${admin_portal_email_address_field}</arg>
<arg>${building_admin_email}</arg>
<doc>Types the given ``text`` into the text field identified by ``locator``.</doc>
<msg timestamp="20220406 18:27:39.559" level="INFO">Typing text 'qa_building_admin@test1.mapiq.net' into text field 'id=signInName'.</msg>
<status status="PASS" starttime="20220406 18:27:39.558" endtime="20220406 18:27:39.752"/>
</kw>
<kw name="Click Button" library="SeleniumLibrary">
<arg>${admin_portal_continue_button}</arg>
<doc>Clicks the button identified by ``locator``.</doc>
<msg timestamp="20220406 18:27:39.752" level="INFO">Clicking button 'xpath:/html//button[@id='continue']'.</msg>
<status status="PASS" starttime="20220406 18:27:39.752" endtime="20220406 18:27:40.228"/>
</kw>
<kw name="Wait Until Element Is Visible" library="SeleniumLibrary">
<arg>${admin_portal_second_sign_in_button}</arg>
<doc>Waits until the element ``locator`` is visible.</doc>
<status status="PASS" starttime="20220406 18:27:40.229" endtime="20220406 18:27:40.463"/>
</kw>
<kw name="Input Text" library="SeleniumLibrary">
<arg>${admin_portal_password_field}</arg>
<arg>${building_admin_password}</arg>
<doc>Types the given ``text`` into the text field identified by ``locator``.</doc>
<msg timestamp="20220406 18:27:40.464" level="INFO">Typing text 'QA-Bu1ld1ng-Adm1n' into text field 'xpath:/html//input[@id='password']'.</msg>
<status status="PASS" starttime="20220406 18:27:40.463" endtime="20220406 18:27:40.579"/>
</kw>
<kw name="Click Button" library="SeleniumLibrary">
<arg>${admin_portal_second_sign_in_button}</arg>
<doc>Clicks the button identified by ``locator``.</doc>
<msg timestamp="20220406 18:27:40.579" level="INFO">Clicking button 'xpath:/html//button[@id='next']'.</msg>
<status status="PASS" starttime="20220406 18:27:40.579" endtime="20220406 18:27:40.626"/>
</kw>
<kw name="Wait Until Element Is Visible" library="SeleniumLibrary">
<arg>${admin_portal_header_title}</arg>
<doc>Waits until the element ``locator`` is visible.</doc>
<status status="PASS" starttime="20220406 18:27:40.626" endtime="20220406 18:27:43.026"/>
</kw>
<status status="PASS" starttime="20220406 18:27:38.075" endtime="20220406 18:27:43.027"/>
</kw>
<status status="PASS" starttime="20220406 18:27:38.075" endtime="20220406 18:27:43.027"/>
</kw>
<kw name="End Web Test" library="SetupTeardown" type="TEARDOWN">
<kw name="Close All Browsers" library="SeleniumLibrary">
<doc>Closes all open browsers and resets the browser cache.</doc>
<status status="PASS" starttime="20220406 18:27:43.029" endtime="20220406 18:27:45.350"/>
</kw>
<status status="PASS" starttime="20220406 18:27:43.028" endtime="20220406 18:27:45.350"/>
</kw>
<status status="PASS" starttime="20220406 18:27:34.804" endtime="20220406 18:27:45.351"/>
</test>
<test id="s1-s1-s2-t2" name="Building Admin Permissions">
<kw name="Begin Web Test Admin portal" library="SetupTeardown" type="SETUP">
<kw name="Open Browser" library="SeleniumLibrary">
<arg>about:blank</arg>
<arg>${BROWSER}</arg>
<doc>Opens a new browser instance to the optional ``url``.</doc>
<msg timestamp="20220406 18:27:45.354" level="INFO">Opening browser 'chrome' to base url 'about:blank'.</msg>
<status status="PASS" starttime="20220406 18:27:45.353" endtime="20220406 18:27:46.776"/>
</kw>
<kw name="Maximize Browser Window" library="SeleniumLibrary">
<doc>Maximizes current browser window.</doc>
<status status="PASS" starttime="20220406 18:27:46.776" endtime="20220406 18:27:46.917"/>
</kw>
<kw name="Go To" library="SeleniumLibrary">
<arg>${URL_ADMIN_PORTAL}</arg>
<doc>Navigates the current browser window to the provided ``url``.</doc>
<msg timestamp="20220406 18:27:46.917" level="INFO">Opening url 'https://admin-test.mapiq-universe.com/#'</msg>
<status status="PASS" starttime="20220406 18:27:46.917" endtime="20220406 18:27:48.291"/>
</kw>
<status status="PASS" starttime="20220406 18:27:45.353" endtime="20220406 18:27:48.292"/>
</kw>
<kw name="Building Admin Login" library="AdminPortalPage">
<kw name="Building Admin logs in" library="LandingAdminPortal">
<kw name="Click Button" library="SeleniumLibrary">
<arg>${admin_portal_first_sign_in_button}</arg>
<doc>Clicks the button identified by ``locator``.</doc>
<msg timestamp="20220406 18:27:48.293" level="INFO">Clicking button '//body/log-in[@class='Body Login-body']//button[@class='MpqButton']'.</msg>
<status status="PASS" starttime="20220406 18:27:48.293" endtime="20220406 18:27:48.373"/>
</kw>
<kw name="Wait Until Element Is Visible" library="SeleniumLibrary">
<arg>${admin_portal_continue_button}</arg>
<doc>Waits until the element ``locator`` is visible.</doc>
<status status="PASS" starttime="20220406 18:27:48.373" endtime="20220406 18:27:51.544"/>
</kw>
<kw name="Input Text" library="SeleniumLibrary">
<arg>${admin_portal_email_address_field}</arg>
<arg>${building_admin_email}</arg>
<doc>Types the given ``text`` into the text field identified by ``locator``.</doc>
<msg timestamp="20220406 18:27:51.544" level="INFO">Typing text 'qa_building_admin@test1.mapiq.net' into text field 'id=signInName'.</msg>
<status status="PASS" starttime="20220406 18:27:51.544" endtime="20220406 18:27:51.688"/>
</kw>
<kw name="Click Button" library="SeleniumLibrary">
<arg>${admin_portal_continue_button}</arg>
<doc>Clicks the button identified by ``locator``.</doc>
<msg timestamp="20220406 18:27:51.689" level="INFO">Clicking button 'xpath:/html//button[@id='continue']'.</msg>
<status status="PASS" starttime="20220406 18:27:51.688" endtime="20220406 18:27:51.743"/>
</kw>
<kw name="Wait Until Element Is Visible" library="SeleniumLibrary">
<arg>${admin_portal_second_sign_in_button}</arg>
<doc>Waits until the element ``locator`` is visible.</doc>
<status status="PASS" starttime="20220406 18:27:51.744" endtime="20220406 18:27:52.486"/>
</kw>
<kw name="Input Text" library="SeleniumLibrary">
<arg>${admin_portal_password_field}</arg>
<arg>${building_admin_password}</arg>
<doc>Types the given ``text`` into the text field identified by ``locator``.</doc>
<msg timestamp="20220406 18:27:52.487" level="INFO">Typing text 'QA-Bu1ld1ng-Adm1n' into text field 'xpath:/html//input[@id='password']'.</msg>
<status status="PASS" starttime="20220406 18:27:52.487" endtime="20220406 18:27:52.583"/>
</kw>
<kw name="Click Button" library="SeleniumLibrary">
<arg>${admin_portal_second_sign_in_button}</arg>
<doc>Clicks the button identified by ``locator``.</doc>
<msg timestamp="20220406 18:27:52.583" level="INFO">Clicking button 'xpath:/html//button[@id='next']'.</msg>
<status status="PASS" starttime="20220406 18:27:52.583" endtime="20220406 18:27:52.628"/>
</kw>
<kw name="Wait Until Element Is Visible" library="SeleniumLibrary">
<arg>${admin_portal_header_title}</arg>
<doc>Waits until the element ``locator`` is visible.</doc>
<status status="PASS" starttime="20220406 18:27:52.629" endtime="20220406 18:27:55.255"/>
</kw>
<status status="PASS" starttime="20220406 18:27:48.293" endtime="20220406 18:27:55.255"/>
</kw>
<status status="PASS" starttime="20220406 18:27:48.292" endtime="20220406 18:27:55.255"/>
</kw>
<kw name="Building Admin has Permissions to see all tabs" library="AdminPortalPage">
<kw name="Building Admin can see all tabs" library="AdminPortalTabs">
<kw name="Wait Until Element Is Visible" library="SeleniumLibrary">
<arg>${home_tab_button}</arg>
<doc>Waits until the element ``locator`` is visible.</doc>
<msg timestamp="20220406 18:28:00.600" level="INFO" html="true">&lt;/td&gt;&lt;/tr&gt;&lt;tr&gt;&lt;td colspan="3"&gt;&lt;a href="selenium-screenshot-37.png"&gt;&lt;img src="selenium-screenshot-37.png" width="800px"&gt;&lt;/a&gt;</msg>
<msg timestamp="20220406 18:28:00.605" level="FAIL">Element 'xpath=//button[contains(.,'Home')]' not visible after 5 seconds.</msg>
<status status="FAIL" starttime="20220406 18:27:55.257" endtime="20220406 18:28:00.605"/>
</kw>
<kw name="Wait Until Element Is Visible" library="SeleniumLibrary">
<arg>${shifts_tab_button}</arg>
<doc>Waits until the element ``locator`` is visible.</doc>
<status status="NOT RUN" starttime="20220406 18:28:00.605" endtime="20220406 18:28:00.605"/>
</kw>
<kw name="Wait Until Element Is Visible" library="SeleniumLibrary">
<arg>${buildings_tab_button}</arg>
<doc>Waits until the element ``locator`` is visible.</doc>
<status status="NOT RUN" starttime="20220406 18:28:00.605" endtime="20220406 18:28:00.605"/>
</kw>
<kw name="Wait Until Element Is Visible" library="SeleniumLibrary">
<arg>${people_tab_button}</arg>
<doc>Waits until the element ``locator`` is visible.</doc>
<status status="NOT RUN" starttime="20220406 18:28:00.605" endtime="20220406 18:28:00.605"/>
</kw>
<kw name="Wait Until Element Is Visible" library="SeleniumLibrary">
<arg>${access_tab_button}</arg>
<doc>Waits until the element ``locator`` is visible.</doc>
<status status="NOT RUN" starttime="20220406 18:28:00.605" endtime="20220406 18:28:00.605"/>
</kw>
<kw name="Wait Until Element Is Visible" library="SeleniumLibrary">
<arg>${analytics_tab_button}</arg>
<doc>Waits until the element ``locator`` is visible.</doc>
<status status="NOT RUN" starttime="20220406 18:28:00.606" endtime="20220406 18:28:00.606"/>
</kw>
<kw name="Wait Until Element Is Visible" library="SeleniumLibrary">
<arg>${settings_tab_button}</arg>
<doc>Waits until the element ``locator`` is visible.</doc>
<status status="NOT RUN" starttime="20220406 18:28:00.606" endtime="20220406 18:28:00.606"/>
</kw>
<status status="FAIL" starttime="20220406 18:27:55.256" endtime="20220406 18:28:00.606"/>
</kw>
<status status="FAIL" starttime="20220406 18:27:55.256" endtime="20220406 18:28:00.607"/>
</kw>
<kw name="End Web Test" library="SetupTeardown" type="TEARDOWN">
<kw name="Close All Browsers" library="SeleniumLibrary">
<doc>Closes all open browsers and resets the browser cache.</doc>
<status status="PASS" starttime="20220406 18:28:00.608" endtime="20220406 18:28:03.491"/>
</kw>
<status status="PASS" starttime="20220406 18:28:00.608" endtime="20220406 18:28:03.491"/>
</kw>
<status status="FAIL" starttime="20220406 18:27:45.352" endtime="20220406 18:28:03.492">Element 'xpath=//button[contains(.,'Home')]' not visible after 5 seconds.</status>
</test>
<doc>Tests for a Building Admin
To run these tests, enter the "Tests" folder (cd Tests) and enter "robot -d results AdminPortal.robot/BuildingAdmin.robot" in the Terminal</doc>
<status status="FAIL" starttime="20220406 18:27:34.791" endtime="20220406 18:28:03.494"/>
</suite>
<suite id="s1-s1-s3" name="ShiftAdmin" source="C:\Users\d.nedeljkov\Desktop\Mapiq One Automation\Tests\AdminPortal.robot\ShiftAdmin.robot">
<test id="s1-s1-s3-t1" name="Login into the Admin Portal as a Shift Admin">
<kw name="Begin Web Test Admin portal" library="SetupTeardown" type="SETUP">
<kw name="Open Browser" library="SeleniumLibrary">
<arg>about:blank</arg>
<arg>${BROWSER}</arg>
<doc>Opens a new browser instance to the optional ``url``.</doc>
<msg timestamp="20220406 18:28:03.510" level="INFO">Opening browser 'chrome' to base url 'about:blank'.</msg>
<status status="PASS" starttime="20220406 18:28:03.509" endtime="20220406 18:28:04.832"/>
</kw>
<kw name="Maximize Browser Window" library="SeleniumLibrary">
<doc>Maximizes current browser window.</doc>
<status status="PASS" starttime="20220406 18:28:04.833" endtime="20220406 18:28:04.967"/>
</kw>
<kw name="Go To" library="SeleniumLibrary">
<arg>${URL_ADMIN_PORTAL}</arg>
<doc>Navigates the current browser window to the provided ``url``.</doc>
<msg timestamp="20220406 18:28:04.968" level="INFO">Opening url 'https://admin-test.mapiq-universe.com/#'</msg>
<status status="PASS" starttime="20220406 18:28:04.967" endtime="20220406 18:28:06.483"/>
</kw>
<status status="PASS" starttime="20220406 18:28:03.509" endtime="20220406 18:28:06.483"/>
</kw>
<kw name="Shift Admin Login" library="AdminPortalPage">
<kw name="Shift Admin logs in" library="LandingAdminPortal">
<kw name="Click Button" library="SeleniumLibrary">
<arg>${admin_portal_first_sign_in_button}</arg>
<doc>Clicks the button identified by ``locator``.</doc>
<msg timestamp="20220406 18:28:06.485" level="INFO">Clicking button '//body/log-in[@class='Body Login-body']//button[@class='MpqButton']'.</msg>
<status status="PASS" starttime="20220406 18:28:06.485" endtime="20220406 18:28:06.554"/>
</kw>
<kw name="Wait Until Element Is Visible" library="SeleniumLibrary">
<arg>${admin_portal_continue_button}</arg>
<doc>Waits until the element ``locator`` is visible.</doc>
<status status="PASS" starttime="20220406 18:28:06.554" endtime="20220406 18:28:07.874"/>
</kw>
<kw name="Input Text" library="SeleniumLibrary">
<arg>${admin_portal_email_address_field}</arg>
<arg>${shift_admin_email}</arg>
<doc>Types the given ``text`` into the text field identified by ``locator``.</doc>
<msg timestamp="20220406 18:28:07.875" level="INFO">Typing text 'qa_shift_admin@test1.mapiq.net' into text field 'id=signInName'.</msg>
<status status="PASS" starttime="20220406 18:28:07.874" endtime="20220406 18:28:08.004"/>
</kw>
<kw name="Click Button" library="SeleniumLibrary">
<arg>${admin_portal_continue_button}</arg>
<doc>Clicks the button identified by ``locator``.</doc>
<msg timestamp="20220406 18:28:08.005" level="INFO">Clicking button 'xpath:/html//button[@id='continue']'.</msg>
<status status="PASS" starttime="20220406 18:28:08.005" endtime="20220406 18:28:08.521"/>
</kw>
<kw name="Wait Until Element Is Visible" library="SeleniumLibrary">
<arg>${admin_portal_second_sign_in_button}</arg>
<doc>Waits until the element ``locator`` is visible.</doc>
<status status="PASS" starttime="20220406 18:28:08.521" endtime="20220406 18:28:08.784"/>
</kw>
<kw name="Input Text" library="SeleniumLibrary">
<arg>${admin_portal_password_field}</arg>
<arg>${shift_admin_password}</arg>
<doc>Types the given ``text`` into the text field identified by ``locator``.</doc>
<msg timestamp="20220406 18:28:08.785" level="INFO">Typing text 'QA-Sh1ft-Adm1n' into text field 'xpath:/html//input[@id='password']'.</msg>
<status status="PASS" starttime="20220406 18:28:08.785" endtime="20220406 18:28:08.908"/>
</kw>
<kw name="Click Button" library="SeleniumLibrary">
<arg>${admin_portal_second_sign_in_button}</arg>
<doc>Clicks the button identified by ``locator``.</doc>
<msg timestamp="20220406 18:28:08.909" level="INFO">Clicking button 'xpath:/html//button[@id='next']'.</msg>
<status status="PASS" starttime="20220406 18:28:08.908" endtime="20220406 18:28:11.282"/>
</kw>
<kw name="Wait Until Element Is Visible" library="SeleniumLibrary">
<arg>${admin_portal_header_title}</arg>
<doc>Waits until the element ``locator`` is visible.</doc>
<status status="PASS" starttime="20220406 18:28:11.282" endtime="20220406 18:28:11.309"/>
</kw>
<status status="PASS" starttime="20220406 18:28:06.484" endtime="20220406 18:28:11.309"/>
</kw>
<status status="PASS" starttime="20220406 18:28:06.484" endtime="20220406 18:28:11.309"/>
</kw>
<kw name="End Web Test" library="SetupTeardown" type="TEARDOWN">
<kw name="Close All Browsers" library="SeleniumLibrary">
<doc>Closes all open browsers and resets the browser cache.</doc>
<status status="PASS" starttime="20220406 18:28:11.310" endtime="20220406 18:28:13.622"/>
</kw>
<status status="PASS" starttime="20220406 18:28:11.310" endtime="20220406 18:28:13.622"/>
</kw>
<status status="PASS" starttime="20220406 18:28:03.508" endtime="20220406 18:28:13.623"/>
</test>
<test id="s1-s1-s3-t2" name="Shift Admin Permissions">
<kw name="Begin Web Test Admin portal" library="SetupTeardown" type="SETUP">
<kw name="Open Browser" library="SeleniumLibrary">
<arg>about:blank</arg>
<arg>${BROWSER}</arg>
<doc>Opens a new browser instance to the optional ``url``.</doc>
<msg timestamp="20220406 18:28:13.626" level="INFO">Opening browser 'chrome' to base url 'about:blank'.</msg>
<status status="PASS" starttime="20220406 18:28:13.625" endtime="20220406 18:28:15.032"/>
</kw>
<kw name="Maximize Browser Window" library="SeleniumLibrary">
<doc>Maximizes current browser window.</doc>
<status status="PASS" starttime="20220406 18:28:15.032" endtime="20220406 18:28:15.159"/>
</kw>
<kw name="Go To" library="SeleniumLibrary">
<arg>${URL_ADMIN_PORTAL}</arg>
<doc>Navigates the current browser window to the provided ``url``.</doc>
<msg timestamp="20220406 18:28:15.160" level="INFO">Opening url 'https://admin-test.mapiq-universe.com/#'</msg>
<status status="PASS" starttime="20220406 18:28:15.159" endtime="20220406 18:28:16.342"/>
</kw>
<status status="PASS" starttime="20220406 18:28:13.625" endtime="20220406 18:28:16.342"/>
</kw>
<kw name="Shift Admin Login" library="AdminPortalPage">
<kw name="Shift Admin logs in" library="LandingAdminPortal">
<kw name="Click Button" library="SeleniumLibrary">
<arg>${admin_portal_first_sign_in_button}</arg>
<doc>Clicks the button identified by ``locator``.</doc>
<msg timestamp="20220406 18:28:16.344" level="INFO">Clicking button '//body/log-in[@class='Body Login-body']//button[@class='MpqButton']'.</msg>
<status status="PASS" starttime="20220406 18:28:16.344" endtime="20220406 18:28:16.408"/>
</kw>
<kw name="Wait Until Element Is Visible" library="SeleniumLibrary">
<arg>${admin_portal_continue_button}</arg>
<doc>Waits until the element ``locator`` is visible.</doc>
<status status="PASS" starttime="20220406 18:28:16.408" endtime="20220406 18:28:18.184"/>
</kw>
<kw name="Input Text" library="SeleniumLibrary">
<arg>${admin_portal_email_address_field}</arg>
<arg>${shift_admin_email}</arg>
<doc>Types the given ``text`` into the text field identified by ``locator``.</doc>
<msg timestamp="20220406 18:28:18.185" level="INFO">Typing text 'qa_shift_admin@test1.mapiq.net' into text field 'id=signInName'.</msg>
<status status="PASS" starttime="20220406 18:28:18.185" endtime="20220406 18:28:18.306"/>
</kw>
<kw name="Click Button" library="SeleniumLibrary">
<arg>${admin_portal_continue_button}</arg>
<doc>Clicks the button identified by ``locator``.</doc>
<msg timestamp="20220406 18:28:18.307" level="INFO">Clicking button 'xpath:/html//button[@id='continue']'.</msg>
<status status="PASS" starttime="20220406 18:28:18.306" endtime="20220406 18:28:18.900"/>
</kw>
<kw name="Wait Until Element Is Visible" library="SeleniumLibrary">
<arg>${admin_portal_second_sign_in_button}</arg>
<doc>Waits until the element ``locator`` is visible.</doc>
<status status="PASS" starttime="20220406 18:28:18.900" endtime="20220406 18:28:19.157"/>
</kw>
<kw name="Input Text" library="SeleniumLibrary">
<arg>${admin_portal_password_field}</arg>
<arg>${shift_admin_password}</arg>
<doc>Types the given ``text`` into the text field identified by ``locator``.</doc>
<msg timestamp="20220406 18:28:19.158" level="INFO">Typing text 'QA-Sh1ft-Adm1n' into text field 'xpath:/html//input[@id='password']'.</msg>
<status status="PASS" starttime="20220406 18:28:19.157" endtime="20220406 18:28:19.281"/>
</kw>
<kw name="Click Button" library="SeleniumLibrary">
<arg>${admin_portal_second_sign_in_button}</arg>
<doc>Clicks the button identified by ``locator``.</doc>
<msg timestamp="20220406 18:28:19.281" level="INFO">Clicking button 'xpath:/html//button[@id='next']'.</msg>
<status status="PASS" starttime="20220406 18:28:19.281" endtime="20220406 18:28:19.398"/>
</kw>
<kw name="Wait Until Element Is Visible" library="SeleniumLibrary">
<arg>${admin_portal_header_title}</arg>
<doc>Waits until the element ``locator`` is visible.</doc>
<status status="PASS" starttime="20220406 18:28:19.398" endtime="20220406 18:28:22.118"/>
</kw>
<status status="PASS" starttime="20220406 18:28:16.343" endtime="20220406 18:28:22.119"/>
</kw>
<status status="PASS" starttime="20220406 18:28:16.343" endtime="20220406 18:28:22.119"/>
</kw>
<kw name="Shift Admin has Permissions to see Home, Shifts, People, Access, Analytics, and Settings tabs but not Buildings tab" library="AdminPortalPage">
<kw name="Shift Admin can see Home, Shifts, People, Access, Analytics, and Settings tabs, but not Buildings tab" library="AdminPortalTabs">
<kw name="Wait Until Element Is Visible" library="SeleniumLibrary">
<arg>${home_tab_button}</arg>
<doc>Waits until the element ``locator`` is visible.</doc>
<status status="PASS" starttime="20220406 18:28:22.120" endtime="20220406 18:28:24.306"/>
</kw>
<kw name="Wait Until Element Is Visible" library="SeleniumLibrary">
<arg>${shifts_tab_button}</arg>
<doc>Waits until the element ``locator`` is visible.</doc>
<status status="PASS" starttime="20220406 18:28:24.306" endtime="20220406 18:28:24.324"/>
</kw>
<kw name="Wait Until Element Is Not Visible" library="SeleniumLibrary">
<arg>${buildings_tab_button}</arg>
<doc>Waits until the element ``locator`` is not visible.</doc>
<status status="PASS" starttime="20220406 18:28:24.324" endtime="20220406 18:28:24.333"/>
</kw>
<kw name="Wait Until Element Is Visible" library="SeleniumLibrary">
<arg>${people_tab_button}</arg>
<doc>Waits until the element ``locator`` is visible.</doc>
<status status="PASS" starttime="20220406 18:28:24.334" endtime="20220406 18:28:24.350"/>
</kw>
<kw name="Wait Until Element Is Visible" library="SeleniumLibrary">
<arg>${access_tab_button}</arg>
<doc>Waits until the element ``locator`` is visible.</doc>
<status status="PASS" starttime="20220406 18:28:24.350" endtime="20220406 18:28:24.369"/>
</kw>
<kw name="Wait Until Element Is Visible" library="SeleniumLibrary">
<arg>${analytics_tab_button}</arg>
<doc>Waits until the element ``locator`` is visible.</doc>
<status status="PASS" starttime="20220406 18:28:24.369" endtime="20220406 18:28:24.386"/>
</kw>
<kw name="Wait Until Element Is Visible" library="SeleniumLibrary">
<arg>${settings_tab_button}</arg>
<doc>Waits until the element ``locator`` is visible.</doc>
<status status="PASS" starttime="20220406 18:28:24.387" endtime="20220406 18:28:24.405"/>
</kw>
<status status="PASS" starttime="20220406 18:28:22.120" endtime="20220406 18:28:24.405"/>
</kw>
<status status="PASS" starttime="20220406 18:28:22.119" endtime="20220406 18:28:24.405"/>
</kw>
<kw name="End Web Test" library="SetupTeardown" type="TEARDOWN">
<kw name="Close All Browsers" library="SeleniumLibrary">
<doc>Closes all open browsers and resets the browser cache.</doc>
<status status="PASS" starttime="20220406 18:28:24.407" endtime="20220406 18:28:26.750"/>
</kw>
<status status="PASS" starttime="20220406 18:28:24.406" endtime="20220406 18:28:26.750"/>
</kw>
<status status="PASS" starttime="20220406 18:28:13.624" endtime="20220406 18:28:26.751"/>
</test>
<doc>Tests for a Shift Admin
To run these tests, enter the "Tests" folder (cd Tests) and enter "robot -d results AdminPortal.robot/ShiftAdmin.robot" in the Terminal</doc>
<status status="PASS" starttime="20220406 18:28:03.497" endtime="20220406 18:28:26.753"/>
</suite>
<suite id="s1-s1-s4" name="ShiftAssistantAdmin" source="C:\Users\d.nedeljkov\Desktop\Mapiq One Automation\Tests\AdminPortal.robot\ShiftAssistantAdmin.robot">
<test id="s1-s1-s4-t1" name="Login into the Admin Portal as a Shift Assistant Admin">
<kw name="Begin Web Test Admin portal" library="SetupTeardown" type="SETUP">
<kw name="Open Browser" library="SeleniumLibrary">
<arg>about:blank</arg>
<arg>${BROWSER}</arg>
<doc>Opens a new browser instance to the optional ``url``.</doc>
<msg timestamp="20220406 18:28:26.765" level="INFO">Opening browser 'chrome' to base url 'about:blank'.</msg>
<status status="PASS" starttime="20220406 18:28:26.765" endtime="20220406 18:28:28.161"/>
</kw>
<kw name="Maximize Browser Window" library="SeleniumLibrary">
<doc>Maximizes current browser window.</doc>
<status status="PASS" starttime="20220406 18:28:28.161" endtime="20220406 18:28:28.295"/>
</kw>
<kw name="Go To" library="SeleniumLibrary">
<arg>${URL_ADMIN_PORTAL}</arg>
<doc>Navigates the current browser window to the provided ``url``.</doc>
<msg timestamp="20220406 18:28:28.296" level="INFO">Opening url 'https://admin-test.mapiq-universe.com/#'</msg>
<status status="PASS" starttime="20220406 18:28:28.295" endtime="20220406 18:28:29.962"/>
</kw>
<status status="PASS" starttime="20220406 18:28:26.764" endtime="20220406 18:28:29.962"/>
</kw>
<kw name="Shift Assistant Admin Login" library="AdminPortalPage">
<kw name="Shift Assistant Admin logs in" library="LandingAdminPortal">
<kw name="Click Button" library="SeleniumLibrary">
<arg>${admin_portal_first_sign_in_button}</arg>
<doc>Clicks the button identified by ``locator``.</doc>
<msg timestamp="20220406 18:28:29.964" level="INFO">Clicking button '//body/log-in[@class='Body Login-body']//button[@class='MpqButton']'.</msg>
<status status="PASS" starttime="20220406 18:28:29.964" endtime="20220406 18:28:30.026"/>
</kw>
<kw name="Wait Until Element Is Visible" library="SeleniumLibrary">
<arg>${admin_portal_continue_button}</arg>
<doc>Waits until the element ``locator`` is visible.</doc>
<status status="PASS" starttime="20220406 18:28:30.027" endtime="20220406 18:28:31.870"/>
</kw>
<kw name="Input Text" library="SeleniumLibrary">
<arg>${admin_portal_email_address_field}</arg>
<arg>${shift_assistant_email}</arg>
<doc>Types the given ``text`` into the text field identified by ``locator``.</doc>
<msg timestamp="20220406 18:28:31.871" level="INFO">Typing text 'qa_shift_assistant@test1.mapiq.net' into text field 'id=signInName'.</msg>
<status status="PASS" starttime="20220406 18:28:31.870" endtime="20220406 18:28:31.990"/>
</kw>
<kw name="Click Button" library="SeleniumLibrary">
<arg>${admin_portal_continue_button}</arg>
<doc>Clicks the button identified by ``locator``.</doc>
<msg timestamp="20220406 18:28:31.991" level="INFO">Clicking button 'xpath:/html//button[@id='continue']'.</msg>
<status status="PASS" starttime="20220406 18:28:31.990" endtime="20220406 18:28:32.561"/>
</kw>
<kw name="Wait Until Element Is Visible" library="SeleniumLibrary">
<arg>${admin_portal_second_sign_in_button}</arg>
<doc>Waits until the element ``locator`` is visible.</doc>
<status status="PASS" starttime="20220406 18:28:32.561" endtime="20220406 18:28:32.801"/>
</kw>
<kw name="Input Text" library="SeleniumLibrary">
<arg>${admin_portal_password_field}</arg>
<arg>${shift_assistant_password}</arg>
<doc>Types the given ``text`` into the text field identified by ``locator``.</doc>
<msg timestamp="20220406 18:28:32.802" level="INFO">Typing text 'QA-Sh1ft-Ass1stant' into text field 'xpath:/html//input[@id='password']'.</msg>
<status status="PASS" starttime="20220406 18:28:32.801" endtime="20220406 18:28:32.901"/>
</kw>
<kw name="Click Button" library="SeleniumLibrary">
<arg>${admin_portal_second_sign_in_button}</arg>
<doc>Clicks the button identified by ``locator``.</doc>
<msg timestamp="20220406 18:28:32.901" level="INFO">Clicking button 'xpath:/html//button[@id='next']'.</msg>
<status status="PASS" starttime="20220406 18:28:32.901" endtime="20220406 18:28:32.946"/>
</kw>
<kw name="Wait Until Element Is Visible" library="SeleniumLibrary">
<arg>${admin_portal_header_title}</arg>
<doc>Waits until the element ``locator`` is visible.</doc>
<status status="PASS" starttime="20220406 18:28:32.947" endtime="20220406 18:28:35.171"/>
</kw>
<status status="PASS" starttime="20220406 18:28:29.964" endtime="20220406 18:28:35.172"/>
</kw>
<status status="PASS" starttime="20220406 18:28:29.963" endtime="20220406 18:28:35.172"/>
</kw>
<kw name="End Web Test" library="SetupTeardown" type="TEARDOWN">
<kw name="Close All Browsers" library="SeleniumLibrary">
<doc>Closes all open browsers and resets the browser cache.</doc>
<status status="PASS" starttime="20220406 18:28:35.173" endtime="20220406 18:28:37.494"/>
</kw>
<status status="PASS" starttime="20220406 18:28:35.172" endtime="20220406 18:28:37.494"/>
</kw>
<status status="PASS" starttime="20220406 18:28:26.764" endtime="20220406 18:28:37.495"/>
</test>
<test id="s1-s1-s4-t2" name="Shift Assistant Admin Permissions">
<kw name="Begin Web Test Admin portal" library="SetupTeardown" type="SETUP">
<kw name="Open Browser" library="SeleniumLibrary">
<arg>about:blank</arg>
<arg>${BROWSER}</arg>
<doc>Opens a new browser instance to the optional ``url``.</doc>
<msg timestamp="20220406 18:28:37.498" level="INFO">Opening browser 'chrome' to base url 'about:blank'.</msg>
<status status="PASS" starttime="20220406 18:28:37.497" endtime="20220406 18:28:38.868"/>
</kw>
<kw name="Maximize Browser Window" library="SeleniumLibrary">
<doc>Maximizes current browser window.</doc>
<status status="PASS" starttime="20220406 18:28:38.868" endtime="20220406 18:28:38.995"/>
</kw>
<kw name="Go To" library="SeleniumLibrary">
<arg>${URL_ADMIN_PORTAL}</arg>
<doc>Navigates the current browser window to the provided ``url``.</doc>
<msg timestamp="20220406 18:28:38.995" level="INFO">Opening url 'https://admin-test.mapiq-universe.com/#'</msg>
<status status="PASS" starttime="20220406 18:28:38.995" endtime="20220406 18:28:40.432"/>
</kw>
<status status="PASS" starttime="20220406 18:28:37.497" endtime="20220406 18:28:40.433"/>
</kw>
<kw name="Shift Assistant Admin Login" library="AdminPortalPage">
<kw name="Shift Assistant Admin logs in" library="LandingAdminPortal">
<kw name="Click Button" library="SeleniumLibrary">
<arg>${admin_portal_first_sign_in_button}</arg>
<doc>Clicks the button identified by ``locator``.</doc>
<msg timestamp="20220406 18:28:40.435" level="INFO">Clicking button '//body/log-in[@class='Body Login-body']//button[@class='MpqButton']'.</msg>
<status status="PASS" starttime="20220406 18:28:40.434" endtime="20220406 18:28:40.517"/>
</kw>
<kw name="Wait Until Element Is Visible" library="SeleniumLibrary">
<arg>${admin_portal_continue_button}</arg>
<doc>Waits until the element ``locator`` is visible.</doc>
<status status="PASS" starttime="20220406 18:28:40.518" endtime="20220406 18:28:42.050"/>
</kw>
<kw name="Input Text" library="SeleniumLibrary">
<arg>${admin_portal_email_address_field}</arg>
<arg>${shift_assistant_email}</arg>
<doc>Types the given ``text`` into the text field identified by ``locator``.</doc>
<msg timestamp="20220406 18:28:42.051" level="INFO">Typing text 'qa_shift_assistant@test1.mapiq.net' into text field 'id=signInName'.</msg>
<status status="PASS" starttime="20220406 18:28:42.050" endtime="20220406 18:28:42.224"/>
</kw>
<kw name="Click Button" library="SeleniumLibrary">
<arg>${admin_portal_continue_button}</arg>
<doc>Clicks the button identified by ``locator``.</doc>
<msg timestamp="20220406 18:28:42.224" level="INFO">Clicking button 'xpath:/html//button[@id='continue']'.</msg>
<status status="PASS" starttime="20220406 18:28:42.224" endtime="20220406 18:28:43.021"/>
</kw>
<kw name="Wait Until Element Is Visible" library="SeleniumLibrary">
<arg>${admin_portal_second_sign_in_button}</arg>
<doc>Waits until the element ``locator`` is visible.</doc>
<status status="PASS" starttime="20220406 18:28:43.021" endtime="20220406 18:28:43.257"/>
</kw>
<kw name="Input Text" library="SeleniumLibrary">
<arg>${admin_portal_password_field}</arg>
<arg>${shift_assistant_password}</arg>
<doc>Types the given ``text`` into the text field identified by ``locator``.</doc>
<msg timestamp="20220406 18:28:43.258" level="INFO">Typing text 'QA-Sh1ft-Ass1stant' into text field 'xpath:/html//input[@id='password']'.</msg>
<status status="PASS" starttime="20220406 18:28:43.257" endtime="20220406 18:28:43.356"/>
</kw>
<kw name="Click Button" library="SeleniumLibrary">
<arg>${admin_portal_second_sign_in_button}</arg>
<doc>Clicks the button identified by ``locator``.</doc>
<msg timestamp="20220406 18:28:43.356" level="INFO">Clicking button 'xpath:/html//button[@id='next']'.</msg>
<status status="PASS" starttime="20220406 18:28:43.356" endtime="20220406 18:28:43.398"/>
</kw>
<kw name="Wait Until Element Is Visible" library="SeleniumLibrary">
<arg>${admin_portal_header_title}</arg>
<doc>Waits until the element ``locator`` is visible.</doc>
<status status="PASS" starttime="20220406 18:28:43.399" endtime="20220406 18:28:45.827"/>
</kw>
<status status="PASS" starttime="20220406 18:28:40.434" endtime="20220406 18:28:45.828"/>
</kw>
<status status="PASS" starttime="20220406 18:28:40.434" endtime="20220406 18:28:45.828"/>
</kw>
<kw name="Shift Assistant Admin has Permissions to see Home, Shifts, People, and Settings tabs but not Buildings, Access, and Analytics tab" library="AdminPortalPage">
<kw name="Shift Assistant Admin see Home, Shifts, People, and Settings tabs but not Buildings, Access, and Analytics tab" library="AdminPortalTabs">
<kw name="Wait Until Element Is Visible" library="SeleniumLibrary">
<arg>${home_tab_button}</arg>
<doc>Waits until the element ``locator`` is visible.</doc>
<status status="PASS" starttime="20220406 18:28:45.829" endtime="20220406 18:28:48.236"/>
</kw>
<kw name="Wait Until Element Is Visible" library="SeleniumLibrary">
<arg>${shifts_tab_button}</arg>
<doc>Waits until the element ``locator`` is visible.</doc>
<status status="PASS" starttime="20220406 18:28:48.236" endtime="20220406 18:28:48.253"/>
</kw>
<kw name="Wait Until Element Is Not Visible" library="SeleniumLibrary">
<arg>${buildings_tab_button}</arg>
<doc>Waits until the element ``locator`` is not visible.</doc>
<status status="PASS" starttime="20220406 18:28:48.254" endtime="20220406 18:28:48.263"/>
</kw>
<kw name="Wait Until Element Is Visible" library="SeleniumLibrary">
<arg>${people_tab_button}</arg>
<doc>Waits until the element ``locator`` is visible.</doc>
<status status="PASS" starttime="20220406 18:28:48.263" endtime="20220406 18:28:48.457"/>
</kw>
<kw name="Wait Until Element Is Not Visible" library="SeleniumLibrary">
<arg>${access_tab_button}</arg>
<doc>Waits until the element ``locator`` is not visible.</doc>
<status status="PASS" starttime="20220406 18:28:48.458" endtime="20220406 18:28:48.473"/>
</kw>
<kw name="Wait Until Element Is Not Visible" library="SeleniumLibrary">
<arg>${analytics_tab_button}</arg>
<doc>Waits until the element ``locator`` is not visible.</doc>
<status status="PASS" starttime="20220406 18:28:48.473" endtime="20220406 18:28:48.481"/>
</kw>
<kw name="Wait Until Element Is Visible" library="SeleniumLibrary">
<arg>${settings_tab_button}</arg>
<doc>Waits until the element ``locator`` is visible.</doc>
<status status="PASS" starttime="20220406 18:28:48.482" endtime="20220406 18:28:48.500"/>
</kw>
<status status="PASS" starttime="20220406 18:28:45.829" endtime="20220406 18:28:48.501"/>
</kw>
<status status="PASS" starttime="20220406 18:28:45.828" endtime="20220406 18:28:48.501"/>
</kw>
<kw name="End Web Test" library="SetupTeardown" type="TEARDOWN">
<kw name="Close All Browsers" library="SeleniumLibrary">
<doc>Closes all open browsers and resets the browser cache.</doc>
<status status="PASS" starttime="20220406 18:28:48.505" endtime="20220406 18:28:50.876"/>
</kw>
<status status="PASS" starttime="20220406 18:28:48.505" endtime="20220406 18:28:50.876"/>
</kw>
<status status="PASS" starttime="20220406 18:28:37.496" endtime="20220406 18:28:50.877"/>
</test>
<doc>Tests for a Shift Assistans Admin
To run these tests, enter the "Tests" folder (cd Tests) and enter "robot -d results AdminPortal.robot/ShiftAssistantAdmin.robot" in the Terminal</doc>
<status status="PASS" starttime="20220406 18:28:26.755" endtime="20220406 18:28:50.879"/>
</suite>
<suite id="s1-s1-s5" name="ShiftHostAdmin" source="C:\Users\d.nedeljkov\Desktop\Mapiq One Automation\Tests\AdminPortal.robot\ShiftHostAdmin.robot">
<test id="s1-s1-s5-t1" name="Login into the Admin Portal as a Shift Host Admin">
<kw name="Begin Web Test Admin portal" library="SetupTeardown" type="SETUP">
<kw name="Open Browser" library="SeleniumLibrary">
<arg>about:blank</arg>
<arg>${BROWSER}</arg>
<doc>Opens a new browser instance to the optional ``url``.</doc>
<msg timestamp="20220406 18:28:50.894" level="INFO">Opening browser 'chrome' to base url 'about:blank'.</msg>
<status status="PASS" starttime="20220406 18:28:50.894" endtime="20220406 18:28:52.216"/>
</kw>
<kw name="Maximize Browser Window" library="SeleniumLibrary">
<doc>Maximizes current browser window.</doc>
<status status="PASS" starttime="20220406 18:28:52.217" endtime="20220406 18:28:52.345"/>
</kw>
<kw name="Go To" library="SeleniumLibrary">
<arg>${URL_ADMIN_PORTAL}</arg>
<doc>Navigates the current browser window to the provided ``url``.</doc>
<msg timestamp="20220406 18:28:52.346" level="INFO">Opening url 'https://admin-test.mapiq-universe.com/#'</msg>
<status status="PASS" starttime="20220406 18:28:52.345" endtime="20220406 18:28:53.868"/>
</kw>
<status status="PASS" starttime="20220406 18:28:50.893" endtime="20220406 18:28:53.869"/>
</kw>
<kw name="Shift Host Admin Login" library="AdminPortalPage">
<kw name="Shift Host Admin logs in" library="LandingAdminPortal">
<kw name="Click Button" library="SeleniumLibrary">
<arg>${admin_portal_first_sign_in_button}</arg>
<doc>Clicks the button identified by ``locator``.</doc>
<msg timestamp="20220406 18:28:53.870" level="INFO">Clicking button '//body/log-in[@class='Body Login-body']//button[@class='MpqButton']'.</msg>
<status status="PASS" starttime="20220406 18:28:53.870" endtime="20220406 18:28:53.948"/>
</kw>
<kw name="Wait Until Element Is Visible" library="SeleniumLibrary">
<arg>${admin_portal_continue_button}</arg>
<doc>Waits until the element ``locator`` is visible.</doc>
<status status="PASS" starttime="20220406 18:28:53.949" endtime="20220406 18:28:55.435"/>
</kw>
<kw name="Input Text" library="SeleniumLibrary">
<arg>${admin_portal_email_address_field}</arg>
<arg>${shift_host_email}</arg>
<doc>Types the given ``text`` into the text field identified by ``locator``.</doc>
<msg timestamp="20220406 18:28:55.436" level="INFO">Typing text 'qa_shift_host@test1.mapiq.net' into text field 'id=signInName'.</msg>
<status status="PASS" starttime="20220406 18:28:55.436" endtime="20220406 18:28:55.587"/>
</kw>
<kw name="Click Button" library="SeleniumLibrary">
<arg>${admin_portal_continue_button}</arg>
<doc>Clicks the button identified by ``locator``.</doc>
<msg timestamp="20220406 18:28:55.587" level="INFO">Clicking button 'xpath:/html//button[@id='continue']'.</msg>
<status status="PASS" starttime="20220406 18:28:55.587" endtime="20220406 18:28:56.082"/>
</kw>
<kw name="Wait Until Element Is Visible" library="SeleniumLibrary">
<arg>${admin_portal_second_sign_in_button}</arg>
<doc>Waits until the element ``locator`` is visible.</doc>
<status status="PASS" starttime="20220406 18:28:56.082" endtime="20220406 18:28:56.323"/>
</kw>
<kw name="Input Text" library="SeleniumLibrary">
<arg>${admin_portal_password_field}</arg>
<arg>${shift_host_password}</arg>
<doc>Types the given ``text`` into the text field identified by ``locator``.</doc>
<msg timestamp="20220406 18:28:56.323" level="INFO">Typing text 'QA-Sh1ft-Host' into text field 'xpath:/html//input[@id='password']'.</msg>
<status status="PASS" starttime="20220406 18:28:56.323" endtime="20220406 18:28:56.420"/>
</kw>
<kw name="Click Button" library="SeleniumLibrary">
<arg>${admin_portal_second_sign_in_button}</arg>
<doc>Clicks the button identified by ``locator``.</doc>
<msg timestamp="20220406 18:28:56.420" level="INFO">Clicking button 'xpath:/html//button[@id='next']'.</msg>
<status status="PASS" starttime="20220406 18:28:56.420" endtime="20220406 18:28:56.467"/>
</kw>
<kw name="Wait Until Element Is Visible" library="SeleniumLibrary">
<arg>${admin_portal_header_title}</arg>
<doc>Waits until the element ``locator`` is visible.</doc>
<status status="PASS" starttime="20220406 18:28:56.467" endtime="20220406 18:28:59.302"/>
</kw>
<status status="PASS" starttime="20220406 18:28:53.870" endtime="20220406 18:28:59.302"/>
</kw>
<status status="PASS" starttime="20220406 18:28:53.869" endtime="20220406 18:28:59.302"/>
</kw>
<kw name="End Web Test" library="SetupTeardown" type="TEARDOWN">
<kw name="Close All Browsers" library="SeleniumLibrary">
<doc>Closes all open browsers and resets the browser cache.</doc>
<status status="PASS" starttime="20220406 18:28:59.303" endtime="20220406 18:29:01.643"/>
</kw>
<status status="PASS" starttime="20220406 18:28:59.303" endtime="20220406 18:29:01.643"/>
</kw>
<status status="PASS" starttime="20220406 18:28:50.892" endtime="20220406 18:29:01.644"/>
</test>
<test id="s1-s1-s5-t2" name="Shift Host Admin can see Home, Shifts, People, Access, Analytics, and Settings tabs but not Buildings tab">
<kw name="Begin Web Test Admin portal" library="SetupTeardown" type="SETUP">
<kw name="Open Browser" library="SeleniumLibrary">
<arg>about:blank</arg>
<arg>${BROWSER}</arg>
<doc>Opens a new browser instance to the optional ``url``.</doc>
<msg timestamp="20220406 18:29:01.647" level="INFO">Opening browser 'chrome' to base url 'about:blank'.</msg>
<status status="PASS" starttime="20220406 18:29:01.647" endtime="20220406 18:29:02.987"/>
</kw>
<kw name="Maximize Browser Window" library="SeleniumLibrary">
<doc>Maximizes current browser window.</doc>
<status status="PASS" starttime="20220406 18:29:02.987" endtime="20220406 18:29:03.107"/>
</kw>
<kw name="Go To" library="SeleniumLibrary">
<arg>${URL_ADMIN_PORTAL}</arg>
<doc>Navigates the current browser window to the provided ``url``.</doc>
<msg timestamp="20220406 18:29:03.108" level="INFO">Opening url 'https://admin-test.mapiq-universe.com/#'</msg>
<status status="PASS" starttime="20220406 18:29:03.107" endtime="20220406 18:29:04.455"/>
</kw>
<status status="PASS" starttime="20220406 18:29:01.646" endtime="20220406 18:29:04.455"/>
</kw>
<kw name="Shift Host Admin Login" library="AdminPortalPage">
<kw name="Shift Host Admin logs in" library="LandingAdminPortal">
<kw name="Click Button" library="SeleniumLibrary">
<arg>${admin_portal_first_sign_in_button}</arg>
<doc>Clicks the button identified by ``locator``.</doc>
<msg timestamp="20220406 18:29:04.457" level="INFO">Clicking button '//body/log-in[@class='Body Login-body']//button[@class='MpqButton']'.</msg>
<status status="PASS" starttime="20220406 18:29:04.456" endtime="20220406 18:29:04.536"/>
</kw>
<kw name="Wait Until Element Is Visible" library="SeleniumLibrary">
<arg>${admin_portal_continue_button}</arg>
<doc>Waits until the element ``locator`` is visible.</doc>
<status status="PASS" starttime="20220406 18:29:04.536" endtime="20220406 18:29:05.958"/>
</kw>
<kw name="Input Text" library="SeleniumLibrary">
<arg>${admin_portal_email_address_field}</arg>
<arg>${shift_host_email}</arg>
<doc>Types the given ``text`` into the text field identified by ``locator``.</doc>
<msg timestamp="20220406 18:29:05.959" level="INFO">Typing text 'qa_shift_host@test1.mapiq.net' into text field 'id=signInName'.</msg>
<status status="PASS" starttime="20220406 18:29:05.958" endtime="20220406 18:29:06.108"/>
</kw>
<kw name="Click Button" library="SeleniumLibrary">
<arg>${admin_portal_continue_button}</arg>
<doc>Clicks the button identified by ``locator``.</doc>
<msg timestamp="20220406 18:29:06.109" level="INFO">Clicking button 'xpath:/html//button[@id='continue']'.</msg>
<status status="PASS" starttime="20220406 18:29:06.108" endtime="20220406 18:29:06.616"/>
</kw>
<kw name="Wait Until Element Is Visible" library="SeleniumLibrary">
<arg>${admin_portal_second_sign_in_button}</arg>
<doc>Waits until the element ``locator`` is visible.</doc>
<status status="PASS" starttime="20220406 18:29:06.616" endtime="20220406 18:29:06.861"/>
</kw>
<kw name="Input Text" library="SeleniumLibrary">
<arg>${admin_portal_password_field}</arg>
<arg>${shift_host_password}</arg>
<doc>Types the given ``text`` into the text field identified by ``locator``.</doc>
<msg timestamp="20220406 18:29:06.862" level="INFO">Typing text 'QA-Sh1ft-Host' into text field 'xpath:/html//input[@id='password']'.</msg>
<status status="PASS" starttime="20220406 18:29:06.862" endtime="20220406 18:29:06.998"/>
</kw>
<kw name="Click Button" library="SeleniumLibrary">
<arg>${admin_portal_second_sign_in_button}</arg>
<doc>Clicks the button identified by ``locator``.</doc>
<msg timestamp="20220406 18:29:06.999" level="INFO">Clicking button 'xpath:/html//button[@id='next']'.</msg>
<status status="PASS" starttime="20220406 18:29:06.998" endtime="20220406 18:29:07.064"/>
</kw>
<kw name="Wait Until Element Is Visible" library="SeleniumLibrary">
<arg>${admin_portal_header_title}</arg>
<doc>Waits until the element ``locator`` is visible.</doc>
<status status="PASS" starttime="20220406 18:29:07.065" endtime="20220406 18:29:09.317"/>
</kw>
<status status="PASS" starttime="20220406 18:29:04.456" endtime="20220406 18:29:09.317"/>
</kw>
<status status="PASS" starttime="20220406 18:29:04.456" endtime="20220406 18:29:09.317"/>
</kw>
<kw name="Shift Host Admin has Permissions to see Home, Shifts, and Settings tabs but not Buildings, People, Access, and Analytics tab" library="AdminPortalPage">
<kw name="Shift Host Admin see Home, Shifts, and Settings tabs but not Buildings, People, Access, and Analytics tab" library="AdminPortalTabs">
<kw name="Wait Until Element Is Visible" library="SeleniumLibrary">
<arg>${home_tab_button}</arg>
<doc>Waits until the element ``locator`` is visible.</doc>
<status status="PASS" starttime="20220406 18:29:09.318" endtime="20220406 18:29:11.540"/>
</kw>
<kw name="Wait Until Element Is Visible" library="SeleniumLibrary">
<arg>${shifts_tab_button}</arg>
<doc>Waits until the element ``locator`` is visible.</doc>
<status status="PASS" starttime="20220406 18:29:11.540" endtime="20220406 18:29:11.558"/>
</kw>
<kw name="Wait Until Element Is Not Visible" library="SeleniumLibrary">
<arg>${buildings_tab_button}</arg>
<doc>Waits until the element ``locator`` is not visible.</doc>
<status status="PASS" starttime="20220406 18:29:11.558" endtime="20220406 18:29:11.566"/>
</kw>
<kw name="Wait Until Element Is Not Visible" library="SeleniumLibrary">
<arg>${people_tab_button}</arg>
<doc>Waits until the element ``locator`` is not visible.</doc>
<status status="PASS" starttime="20220406 18:29:11.567" endtime="20220406 18:29:11.575"/>
</kw>
<kw name="Wait Until Element Is Not Visible" library="SeleniumLibrary">
<arg>${access_tab_button}</arg>
<doc>Waits until the element ``locator`` is not visible.</doc>
<status status="PASS" starttime="20220406 18:29:11.576" endtime="20220406 18:29:11.584"/>
</kw>
<kw name="Wait Until Element Is Not Visible" library="SeleniumLibrary">
<arg>${analytics_tab_button}</arg>
<doc>Waits until the element ``locator`` is not visible.</doc>
<status status="PASS" starttime="20220406 18:29:11.584" endtime="20220406 18:29:11.594"/>
</kw>
<kw name="Wait Until Element Is Visible" library="SeleniumLibrary">
<arg>${settings_tab_button}</arg>
<doc>Waits until the element ``locator`` is visible.</doc>
<status status="PASS" starttime="20220406 18:29:11.594" endtime="20220406 18:29:11.612"/>
</kw>
<status status="PASS" starttime="20220406 18:29:09.317" endtime="20220406 18:29:11.612"/>
</kw>
<status status="PASS" starttime="20220406 18:29:09.317" endtime="20220406 18:29:11.612"/>
</kw>
<kw name="End Web Test" library="SetupTeardown" type="TEARDOWN">
<kw name="Close All Browsers" library="SeleniumLibrary">
<doc>Closes all open browsers and resets the browser cache.</doc>
<status status="PASS" starttime="20220406 18:29:11.613" endtime="20220406 18:29:13.990"/>
</kw>
<status status="PASS" starttime="20220406 18:29:11.612" endtime="20220406 18:29:13.990"/>
</kw>
<status status="PASS" starttime="20220406 18:29:01.645" endtime="20220406 18:29:13.991"/>
</test>
<doc>Tests for a Shift Assistans Admin
To run these tests, enter the "Tests" folder (cd Tests) and enter "robot -d results AdminPortal.robot/Shift HostAdmin.robot" in the Terminal</doc>
<status status="PASS" starttime="20220406 18:28:50.881" endtime="20220406 18:29:13.993"/>
</suite>
<suite id="s1-s1-s6" name="SubscriptionAdmin" source="C:\Users\d.nedeljkov\Desktop\Mapiq One Automation\Tests\AdminPortal.robot\SubscriptionAdmin.robot">
<test id="s1-s1-s6-t1" name="Login into the Admin Portal as a Subscription Admin">
<kw name="Begin Web Test Admin portal" library="SetupTeardown" type="SETUP">
<kw name="Open Browser" library="SeleniumLibrary">
<arg>about:blank</arg>
<arg>${BROWSER}</arg>
<doc>Opens a new browser instance to the optional ``url``.</doc>
<msg timestamp="20220406 18:29:14.010" level="INFO">Opening browser 'chrome' to base url 'about:blank'.</msg>
<status status="PASS" starttime="20220406 18:29:14.009" endtime="20220406 18:29:15.449"/>
</kw>
<kw name="Maximize Browser Window" library="SeleniumLibrary">
<doc>Maximizes current browser window.</doc>
<status status="PASS" starttime="20220406 18:29:15.449" endtime="20220406 18:29:15.576"/>
</kw>
<kw name="Go To" library="SeleniumLibrary">
<arg>${URL_ADMIN_PORTAL}</arg>
<doc>Navigates the current browser window to the provided ``url``.</doc>
<msg timestamp="20220406 18:29:15.576" level="INFO">Opening url 'https://admin-test.mapiq-universe.com/#'</msg>
<status status="PASS" starttime="20220406 18:29:15.576" endtime="20220406 18:29:16.907"/>
</kw>
<status status="PASS" starttime="20220406 18:29:14.009" endtime="20220406 18:29:16.907"/>
</kw>
<kw name="Subscription Admin Login" library="AdminPortalPage">
<kw name="Subscription Admin Logs in" library="LandingAdminPortal">
<kw name="Click Button" library="SeleniumLibrary">
<arg>${admin_portal_first_sign_in_button}</arg>
<doc>Clicks the button identified by ``locator``.</doc>
<msg timestamp="20220406 18:29:16.909" level="INFO">Clicking button '//body/log-in[@class='Body Login-body']//button[@class='MpqButton']'.</msg>
<status status="PASS" starttime="20220406 18:29:16.909" endtime="20220406 18:29:16.968"/>
</kw>
<kw name="Wait Until Element Is Visible" library="SeleniumLibrary">
<arg>${admin_portal_continue_button}</arg>
<doc>Waits until the element ``locator`` is visible.</doc>
<status status="PASS" starttime="20220406 18:29:16.968" endtime="20220406 18:29:19.041"/>
</kw>
<kw name="Input Text" library="SeleniumLibrary">
<arg>${admin_portal_email_address_field}</arg>
<arg>${subscription_admin_email}</arg>
<doc>Types the given ``text`` into the text field identified by ``locator``.</doc>
<msg timestamp="20220406 18:29:19.041" level="INFO">Typing text 'qa_subscription_admin@test1.mapiq.net' into text field 'id=signInName'.</msg>
<status status="PASS" starttime="20220406 18:29:19.041" endtime="20220406 18:29:19.178"/>
</kw>
<kw name="Click Button" library="SeleniumLibrary">
<arg>${admin_portal_continue_button}</arg>
<doc>Clicks the button identified by ``locator``.</doc>
<msg timestamp="20220406 18:29:19.179" level="INFO">Clicking button 'xpath:/html//button[@id='continue']'.</msg>
<status status="PASS" starttime="20220406 18:29:19.179" endtime="20220406 18:29:19.234"/>
</kw>
<kw name="Wait Until Element Is Visible" library="SeleniumLibrary">
<arg>${admin_portal_second_sign_in_button}</arg>
<doc>Waits until the element ``locator`` is visible.</doc>
<status status="PASS" starttime="20220406 18:29:19.234" endtime="20220406 18:29:19.894"/>
</kw>
<kw name="Input Text" library="SeleniumLibrary">
<arg>${admin_portal_password_field}</arg>
<arg>${SUBSCRIPTION_ADMIN_PASSWORD}</arg>
<doc>Types the given ``text`` into the text field identified by ``locator``.</doc>
<msg timestamp="20220406 18:29:19.895" level="INFO">Typing text 'QA-Subscr1pt1on-Adm1n' into text field 'xpath:/html//input[@id='password']'.</msg>
<status status="PASS" starttime="20220406 18:29:19.895" endtime="20220406 18:29:20.001"/>
</kw>
<kw name="Click Button" library="SeleniumLibrary">
<arg>${admin_portal_second_sign_in_button}</arg>
<doc>Clicks the button identified by ``locator``.</doc>
<msg timestamp="20220406 18:29:20.002" level="INFO">Clicking button 'xpath:/html//button[@id='next']'.</msg>
<status status="PASS" starttime="20220406 18:29:20.002" endtime="20220406 18:29:20.051"/>
</kw>
<kw name="Wait Until Element Is Visible" library="SeleniumLibrary">
<arg>${admin_portal_header_title}</arg>
<doc>Waits until the element ``locator`` is visible.</doc>
<status status="PASS" starttime="20220406 18:29:20.051" endtime="20220406 18:29:22.932"/>
</kw>
<status status="PASS" starttime="20220406 18:29:16.908" endtime="20220406 18:29:22.932"/>
</kw>
<status status="PASS" starttime="20220406 18:29:16.908" endtime="20220406 18:29:22.932"/>
</kw>
<kw name="End Web Test" library="SetupTeardown" type="TEARDOWN">
<kw name="Close All Browsers" library="SeleniumLibrary">
<doc>Closes all open browsers and resets the browser cache.</doc>
<status status="PASS" starttime="20220406 18:29:22.934" endtime="20220406 18:29:25.247"/>
</kw>
<status status="PASS" starttime="20220406 18:29:22.933" endtime="20220406 18:29:25.247"/>
</kw>
<status status="PASS" starttime="20220406 18:29:14.008" endtime="20220406 18:29:25.248"/>
</test>
<test id="s1-s1-s6-t2" name="Subscription Admin can see all tabs">
<kw name="Begin Web Test Admin portal" library="SetupTeardown" type="SETUP">
<kw name="Open Browser" library="SeleniumLibrary">
<arg>about:blank</arg>
<arg>${BROWSER}</arg>
<doc>Opens a new browser instance to the optional ``url``.</doc>
<msg timestamp="20220406 18:29:25.251" level="INFO">Opening browser 'chrome' to base url 'about:blank'.</msg>
<status status="PASS" starttime="20220406 18:29:25.250" endtime="20220406 18:29:26.597"/>
</kw>
<kw name="Maximize Browser Window" library="SeleniumLibrary">
<doc>Maximizes current browser window.</doc>
<status status="PASS" starttime="20220406 18:29:26.597" endtime="20220406 18:29:26.715"/>
</kw>
<kw name="Go To" library="SeleniumLibrary">
<arg>${URL_ADMIN_PORTAL}</arg>
<doc>Navigates the current browser window to the provided ``url``.</doc>
<msg timestamp="20220406 18:29:26.716" level="INFO">Opening url 'https://admin-test.mapiq-universe.com/#'</msg>
<status status="PASS" starttime="20220406 18:29:26.715" endtime="20220406 18:29:28.786"/>
</kw>
<status status="PASS" starttime="20220406 18:29:25.250" endtime="20220406 18:29:28.786"/>
</kw>
<kw name="Subscription Admin Login" library="AdminPortalPage">
<kw name="Subscription Admin Logs in" library="LandingAdminPortal">
<kw name="Click Button" library="SeleniumLibrary">
<arg>${admin_portal_first_sign_in_button}</arg>
<doc>Clicks the button identified by ``locator``.</doc>
<msg timestamp="20220406 18:29:28.788" level="INFO">Clicking button '//body/log-in[@class='Body Login-body']//button[@class='MpqButton']'.</msg>
<status status="PASS" starttime="20220406 18:29:28.788" endtime="20220406 18:29:28.850"/>
</kw>
<kw name="Wait Until Element Is Visible" library="SeleniumLibrary">
<arg>${admin_portal_continue_button}</arg>
<doc>Waits until the element ``locator`` is visible.</doc>
<status status="PASS" starttime="20220406 18:29:28.850" endtime="20220406 18:29:30.401"/>
</kw>
<kw name="Input Text" library="SeleniumLibrary">
<arg>${admin_portal_email_address_field}</arg>
<arg>${subscription_admin_email}</arg>
<doc>Types the given ``text`` into the text field identified by ``locator``.</doc>
<msg timestamp="20220406 18:29:30.401" level="INFO">Typing text 'qa_subscription_admin@test1.mapiq.net' into text field 'id=signInName'.</msg>
<status status="PASS" starttime="20220406 18:29:30.401" endtime="20220406 18:29:30.580"/>
</kw>
<kw name="Click Button" library="SeleniumLibrary">
<arg>${admin_portal_continue_button}</arg>
<doc>Clicks the button identified by ``locator``.</doc>
<msg timestamp="20220406 18:29:30.580" level="INFO">Clicking button 'xpath:/html//button[@id='continue']'.</msg>
<status status="PASS" starttime="20220406 18:29:30.580" endtime="20220406 18:29:31.047"/>
</kw>
<kw name="Wait Until Element Is Visible" library="SeleniumLibrary">
<arg>${admin_portal_second_sign_in_button}</arg>
<doc>Waits until the element ``locator`` is visible.</doc>
<status status="PASS" starttime="20220406 18:29:31.047" endtime="20220406 18:29:31.293"/>
</kw>
<kw name="Input Text" library="SeleniumLibrary">
<arg>${admin_portal_password_field}</arg>
<arg>${SUBSCRIPTION_ADMIN_PASSWORD}</arg>
<doc>Types the given ``text`` into the text field identified by ``locator``.</doc>
<msg timestamp="20220406 18:29:31.294" level="INFO">Typing text 'QA-Subscr1pt1on-Adm1n' into text field 'xpath:/html//input[@id='password']'.</msg>
<status status="PASS" starttime="20220406 18:29:31.293" endtime="20220406 18:29:31.402"/>
</kw>
<kw name="Click Button" library="SeleniumLibrary">
<arg>${admin_portal_second_sign_in_button}</arg>
<doc>Clicks the button identified by ``locator``.</doc>
<msg timestamp="20220406 18:29:31.402" level="INFO">Clicking button 'xpath:/html//button[@id='next']'.</msg>
<status status="PASS" starttime="20220406 18:29:31.402" endtime="20220406 18:29:31.451"/>
</kw>
<kw name="Wait Until Element Is Visible" library="SeleniumLibrary">
<arg>${admin_portal_header_title}</arg>
<doc>Waits until the element ``locator`` is visible.</doc>
<status status="PASS" starttime="20220406 18:29:31.451" endtime="20220406 18:29:33.976"/>
</kw>
<status status="PASS" starttime="20220406 18:29:28.787" endtime="20220406 18:29:33.977"/>
</kw>
<status status="PASS" starttime="20220406 18:29:28.787" endtime="20220406 18:29:33.977"/>
</kw>
<kw name="Subscription Admin has Permissions to see all tabs" library="AdminPortalPage">
<kw name="Subscription Admin can see all tabs" library="AdminPortalTabs">
<kw name="Wait Until Element Is Visible" library="SeleniumLibrary">
<arg>${home_tab_button}</arg>
<doc>Waits until the element ``locator`` is visible.</doc>
<status status="PASS" starttime="20220406 18:29:33.978" endtime="20220406 18:29:36.166"/>
</kw>
<kw name="Wait Until Element Is Visible" library="SeleniumLibrary">
<arg>${shifts_tab_button}</arg>
<doc>Waits until the element ``locator`` is visible.</doc>
<status status="PASS" starttime="20220406 18:29:36.166" endtime="20220406 18:29:36.183"/>
</kw>
<kw name="Wait Until Element Is Visible" library="SeleniumLibrary">
<arg>${buildings_tab_button}</arg>
<doc>Waits until the element ``locator`` is visible.</doc>
<status status="PASS" starttime="20220406 18:29:36.183" endtime="20220406 18:29:36.200"/>
</kw>
<kw name="Wait Until Element Is Visible" library="SeleniumLibrary">
<arg>${people_tab_button}</arg>
<doc>Waits until the element ``locator`` is visible.</doc>
<status status="PASS" starttime="20220406 18:29:36.200" endtime="20220406 18:29:36.216"/>
</kw>
<kw name="Wait Until Element Is Visible" library="SeleniumLibrary">
<arg>${access_tab_button}</arg>
<doc>Waits until the element ``locator`` is visible.</doc>
<status status="PASS" starttime="20220406 18:29:36.216" endtime="20220406 18:29:36.233"/>
</kw>
<kw name="Wait Until Element Is Visible" library="SeleniumLibrary">
<arg>${analytics_tab_button}</arg>
<doc>Waits until the element ``locator`` is visible.</doc>
<status status="PASS" starttime="20220406 18:29:36.233" endtime="20220406 18:29:36.251"/>
</kw>
<kw name="Wait Until Element Is Visible" library="SeleniumLibrary">
<arg>${settings_tab_button}</arg>
<doc>Waits until the element ``locator`` is visible.</doc>
<status status="PASS" starttime="20220406 18:29:36.251" endtime="20220406 18:29:36.267"/>
</kw>
<status status="PASS" starttime="20220406 18:29:33.978" endtime="20220406 18:29:36.267"/>
</kw>
<status status="PASS" starttime="20220406 18:29:33.978" endtime="20220406 18:29:36.267"/>
</kw>
<kw name="End Web Test" library="SetupTeardown" type="TEARDOWN">
<kw name="Close All Browsers" library="SeleniumLibrary">
<doc>Closes all open browsers and resets the browser cache.</doc>
<status status="PASS" starttime="20220406 18:29:36.268" endtime="20220406 18:29:38.584"/>
</kw>
<status status="PASS" starttime="20220406 18:29:36.268" endtime="20220406 18:29:38.584"/>
</kw>
<status status="PASS" starttime="20220406 18:29:25.249" endtime="20220406 18:29:38.585"/>
</test>
<doc>Tests for a Subscription Admin
To run these tests, enter the "Tests" folder (cd Tests) and enter "robot -d results AdminPortal.robot/SubscriptionAdmin.robot" in the Terminal</doc>
<status status="PASS" starttime="20220406 18:29:13.995" endtime="20220406 18:29:38.587"/>
</suite>
<status status="FAIL" starttime="20220406 18:27:07.414" endtime="20220406 18:29:38.591"/>
</suite>
<suite id="s1-s2" name="UserApp.robot" source="C:\Users\d.nedeljkov\Desktop\Mapiq One Automation\Tests\UserApp.robot">
<suite id="s1-s2-s1" name="Connections" source="C:\Users\d.nedeljkov\Desktop\Mapiq One Automation\Tests\UserApp.robot\Connections.robot">
<test id="s1-s2-s1-t1" name="Add a connection (Building Admin adding a Subscription Admin)">
<kw name="Begin Web Test Office Shifts" library="SetupTeardown" type="SETUP">
<kw name="Open Browser" library="SeleniumLibrary">
<arg>about:blank</arg>
<arg>${BROWSER}</arg>
<doc>Opens a new browser instance to the optional ``url``.</doc>
<msg timestamp="20220406 18:29:38.735" level="INFO">Opening browser 'chrome' to base url 'about:blank'.</msg>
<status status="PASS" starttime="20220406 18:29:38.734" endtime="20220406 18:29:40.151"/>
</kw>
<kw name="Maximize Browser Window" library="SeleniumLibrary">
<doc>Maximizes current browser window.</doc>
<status status="PASS" starttime="20220406 18:29:40.151" endtime="20220406 18:29:40.276"/>
</kw>
<kw name="Go To" library="SeleniumLibrary">
<arg>${URL_OFFICE_SHIFTS}</arg>
<doc>Navigates the current browser window to the provided ``url``.</doc>
<msg timestamp="20220406 18:29:40.277" level="INFO">Opening url 'https://shifts-test.atlas.mapiq-universe.com/'</msg>
<status status="PASS" starttime="20220406 18:29:40.276" endtime="20220406 18:29:41.757"/>
</kw>
<status status="PASS" starttime="20220406 18:29:38.734" endtime="20220406 18:29:41.757"/>
</kw>
<kw name="Go to the Office Shifts Page" library="OfficeShiftsPage">
<kw name="Navigate To" library="LandingOfficeShifts">
<kw name="Go To" library="SeleniumLibrary">
<arg>${URL_OFFICE_SHIFTS}</arg>
<doc>Navigates the current browser window to the provided ``url``.</doc>
<msg timestamp="20220406 18:29:41.758" level="INFO">Opening url 'https://shifts-test.atlas.mapiq-universe.com/'</msg>
<status status="PASS" starttime="20220406 18:29:41.758" endtime="20220406 18:29:41.944"/>
</kw>
<status status="PASS" starttime="20220406 18:29:41.758" endtime="20220406 18:29:41.944"/>
</kw>
<kw name="Verify Page Loaded" library="LandingOfficeShifts">
<kw name="Wait Until Element Contains" library="SeleniumLibrary">
<arg>${os_first_sign_in_button}</arg>
<arg>Sign in</arg>
<doc>Waits until the element ``locator`` contains ``text``.</doc>
<status status="PASS" starttime="20220406 18:29:41.944" endtime="20220406 18:29:41.974"/>
</kw>
<status status="PASS" starttime="20220406 18:29:41.944" endtime="20220406 18:29:41.974"/>
</kw>
<status status="PASS" starttime="20220406 18:29:41.757" endtime="20220406 18:29:41.974"/>
</kw>
<kw name="Log in to the Office Shifts Page" library="OfficeShiftsPage">
<kw name="Log in" library="LandingOfficeShifts">
<kw name="Click Button" library="SeleniumLibrary">
<arg>${os_first_sign_in_button}</arg>
<doc>Clicks the button identified by ``locator``.</doc>
<msg timestamp="20220406 18:29:41.975" level="INFO">Clicking button 'xpath:/html//log-in[@class='Body Login-body']//button[@class='MpqButton']'.</msg>
<status status="PASS" starttime="20220406 18:29:41.975" endtime="20220406 18:29:42.033"/>
</kw>
<kw name="Wait Until Element Is Visible" library="SeleniumLibrary">
<arg>${continue_button}</arg>
<doc>Waits until the element ``locator`` is visible.</doc>
<status status="PASS" starttime="20220406 18:29:42.033" endtime="20220406 18:29:44.184"/>
</kw>
<kw name="Input Text" library="SeleniumLibrary">
<arg>${os_email_address_field}</arg>
<arg>${email_analytics_viewer}</arg>
<doc>Types the given ``text`` into the text field identified by ``locator``.</doc>
<msg timestamp="20220406 18:29:44.185" level="INFO">Typing text 'qa_building_admin@test1.mapiq.net' into text field 'id=signInName'.</msg>
<status status="PASS" starttime="20220406 18:29:44.184" endtime="20220406 18:29:44.326"/>
</kw>
<kw name="Click Button" library="SeleniumLibrary">
<arg>${continue_button}</arg>
<doc>Clicks the button identified by ``locator``.</doc>
<msg timestamp="20220406 18:29:44.328" level="INFO">Clicking button 'xpath:/html//button[@id='continue']'.</msg>
<status status="PASS" starttime="20220406 18:29:44.327" endtime="20220406 18:29:44.380"/>
</kw>
<kw name="Wait Until Element Is Visible" library="SeleniumLibrary">
<arg>${os_second_sign_in_button}</arg>
<doc>Waits until the element ``locator`` is visible.</doc>
<status status="PASS" starttime="20220406 18:29:44.380" endtime="20220406 18:29:45.115"/>
</kw>
<kw name="Input Text" library="SeleniumLibrary">
<arg>${os_password_field}</arg>
<arg>${password_analytics_viewer}</arg>
<doc>Types the given ``text`` into the text field identified by ``locator``.</doc>
<msg timestamp="20220406 18:29:45.115" level="INFO">Typing text 'QA-Bu1ld1ng-Adm1n' into text field 'xpath:/html//input[@id='password']'.</msg>
<status status="PASS" starttime="20220406 18:29:45.115" endtime="20220406 18:29:45.204"/>
</kw>
<kw name="Click Button" library="SeleniumLibrary">
<arg>${os_second_sign_in_button}</arg>
<doc>Clicks the button identified by ``locator``.</doc>
<msg timestamp="20220406 18:29:45.205" level="INFO">Clicking button 'xpath:/html//button[@id='next']'.</msg>
<status status="PASS" starttime="20220406 18:29:45.205" endtime="20220406 18:29:45.318"/>
</kw>
<kw name="Wait Until Element Is Visible" library="SeleniumLibrary">
<arg>${office_shifts_header_title}</arg>
<doc>Waits until the element ``locator`` is visible.</doc>
<status status="PASS" starttime="20220406 18:29:45.319" endtime="20220406 18:29:47.485"/>
</kw>
[...]
<msg timestamp="20220406 18:33:03.518" level="INFO">Slept 5 seconds</msg>
<status status="PASS" starttime="20220406 18:32:58.504" endtime="20220406 18:33:03.518"/>
</kw>
<status status="PASS" starttime="20220406 18:32:55.955" endtime="20220406 18:33:03.518"/>
</kw>
<status status="PASS" starttime="20220406 18:32:55.955" endtime="20220406 18:33:03.518"/>
</kw>
<kw name="Get help in our support center link works" library="OfficeShiftsPage">
<kw name="Get help in our support center link navigation" library="OfficeShiftsYourProfile">
<kw name="Wait Until Element Is Visible" library="SeleniumLibrary">
<arg>${office_shifts_header_title}</arg>
<doc>Waits until the element ``locator`` is visible.</doc>
<status status="PASS" starttime="20220406 18:33:03.520" endtime="20220406 18:33:03.537"/>
</kw>
<kw name="Click Link" library="SeleniumLibrary">
<arg>${get_help_in_our_support_center}</arg>
<doc>Clicks a link identified by ``locator``.</doc>
<msg timestamp="20220406 18:33:03.538" level="INFO">Clicking link 'css=[href='https://support.mapiq.com/support/home']'.</msg>
<status status="PASS" starttime="20220406 18:33:03.538" endtime="20220406 18:33:03.619"/>
</kw>
<kw name="Switch Window" library="SeleniumLibrary">
<arg>new</arg>
<doc>Switches to browser window matching ``locator``.</doc>
<status status="PASS" starttime="20220406 18:33:03.620" endtime="20220406 18:33:03.629"/>
</kw>
<kw name="Wait Until Element Is Visible" library="SeleniumLibrary">
<arg>${support_mapiq_title}</arg>
<doc>Waits until the element ``locator`` is visible.</doc>
<status status="PASS" starttime="20220406 18:33:03.629" endtime="20220406 18:33:05.862"/>
</kw>
<status status="PASS" starttime="20220406 18:33:03.519" endtime="20220406 18:33:05.862"/>
</kw>
<status status="PASS" starttime="20220406 18:33:03.519" endtime="20220406 18:33:05.863"/>
</kw>
<kw name="End Web Test" library="SetupTeardown" type="TEARDOWN">
<kw name="Close All Browsers" library="SeleniumLibrary">
<doc>Closes all open browsers and resets the browser cache.</doc>
<status status="PASS" starttime="20220406 18:33:05.864" endtime="20220406 18:33:08.188"/>
</kw>
<status status="PASS" starttime="20220406 18:33:05.863" endtime="20220406 18:33:08.188"/>
</kw>
<status status="PASS" starttime="20220406 18:32:48.769" endtime="20220406 18:33:08.189"/>
</test>
<test id="s1-s2-s5-t4" name="FAQ link navigates a user to a right page">
<kw name="Begin Web Test Office Shifts" library="SetupTeardown" type="SETUP">
<kw name="Open Browser" library="SeleniumLibrary">
<arg>about:blank</arg>
<arg>${BROWSER}</arg>
<doc>Opens a new browser instance to the optional ``url``.</doc>
<msg timestamp="20220406 18:33:08.192" level="INFO">Opening browser 'chrome' to base url 'about:blank'.</msg>
<status status="PASS" starttime="20220406 18:33:08.192" endtime="20220406 18:33:09.520"/>
</kw>
<kw name="Maximize Browser Window" library="SeleniumLibrary">
<doc>Maximizes current browser window.</doc>
<status status="PASS" starttime="20220406 18:33:09.520" endtime="20220406 18:33:09.648"/>
</kw>
<kw name="Go To" library="SeleniumLibrary">
<arg>${URL_OFFICE_SHIFTS}</arg>
<doc>Navigates the current browser window to the provided ``url``.</doc>
<msg timestamp="20220406 18:33:09.649" level="INFO">Opening url 'https://shifts-test.atlas.mapiq-universe.com/'</msg>
<status status="PASS" starttime="20220406 18:33:09.648" endtime="20220406 18:33:10.888"/>
</kw>
<status status="PASS" starttime="20220406 18:33:08.191" endtime="20220406 18:33:10.888"/>
</kw>
<kw name="Go to the Office Shifts Page" library="OfficeShiftsPage">
<kw name="Navigate To" library="LandingOfficeShifts">
<kw name="Go To" library="SeleniumLibrary">
<arg>${URL_OFFICE_SHIFTS}</arg>
<doc>Navigates the current browser window to the provided ``url``.</doc>
<msg timestamp="20220406 18:33:10.891" level="INFO">Opening url 'https://shifts-test.atlas.mapiq-universe.com/'</msg>
<status status="PASS" starttime="20220406 18:33:10.890" endtime="20220406 18:33:11.044"/>
</kw>
<status status="PASS" starttime="20220406 18:33:10.890" endtime="20220406 18:33:11.044"/>
</kw>
<kw name="Verify Page Loaded" library="LandingOfficeShifts">
<kw name="Wait Until Element Contains" library="SeleniumLibrary">
<arg>${os_first_sign_in_button}</arg>
<arg>Sign in</arg>
<doc>Waits until the element ``locator`` contains ``text``.</doc>
<status status="PASS" starttime="20220406 18:33:11.045" endtime="20220406 18:33:11.067"/>
</kw>
<status status="PASS" starttime="20220406 18:33:11.044" endtime="20220406 18:33:11.067"/>
</kw>
<status status="PASS" starttime="20220406 18:33:10.889" endtime="20220406 18:33:11.067"/>
</kw>
<kw name="Log in to the Office Shifts Page" library="OfficeShiftsPage">
<kw name="Log in" library="LandingOfficeShifts">
<kw name="Click Button" library="SeleniumLibrary">
<arg>${os_first_sign_in_button}</arg>
<doc>Clicks the button identified by ``locator``.</doc>
<msg timestamp="20220406 18:33:11.069" level="INFO">Clicking button 'xpath:/html//log-in[@class='Body Login-body']//button[@class='MpqButton']'.</msg>
<status status="PASS" starttime="20220406 18:33:11.068" endtime="20220406 18:33:11.128"/>
</kw>
<kw name="Wait Until Element Is Visible" library="SeleniumLibrary">
<arg>${continue_button}</arg>
<doc>Waits until the element ``locator`` is visible.</doc>
<status status="PASS" starttime="20220406 18:33:11.128" endtime="20220406 18:33:12.697"/>
</kw>
<kw name="Input Text" library="SeleniumLibrary">
<arg>${os_email_address_field}</arg>
<arg>${email_analytics_viewer}</arg>
<doc>Types the given ``text`` into the text field identified by ``locator``.</doc>
<msg timestamp="20220406 18:33:12.698" level="INFO">Typing text 'qa_building_admin@test1.mapiq.net' into text field 'id=signInName'.</msg>
<status status="PASS" starttime="20220406 18:33:12.698" endtime="20220406 18:33:12.821"/>
</kw>
<kw name="Click Button" library="SeleniumLibrary">
<arg>${continue_button}</arg>
<doc>Clicks the button identified by ``locator``.</doc>
<msg timestamp="20220406 18:33:12.821" level="INFO">Clicking button 'xpath:/html//button[@id='continue']'.</msg>
<status status="PASS" starttime="20220406 18:33:12.821" endtime="20220406 18:33:12.876"/>
</kw>
<kw name="Wait Until Element Is Visible" library="SeleniumLibrary">
<arg>${os_second_sign_in_button}</arg>
<doc>Waits until the element ``locator`` is visible.</doc>
<msg timestamp="20220406 18:33:18.338" level="INFO" html="true">&lt;/td&gt;&lt;/tr&gt;&lt;tr&gt;&lt;td colspan="3"&gt;&lt;a href="selenium-screenshot-39.png"&gt;&lt;img src="selenium-screenshot-39.png" width="800px"&gt;&lt;/a&gt;</msg>
<msg timestamp="20220406 18:33:18.339" level="FAIL">Element 'xpath:/html//button[@id='next']' not visible after 5 seconds.</msg>
<status status="FAIL" starttime="20220406 18:33:12.877" endtime="20220406 18:33:18.339"/>
</kw>
<kw name="Input Text" library="SeleniumLibrary">
<arg>${os_password_field}</arg>
<arg>${password_analytics_viewer}</arg>
<doc>Types the given ``text`` into the text field identified by ``locator``.</doc>
<status status="NOT RUN" starttime="20220406 18:33:18.339" endtime="20220406 18:33:18.339"/>
</kw>
<kw name="Click Button" library="SeleniumLibrary">
<arg>${os_second_sign_in_button}</arg>
<doc>Clicks the button identified by ``locator``.</doc>
<status status="NOT RUN" starttime="20220406 18:33:18.339" endtime="20220406 18:33:18.339"/>
</kw>
<kw name="Wait Until Element Is Visible" library="SeleniumLibrary">
<arg>${office_shifts_header_title}</arg>
<doc>Waits until the element ``locator`` is visible.</doc>
<status status="NOT RUN" starttime="20220406 18:33:18.339" endtime="20220406 18:33:18.340"/>
</kw>
<kw name="Wait Until Element Is Visible" library="SeleniumLibrary">
<arg>${office_shifts_header_title}</arg>
<doc>Waits until the element ``locator`` is visible.</doc>
<status status="NOT RUN" starttime="20220406 18:33:18.340" endtime="20220406 18:33:18.340"/>
</kw>
<status status="FAIL" starttime="20220406 18:33:11.068" endtime="20220406 18:33:18.340"/>
</kw>
<status status="FAIL" starttime="20220406 18:33:11.068" endtime="20220406 18:33:18.341"/>
</kw>
<kw name="Click on the &quot;Your Profile&quot;" library="OfficeShiftsPage">
<status status="NOT RUN" starttime="20220406 18:33:18.341" endtime="20220406 18:33:18.341"/>
</kw>
<kw name="FAQ link navigates a user to a right page" library="OfficeShiftsPage">
<status status="NOT RUN" starttime="20220406 18:33:18.342" endtime="20220406 18:33:18.342"/>
</kw>
<kw name="End Web Test" library="SetupTeardown" type="TEARDOWN">
<kw name="Close All Browsers" library="SeleniumLibrary">
<doc>Closes all open browsers and resets the browser cache.</doc>
<status status="PASS" starttime="20220406 18:33:18.343" endtime="20220406 18:33:20.657"/>
</kw>
<status status="PASS" starttime="20220406 18:33:18.342" endtime="20220406 18:33:20.657"/>
</kw>
<status status="FAIL" starttime="20220406 18:33:08.191" endtime="20220406 18:33:20.658">Element 'xpath:/html//button[@id='next']' not visible after 5 seconds.</status>
</test>
<test id="s1-s2-s5-t5" name="EULA link navigates a user to a right page">
<kw name="Begin Web Test Office Shifts" library="SetupTeardown" type="SETUP">
<kw name="Open Browser" library="SeleniumLibrary">
<arg>about:blank</arg>
<arg>${BROWSER}</arg>
<doc>Opens a new browser instance to the optional ``url``.</doc>
<msg timestamp="20220406 18:33:20.661" level="INFO">Opening browser 'chrome' to base url 'about:blank'.</msg>
<status status="PASS" starttime="20220406 18:33:20.661" endtime="20220406 18:33:22.005"/>
</kw>
<kw name="Maximize Browser Window" library="SeleniumLibrary">
<doc>Maximizes current browser window.</doc>
<status status="PASS" starttime="20220406 18:33:22.005" endtime="20220406 18:33:22.129"/>
</kw>
<kw name="Go To" library="SeleniumLibrary">
<arg>${URL_OFFICE_SHIFTS}</arg>
<doc>Navigates the current browser window to the provided ``url``.</doc>
<msg timestamp="20220406 18:33:22.130" level="INFO">Opening url 'https://shifts-test.atlas.mapiq-universe.com/'</msg>
<status status="PASS" starttime="20220406 18:33:22.129" endtime="20220406 18:33:23.052"/>
</kw>
<status status="PASS" starttime="20220406 18:33:20.660" endtime="20220406 18:33:23.053"/>
</kw>
<kw name="Go to the Office Shifts Page" library="OfficeShiftsPage">
<kw name="Navigate To" library="LandingOfficeShifts">
<kw name="Go To" library="SeleniumLibrary">
<arg>${URL_OFFICE_SHIFTS}</arg>
<doc>Navigates the current browser window to the provided ``url``.</doc>
<msg timestamp="20220406 18:33:23.056" level="INFO">Opening url 'https://shifts-test.atlas.mapiq-universe.com/'</msg>
<status status="PASS" starttime="20220406 18:33:23.056" endtime="20220406 18:33:23.257"/>
</kw>
<status status="PASS" starttime="20220406 18:33:23.055" endtime="20220406 18:33:23.257"/>
</kw>
<kw name="Verify Page Loaded" library="LandingOfficeShifts">
<kw name="Wait Until Element Contains" library="SeleniumLibrary">
<arg>${os_first_sign_in_button}</arg>
<arg>Sign in</arg>
<doc>Waits until the element ``locator`` contains ``text``.</doc>
<status status="PASS" starttime="20220406 18:33:23.258" endtime="20220406 18:33:23.282"/>
</kw>
<status status="PASS" starttime="20220406 18:33:23.257" endtime="20220406 18:33:23.282"/>
</kw>
<status status="PASS" starttime="20220406 18:33:23.054" endtime="20220406 18:33:23.282"/>
</kw>
<kw name="Log in to the Office Shifts Page" library="OfficeShiftsPage">
<kw name="Log in" library="LandingOfficeShifts">
<kw name="Click Button" library="SeleniumLibrary">
<arg>${os_first_sign_in_button}</arg>
<doc>Clicks the button identified by ``locator``.</doc>
<msg timestamp="20220406 18:33:23.284" level="INFO">Clicking button 'xpath:/html//log-in[@class='Body Login-body']//button[@class='MpqButton']'.</msg>
<status status="PASS" starttime="20220406 18:33:23.283" endtime="20220406 18:33:23.341"/>
</kw>
<kw name="Wait Until Element Is Visible" library="SeleniumLibrary">
<arg>${continue_button}</arg>
<doc>Waits until the element ``locator`` is visible.</doc>
<status status="PASS" starttime="20220406 18:33:23.341" endtime="20220406 18:33:26.543"/>
</kw>
<kw name="Input Text" library="SeleniumLibrary">
<arg>${os_email_address_field}</arg>
<arg>${email_analytics_viewer}</arg>
<doc>Types the given ``text`` into the text field identified by ``locator``.</doc>
<msg timestamp="20220406 18:33:26.544" level="INFO">Typing text 'qa_building_admin@test1.mapiq.net' into text field 'id=signInName'.</msg>
<status status="PASS" starttime="20220406 18:33:26.543" endtime="20220406 18:33:26.687"/>
</kw>
<kw name="Click Button" library="SeleniumLibrary">
<arg>${continue_button}</arg>
<doc>Clicks the button identified by ``locator``.</doc>
<msg timestamp="20220406 18:33:26.688" level="INFO">Clicking button 'xpath:/html//button[@id='continue']'.</msg>
<status status="PASS" starttime="20220406 18:33:26.687" endtime="20220406 18:33:26.740"/>
</kw>
<kw name="Wait Until Element Is Visible" library="SeleniumLibrary">
<arg>${os_second_sign_in_button}</arg>
<doc>Waits until the element ``locator`` is visible.</doc>
<status status="PASS" starttime="20220406 18:33:26.740" endtime="20220406 18:33:27.481"/>
</kw>
<kw name="Input Text" library="SeleniumLibrary">
<arg>${os_password_field}</arg>
<arg>${password_analytics_viewer}</arg>
<doc>Types the given ``text`` into the text field identified by ``locator``.</doc>
<msg timestamp="20220406 18:33:27.482" level="INFO">Typing text 'QA-Bu1ld1ng-Adm1n' into text field 'xpath:/html//input[@id='password']'.</msg>
<status status="PASS" starttime="20220406 18:33:27.481" endtime="20220406 18:33:27.584"/>
</kw>
<kw name="Click Button" library="SeleniumLibrary">
<arg>${os_second_sign_in_button}</arg>
<doc>Clicks the button identified by ``locator``.</doc>
<msg timestamp="20220406 18:33:27.585" level="INFO">Clicking button 'xpath:/html//button[@id='next']'.</msg>
<status status="PASS" starttime="20220406 18:33:27.584" endtime="20220406 18:33:27.634"/>
</kw>
<kw name="Wait Until Element Is Visible" library="SeleniumLibrary">
<arg>${office_shifts_header_title}</arg>
<doc>Waits until the element ``locator`` is visible.</doc>
<status status="PASS" starttime="20220406 18:33:27.634" endtime="20220406 18:33:29.675"/>
</kw>
<kw name="Wait Until Element Is Visible" library="SeleniumLibrary">
<arg>${office_shifts_header_title}</arg>
<doc>Waits until the element ``locator`` is visible.</doc>
<status status="PASS" starttime="20220406 18:33:29.676" endtime="20220406 18:33:29.693"/>
</kw>
<status status="PASS" starttime="20220406 18:33:23.283" endtime="20220406 18:33:29.693"/>
</kw>
<status status="PASS" starttime="20220406 18:33:23.283" endtime="20220406 18:33:29.694"/>
</kw>
<kw name="Click on the &quot;Your Profile&quot;" library="OfficeShiftsPage">
<kw name="&quot;Your Profile&quot; click" library="OfficeShiftsYourProfile">
<kw name="Wait Until Element Is Visible" library="SeleniumLibrary">
<arg>${your_profile_button}</arg>
<doc>Waits until the element ``locator`` is visible.</doc>
<status status="PASS" starttime="20220406 18:33:29.695" endtime="20220406 18:33:32.541"/>
</kw>
<kw name="Click Button" library="SeleniumLibrary">
<arg>${your_profile_button}</arg>
<doc>Clicks the button identified by ``locator``.</doc>
<msg timestamp="20220406 18:33:32.541" level="INFO">Clicking button 'css=.Header-right [data-bind='click: showProfilePage']'.</msg>
<status status="PASS" starttime="20220406 18:33:32.541" endtime="20220406 18:33:32.650"/>
</kw>
<kw name="Sleep" library="BuiltIn">
<arg>5</arg>
<doc>Pauses the test executed for the given time.</doc>
<msg timestamp="20220406 18:33:37.657" level="INFO">Slept 5 seconds</msg>
<status status="PASS" starttime="20220406 18:33:32.650" endtime="20220406 18:33:37.657"/>
</kw>
<status status="PASS" starttime="20220406 18:33:29.694" endtime="20220406 18:33:37.657"/>
</kw>
<status status="PASS" starttime="20220406 18:33:29.694" endtime="20220406 18:33:37.657"/>
</kw>
<kw name="EULA link navigates a user to a right page" library="OfficeShiftsPage">
<kw name="EULA navigation" library="OfficeShiftsYourProfile">
<kw name="Wait Until Element Is Visible" library="SeleniumLibrary">
<arg>${office_shifts_header_title}</arg>
<doc>Waits until the element ``locator`` is visible.</doc>
<status status="PASS" starttime="20220406 18:33:37.658" endtime="20220406 18:33:37.675"/>
</kw>
<kw name="Click Link" library="SeleniumLibrary">
<arg>${eula}</arg>
<doc>Clicks a link identified by ``locator``.</doc>
<msg timestamp="20220406 18:33:37.675" level="INFO">Clicking link 'css=[href='https://www.mapiq.com/eula-office-shifts-app']'.</msg>
<status status="PASS" starttime="20220406 18:33:37.675" endtime="20220406 18:33:37.752"/>
</kw>
<kw name="Switch Window" library="SeleniumLibrary">
<arg>new</arg>
<doc>Switches to browser window matching ``locator``.</doc>
<status status="PASS" starttime="20220406 18:33:37.752" endtime="20220406 18:33:37.758"/>
</kw>
<kw name="Wait Until Element Is Visible" library="SeleniumLibrary">
<arg>${eula_title}</arg>
<doc>Waits until the element ``locator`` is visible.</doc>
<status status="PASS" starttime="20220406 18:33:37.758" endtime="20220406 18:33:41.219"/>
</kw>
<status status="PASS" starttime="20220406 18:33:37.657" endtime="20220406 18:33:41.219"/>
</kw>
<status status="PASS" starttime="20220406 18:33:37.657" endtime="20220406 18:33:41.219"/>
</kw>
<kw name="End Web Test" library="SetupTeardown" type="TEARDOWN">
<kw name="Close All Browsers" library="SeleniumLibrary">
<doc>Closes all open browsers and resets the browser cache.</doc>
<status status="PASS" starttime="20220406 18:33:41.220" endtime="20220406 18:33:43.549"/>
</kw>
<status status="PASS" starttime="20220406 18:33:41.220" endtime="20220406 18:33:43.549"/>
</kw>
<status status="PASS" starttime="20220406 18:33:20.660" endtime="20220406 18:33:43.550"/>
</test>
<doc>Login to Office Shifts Test
To run this test, enter the "Tests" folder (cd Tests) and enter "robot -d results UserApp.robot/Your_Profile_Links.robot" in the Terminal</doc>
<status status="FAIL" starttime="20220406 18:31:52.744" endtime="20220406 18:33:43.552"/>
</suite>
<status status="FAIL" starttime="20220406 18:29:38.596" endtime="20220406 18:33:43.555"/>
</suite>
<status status="FAIL" starttime="20220406 18:27:07.386" endtime="20220406 18:33:43.559"/>
</suite>
<statistics>
<total>
<stat pass="22" fail="3" skip="0">All Tests</stat>
</total>
<tag>
<stat pass="1" fail="0" skip="0">Questions</stat>
</tag>
<suite>
<stat pass="22" fail="3" skip="0" id="s1" name="Tests">Tests</stat>
<stat pass="11" fail="1" skip="0" id="s1-s1" name="AdminPortal.robot">Tests.AdminPortal.robot</stat>
<stat pass="2" fail="0" skip="0" id="s1-s1-s1" name="AnalyticsViewerAdmin">Tests.AdminPortal.robot.AnalyticsViewerAdmin</stat>
<stat pass="1" fail="1" skip="0" id="s1-s1-s2" name="BuildingAdmin">Tests.AdminPortal.robot.BuildingAdmin</stat>
<stat pass="2" fail="0" skip="0" id="s1-s1-s3" name="ShiftAdmin">Tests.AdminPortal.robot.ShiftAdmin</stat>
<stat pass="2" fail="0" skip="0" id="s1-s1-s4" name="ShiftAssistantAdmin">Tests.AdminPortal.robot.ShiftAssistantAdmin</stat>
<stat pass="2" fail="0" skip="0" id="s1-s1-s5" name="ShiftHostAdmin">Tests.AdminPortal.robot.ShiftHostAdmin</stat>
<stat pass="2" fail="0" skip="0" id="s1-s1-s6" name="SubscriptionAdmin">Tests.AdminPortal.robot.SubscriptionAdmin</stat>
<stat pass="11" fail="2" skip="0" id="s1-s2" name="UserApp.robot">Tests.UserApp.robot</stat>
<stat pass="2" fail="1" skip="0" id="s1-s2-s1" name="Connections">Tests.UserApp.robot.Connections</stat>
<stat pass="1" fail="0" skip="0" id="s1-s2-s2" name="End User Login">Tests.UserApp.robot.End User Login</stat>
<stat pass="1" fail="0" skip="0" id="s1-s2-s3" name="End User Logout">Tests.UserApp.robot.End User Logout</stat>
<stat pass="3" fail="0" skip="0" id="s1-s2-s4" name="Shift Booking End User">Tests.UserApp.robot.Shift Booking End User</stat>
<stat pass="4" fail="1" skip="0" id="s1-s2-s5" name="Your Profile Links">Tests.UserApp.robot.Your Profile Links</stat>
</suite>
</statistics>
<errors>
</errors>
</robot>
