<?xml version="1.0" encoding="UTF-8"?>
<robot generator="Robot 4.1.3 (Python 3.8.10 on win32)" generated="20220405 22:34:49.627" rpa="false" schemaversion="2">
<suite id="s1" name="Tests" source="C:\Users\d.nedeljkov\Desktop\Mapiq One Automation\Tests">
<suite id="s1-s1" name="AdminPortal.robot" source="C:\Users\d.nedeljkov\Desktop\Mapiq One Automation\Tests\AdminPortal.robot">
<suite id="s1-s1-s1" name="AnalyticsViewerAdmin" source="C:\Users\d.nedeljkov\Desktop\Mapiq One Automation\Tests\AdminPortal.robot\AnalyticsViewerAdmin.robot">
<test id="s1-s1-s1-t1" name="Login into the Admin Portal as a Analytics Viewer Admin">
<kw name="Begin Web Test Admin portal" library="SetupTeardown" type="SETUP">
<kw name="Open Browser" library="SeleniumLibrary">
<arg>about:blank</arg>
<arg>${BROWSER}</arg>
<doc>Opens a new browser instance to the optional ``url``.</doc>
<msg timestamp="20220405 22:34:49.957" level="INFO">Opening browser 'chrome' to base url 'about:blank'.</msg>
<status status="PASS" starttime="20220405 22:34:49.956" endtime="20220405 22:34:51.660"/>
</kw>
<kw name="Maximize Browser Window" library="SeleniumLibrary">
<doc>Maximizes current browser window.</doc>
<status status="PASS" starttime="20220405 22:34:51.661" endtime="20220405 22:34:51.795"/>
</kw>
<kw name="Go To" library="SeleniumLibrary">
<arg>${URL_ADMIN_PORTAL}</arg>
<doc>Navigates the current browser window to the provided ``url``.</doc>
<msg timestamp="20220405 22:34:51.795" level="INFO">Opening url 'https://admin-test.mapiq-universe.com/#'</msg>
<status status="PASS" starttime="20220405 22:34:51.795" endtime="20220405 22:34:53.268"/>
</kw>
<status status="PASS" starttime="20220405 22:34:49.956" endtime="20220405 22:34:53.268"/>
</kw>
<kw name="Analytics Viewer Admin Login" library="AdminPortalPage">
<kw name="Analytics Viewer Admin logs in" library="LandingAdminPortal">
<kw name="Click Button" library="SeleniumLibrary">
<arg>${admin_portal_first_sign_in_button}</arg>
<doc>Clicks the button identified by ``locator``.</doc>
<msg timestamp="20220405 22:34:53.271" level="INFO">Clicking button '//body/log-in[@class='Body Login-body']//button[@class='MpqButton']'.</msg>
<status status="PASS" starttime="20220405 22:34:53.270" endtime="20220405 22:34:53.348"/>
</kw>
<kw name="Wait Until Element Is Visible" library="SeleniumLibrary">
<arg>${admin_portal_continue_button}</arg>
<doc>Waits until the element ``locator`` is visible.</doc>
<status status="PASS" starttime="20220405 22:34:53.348" endtime="20220405 22:34:55.288"/>
</kw>
<kw name="Input Text" library="SeleniumLibrary">
<arg>${admin_portal_email_address_field}</arg>
<arg>${analytics_viewer_email}</arg>
<doc>Types the given ``text`` into the text field identified by ``locator``.</doc>
<msg timestamp="20220405 22:34:55.289" level="INFO">Typing text 'qa_analytics_viewer@test1.mapiq.net' into text field 'id=signInName'.</msg>
<status status="PASS" starttime="20220405 22:34:55.288" endtime="20220405 22:34:55.437"/>
</kw>
<kw name="Click Button" library="SeleniumLibrary">
<arg>${admin_portal_continue_button}</arg>
<doc>Clicks the button identified by ``locator``.</doc>
<msg timestamp="20220405 22:34:55.437" level="INFO">Clicking button 'xpath:/html//button[@id='continue']'.</msg>
<status status="PASS" starttime="20220405 22:34:55.437" endtime="20220405 22:34:55.693"/>
</kw>
<kw name="Wait Until Element Is Visible" library="SeleniumLibrary">
<arg>${admin_portal_second_sign_in_button}</arg>
<doc>Waits until the element ``locator`` is visible.</doc>
<status status="PASS" starttime="20220405 22:34:55.693" endtime="20220405 22:34:56.484"/>
</kw>
<kw name="Input Text" library="SeleniumLibrary">
<arg>${admin_portal_password_field}</arg>
<arg>${analytics_viewer_password}</arg>
<doc>Types the given ``text`` into the text field identified by ``locator``.</doc>
<msg timestamp="20220405 22:34:56.485" level="INFO">Typing text 'QA-Analyt1cs-V1ewer' into text field 'xpath:/html//input[@id='password']'.</msg>
<status status="PASS" starttime="20220405 22:34:56.485" endtime="20220405 22:34:56.572"/>
</kw>
<kw name="Click Button" library="SeleniumLibrary">
<arg>${admin_portal_second_sign_in_button}</arg>
<doc>Clicks the button identified by ``locator``.</doc>
<msg timestamp="20220405 22:34:56.572" level="INFO">Clicking button 'xpath:/html//button[@id='next']'.</msg>
<status status="PASS" starttime="20220405 22:34:56.572" endtime="20220405 22:34:56.618"/>
</kw>
<kw name="Wait Until Element Is Visible" library="SeleniumLibrary">
<arg>${admin_portal_header_title}</arg>
<doc>Waits until the element ``locator`` is visible.</doc>
<status status="PASS" starttime="20220405 22:34:56.618" endtime="20220405 22:34:59.915"/>
</kw>
<status status="PASS" starttime="20220405 22:34:53.269" endtime="20220405 22:34:59.915"/>
</kw>
<status status="PASS" starttime="20220405 22:34:53.268" endtime="20220405 22:34:59.915"/>
</kw>
<kw name="End Web Test" library="SetupTeardown" type="TEARDOWN">
<kw name="Close All Browsers" library="SeleniumLibrary">
<doc>Closes all open browsers and resets the browser cache.</doc>
<status status="PASS" starttime="20220405 22:34:59.916" endtime="20220405 22:35:02.206"/>
</kw>
<status status="PASS" starttime="20220405 22:34:59.916" endtime="20220405 22:35:02.206"/>
</kw>
<status status="PASS" starttime="20220405 22:34:49.955" endtime="20220405 22:35:02.207"/>
</test>
<test id="s1-s1-s1-t2" name="Analytics Viewer Admin can see only Analytics tab">
<kw name="Begin Web Test Admin portal" library="SetupTeardown" type="SETUP">
<kw name="Open Browser" library="SeleniumLibrary">
<arg>about:blank</arg>
<arg>${BROWSER}</arg>
<doc>Opens a new browser instance to the optional ``url``.</doc>
<msg timestamp="20220405 22:35:02.210" level="INFO">Opening browser 'chrome' to base url 'about:blank'.</msg>
<status status="PASS" starttime="20220405 22:35:02.210" endtime="20220405 22:35:03.602"/>
</kw>
<kw name="Maximize Browser Window" library="SeleniumLibrary">
<doc>Maximizes current browser window.</doc>
<status status="PASS" starttime="20220405 22:35:03.602" endtime="20220405 22:35:03.724"/>
</kw>
<kw name="Go To" library="SeleniumLibrary">
<arg>${URL_ADMIN_PORTAL}</arg>
<doc>Navigates the current browser window to the provided ``url``.</doc>
<msg timestamp="20220405 22:35:03.725" level="INFO">Opening url 'https://admin-test.mapiq-universe.com/#'</msg>
<status status="PASS" starttime="20220405 22:35:03.724" endtime="20220405 22:35:04.823"/>
</kw>
<status status="PASS" starttime="20220405 22:35:02.209" endtime="20220405 22:35:04.824"/>
</kw>
<kw name="Analytics Viewer Admin Login" library="AdminPortalPage">
<kw name="Analytics Viewer Admin logs in" library="LandingAdminPortal">
<kw name="Click Button" library="SeleniumLibrary">
<arg>${admin_portal_first_sign_in_button}</arg>
<doc>Clicks the button identified by ``locator``.</doc>
<msg timestamp="20220405 22:35:04.826" level="INFO">Clicking button '//body/log-in[@class='Body Login-body']//button[@class='MpqButton']'.</msg>
<status status="PASS" starttime="20220405 22:35:04.826" endtime="20220405 22:35:04.896"/>
</kw>
<kw name="Wait Until Element Is Visible" library="SeleniumLibrary">
<arg>${admin_portal_continue_button}</arg>
<doc>Waits until the element ``locator`` is visible.</doc>
<status status="PASS" starttime="20220405 22:35:04.897" endtime="20220405 22:35:06.524"/>
</kw>
<kw name="Input Text" library="SeleniumLibrary">
<arg>${admin_portal_email_address_field}</arg>
<arg>${analytics_viewer_email}</arg>
<doc>Types the given ``text`` into the text field identified by ``locator``.</doc>
<msg timestamp="20220405 22:35:06.524" level="INFO">Typing text 'qa_analytics_viewer@test1.mapiq.net' into text field 'id=signInName'.</msg>
<status status="PASS" starttime="20220405 22:35:06.524" endtime="20220405 22:35:06.711"/>
</kw>
<kw name="Click Button" library="SeleniumLibrary">
<arg>${admin_portal_continue_button}</arg>
<doc>Clicks the button identified by ``locator``.</doc>
<msg timestamp="20220405 22:35:06.711" level="INFO">Clicking button 'xpath:/html//button[@id='continue']'.</msg>
<status status="PASS" starttime="20220405 22:35:06.711" endtime="20220405 22:35:07.357"/>
</kw>
<kw name="Wait Until Element Is Visible" library="SeleniumLibrary">
<arg>${admin_portal_second_sign_in_button}</arg>
<doc>Waits until the element ``locator`` is visible.</doc>
<status status="PASS" starttime="20220405 22:35:07.357" endtime="20220405 22:35:07.606"/>
</kw>
<kw name="Input Text" library="SeleniumLibrary">
<arg>${admin_portal_password_field}</arg>
<arg>${analytics_viewer_password}</arg>
<doc>Types the given ``text`` into the text field identified by ``locator``.</doc>
<msg timestamp="20220405 22:35:07.607" level="INFO">Typing text 'QA-Analyt1cs-V1ewer' into text field 'xpath:/html//input[@id='password']'.</msg>
<status status="PASS" starttime="20220405 22:35:07.607" endtime="20220405 22:35:07.712"/>
</kw>
<kw name="Click Button" library="SeleniumLibrary">
<arg>${admin_portal_second_sign_in_button}</arg>
<doc>Clicks the button identified by ``locator``.</doc>
<msg timestamp="20220405 22:35:07.713" level="INFO">Clicking button 'xpath:/html//button[@id='next']'.</msg>
<status status="PASS" starttime="20220405 22:35:07.712" endtime="20220405 22:35:07.808"/>
</kw>
<kw name="Wait Until Element Is Visible" library="SeleniumLibrary">
<arg>${admin_portal_header_title}</arg>
<doc>Waits until the element ``locator`` is visible.</doc>
<status status="PASS" starttime="20220405 22:35:07.809" endtime="20220405 22:35:11.566"/>
</kw>
<status status="PASS" starttime="20220405 22:35:04.825" endtime="20220405 22:35:11.566"/>
</kw>
<status status="PASS" starttime="20220405 22:35:04.825" endtime="20220405 22:35:11.566"/>
</kw>
<kw name="Analytics Viewer has Permissions to see only Analytics tab" library="AdminPortalPage">
<kw name="Analytics Viewer see Analytics tab only" library="AdminPortalTabs">
<kw name="Wait Until Element Is Not Visible" library="SeleniumLibrary">
<arg>${home_tab_button}</arg>
<doc>Waits until the element ``locator`` is not visible.</doc>
<status status="PASS" starttime="20220405 22:35:11.567" endtime="20220405 22:35:11.578"/>
</kw>
<kw name="Wait Until Element Is Not Visible" library="SeleniumLibrary">
<arg>${shifts_tab_button}</arg>
<doc>Waits until the element ``locator`` is not visible.</doc>
<status status="PASS" starttime="20220405 22:35:11.578" endtime="20220405 22:35:11.586"/>
</kw>
<kw name="Wait Until Element Is Not Visible" library="SeleniumLibrary">
<arg>${buildings_tab_button}</arg>
<doc>Waits until the element ``locator`` is not visible.</doc>
<status status="PASS" starttime="20220405 22:35:11.586" endtime="20220405 22:35:11.595"/>
</kw>
<kw name="Wait Until Element Is Not Visible" library="SeleniumLibrary">
<arg>${people_tab_button}</arg>
<doc>Waits until the element ``locator`` is not visible.</doc>
<status status="PASS" starttime="20220405 22:35:11.596" endtime="20220405 22:35:11.604"/>
</kw>
<kw name="Wait Until Element Is Not Visible" library="SeleniumLibrary">
<arg>${access_tab_button}</arg>
<doc>Waits until the element ``locator`` is not visible.</doc>
<status status="PASS" starttime="20220405 22:35:11.605" endtime="20220405 22:35:11.616"/>
</kw>
<kw name="Wait Until Element Is Visible" library="SeleniumLibrary">
<arg>${analytics_tab_button}</arg>
<doc>Waits until the element ``locator`` is visible.</doc>
<status status="PASS" starttime="20220405 22:35:11.616" endtime="20220405 22:35:14.665"/>
</kw>
<kw name="Wait Until Element Is Not Visible" library="SeleniumLibrary">
<arg>${settings_tab_button}</arg>
<doc>Waits until the element ``locator`` is not visible.</doc>
<status status="PASS" starttime="20220405 22:35:14.665" endtime="20220405 22:35:14.675"/>
</kw>
<status status="PASS" starttime="20220405 22:35:11.567" endtime="20220405 22:35:14.675"/>
</kw>
<status status="PASS" starttime="20220405 22:35:11.567" endtime="20220405 22:35:14.675"/>
</kw>
<kw name="End Web Test" library="SetupTeardown" type="TEARDOWN">
<kw name="Close All Browsers" library="SeleniumLibrary">
<doc>Closes all open browsers and resets the browser cache.</doc>
<status status="PASS" starttime="20220405 22:35:14.676" endtime="20220405 22:35:18.502"/>
</kw>
<status status="PASS" starttime="20220405 22:35:14.676" endtime="20220405 22:35:18.502"/>
</kw>
<status status="PASS" starttime="20220405 22:35:02.208" endtime="20220405 22:35:18.503"/>
</test>
<doc>Tests for a Shift Assistans Admin
To run these tests, enter the "Tests" folder (cd Tests) and enter "robot -d results AdminPortal.robot/AnalyticsViewerAdmin.robot" in the Terminal</doc>
<status status="PASS" starttime="20220405 22:34:49.656" endtime="20220405 22:35:18.505"/>
</suite>
<suite id="s1-s1-s2" name="BuildingAdmin" source="C:\Users\d.nedeljkov\Desktop\Mapiq One Automation\Tests\AdminPortal.robot\BuildingAdmin.robot">
<test id="s1-s1-s2-t1" name="Login into the Admin Portal as a Building Admin">
<kw name="Begin Web Test Admin portal" library="SetupTeardown" type="SETUP">
<kw name="Open Browser" library="SeleniumLibrary">
<arg>about:blank</arg>
<arg>${BROWSER}</arg>
<doc>Opens a new browser instance to the optional ``url``.</doc>
<msg timestamp="20220405 22:35:18.519" level="INFO">Opening browser 'chrome' to base url 'about:blank'.</msg>
<status status="PASS" starttime="20220405 22:35:18.518" endtime="20220405 22:35:19.879"/>
</kw>
<kw name="Maximize Browser Window" library="SeleniumLibrary">
<doc>Maximizes current browser window.</doc>
<status status="PASS" starttime="20220405 22:35:19.879" endtime="20220405 22:35:20.012"/>
</kw>
<kw name="Go To" library="SeleniumLibrary">
<arg>${URL_ADMIN_PORTAL}</arg>
<doc>Navigates the current browser window to the provided ``url``.</doc>
<msg timestamp="20220405 22:35:20.012" level="INFO">Opening url 'https://admin-test.mapiq-universe.com/#'</msg>
<status status="PASS" starttime="20220405 22:35:20.012" endtime="20220405 22:35:21.160"/>
</kw>
<status status="PASS" starttime="20220405 22:35:18.517" endtime="20220405 22:35:21.160"/>
</kw>
<kw name="Building Admin Login" library="AdminPortalPage">
<kw name="Building Admin logs in" library="LandingAdminPortal">
<kw name="Click Button" library="SeleniumLibrary">
<arg>${admin_portal_first_sign_in_button}</arg>
<doc>Clicks the button identified by ``locator``.</doc>
<msg timestamp="20220405 22:35:21.163" level="INFO">Clicking button '//body/log-in[@class='Body Login-body']//button[@class='MpqButton']'.</msg>
<status status="PASS" starttime="20220405 22:35:21.162" endtime="20220405 22:35:21.228"/>
</kw>
<kw name="Wait Until Element Is Visible" library="SeleniumLibrary">
<arg>${admin_portal_continue_button}</arg>
<doc>Waits until the element ``locator`` is visible.</doc>
<status status="PASS" starttime="20220405 22:35:21.228" endtime="20220405 22:35:22.676"/>
</kw>
<kw name="Input Text" library="SeleniumLibrary">
<arg>${admin_portal_email_address_field}</arg>
<arg>${building_admin_email}</arg>
<doc>Types the given ``text`` into the text field identified by ``locator``.</doc>
<msg timestamp="20220405 22:35:22.677" level="INFO">Typing text 'qa_building_admin@test1.mapiq.net' into text field 'id=signInName'.</msg>
<status status="PASS" starttime="20220405 22:35:22.676" endtime="20220405 22:35:22.846"/>
</kw>
<kw name="Click Button" library="SeleniumLibrary">
<arg>${admin_portal_continue_button}</arg>
<doc>Clicks the button identified by ``locator``.</doc>
<msg timestamp="20220405 22:35:22.847" level="INFO">Clicking button 'xpath:/html//button[@id='continue']'.</msg>
<status status="PASS" starttime="20220405 22:35:22.846" endtime="20220405 22:35:23.065"/>
</kw>
<kw name="Wait Until Element Is Visible" library="SeleniumLibrary">
<arg>${admin_portal_second_sign_in_button}</arg>
<doc>Waits until the element ``locator`` is visible.</doc>
<status status="PASS" starttime="20220405 22:35:23.066" endtime="20220405 22:35:23.664"/>
</kw>
<kw name="Input Text" library="SeleniumLibrary">
<arg>${admin_portal_password_field}</arg>
<arg>${building_admin_password}</arg>
<doc>Types the given ``text`` into the text field identified by ``locator``.</doc>
<msg timestamp="20220405 22:35:23.664" level="INFO">Typing text 'QA-Bu1ld1ng-Adm1n' into text field 'xpath:/html//input[@id='password']'.</msg>
<status status="PASS" starttime="20220405 22:35:23.664" endtime="20220405 22:35:23.756"/>
</kw>
<kw name="Click Button" library="SeleniumLibrary">
<arg>${admin_portal_second_sign_in_button}</arg>
<doc>Clicks the button identified by ``locator``.</doc>
<msg timestamp="20220405 22:35:23.756" level="INFO">Clicking button 'xpath:/html//button[@id='next']'.</msg>
<status status="PASS" starttime="20220405 22:35:23.756" endtime="20220405 22:35:23.799"/>
</kw>
<kw name="Wait Until Element Is Visible" library="SeleniumLibrary">
<arg>${admin_portal_header_title}</arg>
<doc>Waits until the element ``locator`` is visible.</doc>
<status status="PASS" starttime="20220405 22:35:23.799" endtime="20220405 22:35:26.216"/>
</kw>
<status status="PASS" starttime="20220405 22:35:21.162" endtime="20220405 22:35:26.216"/>
</kw>
<status status="PASS" starttime="20220405 22:35:21.161" endtime="20220405 22:35:26.217"/>
</kw>
<kw name="End Web Test" library="SetupTeardown" type="TEARDOWN">
<kw name="Close All Browsers" library="SeleniumLibrary">
<doc>Closes all open browsers and resets the browser cache.</doc>
<status status="PASS" starttime="20220405 22:35:26.218" endtime="20220405 22:35:28.506"/>
</kw>
<status status="PASS" starttime="20220405 22:35:26.217" endtime="20220405 22:35:28.506"/>
</kw>
<status status="PASS" starttime="20220405 22:35:18.517" endtime="20220405 22:35:28.506"/>
</test>
<test id="s1-s1-s2-t2" name="Building Admin Permissions">
<kw name="Begin Web Test Admin portal" library="SetupTeardown" type="SETUP">
<kw name="Open Browser" library="SeleniumLibrary">
<arg>about:blank</arg>
<arg>${BROWSER}</arg>
<doc>Opens a new browser instance to the optional ``url``.</doc>
<msg timestamp="20220405 22:35:28.509" level="INFO">Opening browser 'chrome' to base url 'about:blank'.</msg>
<status status="PASS" starttime="20220405 22:35:28.508" endtime="20220405 22:35:29.907"/>
</kw>
<kw name="Maximize Browser Window" library="SeleniumLibrary">
<doc>Maximizes current browser window.</doc>
<status status="PASS" starttime="20220405 22:35:29.907" endtime="20220405 22:35:30.035"/>
</kw>
<kw name="Go To" library="SeleniumLibrary">
<arg>${URL_ADMIN_PORTAL}</arg>
<doc>Navigates the current browser window to the provided ``url``.</doc>
<msg timestamp="20220405 22:35:30.035" level="INFO">Opening url 'https://admin-test.mapiq-universe.com/#'</msg>
<status status="PASS" starttime="20220405 22:35:30.035" endtime="20220405 22:35:31.765"/>
</kw>
<status status="PASS" starttime="20220405 22:35:28.508" endtime="20220405 22:35:31.765"/>
</kw>
<kw name="Building Admin Login" library="AdminPortalPage">
<kw name="Building Admin logs in" library="LandingAdminPortal">
<kw name="Click Button" library="SeleniumLibrary">
<arg>${admin_portal_first_sign_in_button}</arg>
<doc>Clicks the button identified by ``locator``.</doc>
<msg timestamp="20220405 22:35:31.767" level="INFO">Clicking button '//body/log-in[@class='Body Login-body']//button[@class='MpqButton']'.</msg>
<status status="PASS" starttime="20220405 22:35:31.767" endtime="20220405 22:35:31.832"/>
</kw>
<kw name="Wait Until Element Is Visible" library="SeleniumLibrary">
<arg>${admin_portal_continue_button}</arg>
<doc>Waits until the element ``locator`` is visible.</doc>
<status status="PASS" starttime="20220405 22:35:31.832" endtime="20220405 22:35:33.766"/>
</kw>
<kw name="Input Text" library="SeleniumLibrary">
<arg>${admin_portal_email_address_field}</arg>
<arg>${building_admin_email}</arg>
<doc>Types the given ``text`` into the text field identified by ``locator``.</doc>
<msg timestamp="20220405 22:35:33.767" level="INFO">Typing text 'qa_building_admin@test1.mapiq.net' into text field 'id=signInName'.</msg>
<status status="PASS" starttime="20220405 22:35:33.766" endtime="20220405 22:35:33.898"/>
</kw>
<kw name="Click Button" library="SeleniumLibrary">
<arg>${admin_portal_continue_button}</arg>
<doc>Clicks the button identified by ``locator``.</doc>
<msg timestamp="20220405 22:35:33.898" level="INFO">Clicking button 'xpath:/html//button[@id='continue']'.</msg>
<status status="PASS" starttime="20220405 22:35:33.898" endtime="20220405 22:35:34.639"/>
</kw>
<kw name="Wait Until Element Is Visible" library="SeleniumLibrary">
<arg>${admin_portal_second_sign_in_button}</arg>
<doc>Waits until the element ``locator`` is visible.</doc>
<status status="PASS" starttime="20220405 22:35:34.640" endtime="20220405 22:35:34.880"/>
</kw>
<kw name="Input Text" library="SeleniumLibrary">
<arg>${admin_portal_password_field}</arg>
<arg>${building_admin_password}</arg>
<doc>Types the given ``text`` into the text field identified by ``locator``.</doc>
<msg timestamp="20220405 22:35:34.880" level="INFO">Typing text 'QA-Bu1ld1ng-Adm1n' into text field 'xpath:/html//input[@id='password']'.</msg>
<status status="PASS" starttime="20220405 22:35:34.880" endtime="20220405 22:35:34.984"/>
</kw>
<kw name="Click Button" library="SeleniumLibrary">
<arg>${admin_portal_second_sign_in_button}</arg>
<doc>Clicks the button identified by ``locator``.</doc>
<msg timestamp="20220405 22:35:34.984" level="INFO">Clicking button 'xpath:/html//button[@id='next']'.</msg>
<status status="PASS" starttime="20220405 22:35:34.984" endtime="20220405 22:35:35.342"/>
</kw>
<kw name="Wait Until Element Is Visible" library="SeleniumLibrary">
<arg>${admin_portal_header_title}</arg>
<doc>Waits until the element ``locator`` is visible.</doc>
<status status="PASS" starttime="20220405 22:35:35.342" endtime="20220405 22:35:38.131"/>
</kw>
<status status="PASS" starttime="20220405 22:35:31.766" endtime="20220405 22:35:38.132"/>
</kw>
<status status="PASS" starttime="20220405 22:35:31.766" endtime="20220405 22:35:38.132"/>
</kw>
<kw name="Building Admin has Permissions to see all tabs" library="AdminPortalPage">
<kw name="Building Admin can see all tabs" library="AdminPortalTabs">
<kw name="Wait Until Element Is Visible" library="SeleniumLibrary">
<arg>${home_tab_button}</arg>
<doc>Waits until the element ``locator`` is visible.</doc>
<status status="PASS" starttime="20220405 22:35:38.134" endtime="20220405 22:35:40.328"/>
</kw>
<kw name="Wait Until Element Is Visible" library="SeleniumLibrary">
<arg>${shifts_tab_button}</arg>
<doc>Waits until the element ``locator`` is visible.</doc>
<status status="PASS" starttime="20220405 22:35:40.328" endtime="20220405 22:35:40.344"/>
</kw>
<kw name="Wait Until Element Is Visible" library="SeleniumLibrary">
<arg>${buildings_tab_button}</arg>
<doc>Waits until the element ``locator`` is visible.</doc>
<status status="PASS" starttime="20220405 22:35:40.344" endtime="20220405 22:35:40.362"/>
</kw>
<kw name="Wait Until Element Is Visible" library="SeleniumLibrary">
<arg>${people_tab_button}</arg>
<doc>Waits until the element ``locator`` is visible.</doc>
<status status="PASS" starttime="20220405 22:35:40.363" endtime="20220405 22:35:40.380"/>
</kw>
<kw name="Wait Until Element Is Visible" library="SeleniumLibrary">
<arg>${access_tab_button}</arg>
<doc>Waits until the element ``locator`` is visible.</doc>
<status status="PASS" starttime="20220405 22:35:40.380" endtime="20220405 22:35:40.396"/>
</kw>
<kw name="Wait Until Element Is Visible" library="SeleniumLibrary">
<arg>${analytics_tab_button}</arg>
<doc>Waits until the element ``locator`` is visible.</doc>
<status status="PASS" starttime="20220405 22:35:40.396" endtime="20220405 22:35:40.415"/>
</kw>
<kw name="Wait Until Element Is Visible" library="SeleniumLibrary">
<arg>${settings_tab_button}</arg>
<doc>Waits until the element ``locator`` is visible.</doc>
<status status="PASS" starttime="20220405 22:35:40.415" endtime="20220405 22:35:40.432"/>
</kw>
<status status="PASS" starttime="20220405 22:35:38.134" endtime="20220405 22:35:40.432"/>
</kw>
<status status="PASS" starttime="20220405 22:35:38.133" endtime="20220405 22:35:40.432"/>
</kw>
<kw name="End Web Test" library="SetupTeardown" type="TEARDOWN">
<kw name="Close All Browsers" library="SeleniumLibrary">
<doc>Closes all open browsers and resets the browser cache.</doc>
<status status="PASS" starttime="20220405 22:35:40.434" endtime="20220405 22:35:42.700"/>
</kw>
<status status="PASS" starttime="20220405 22:35:40.434" endtime="20220405 22:35:42.700"/>
</kw>
<status status="PASS" starttime="20220405 22:35:28.507" endtime="20220405 22:35:42.701"/>
</test>
<doc>Tests for a Building Admin
To run these tests, enter the "Tests" folder (cd Tests) and enter "robot -d results AdminPortal.robot/BuildingAdmin.robot" in the Terminal</doc>
<status status="PASS" starttime="20220405 22:35:18.507" endtime="20220405 22:35:42.703"/>
</suite>
<suite id="s1-s1-s3" name="ShiftAdmin" source="C:\Users\d.nedeljkov\Desktop\Mapiq One Automation\Tests\AdminPortal.robot\ShiftAdmin.robot">
<test id="s1-s1-s3-t1" name="Login into the Admin Portal as a Shift Admin">
<kw name="Begin Web Test Admin portal" library="SetupTeardown" type="SETUP">
<kw name="Open Browser" library="SeleniumLibrary">
<arg>about:blank</arg>
<arg>${BROWSER}</arg>
<doc>Opens a new browser instance to the optional ``url``.</doc>
<msg timestamp="20220405 22:35:42.717" level="INFO">Opening browser 'chrome' to base url 'about:blank'.</msg>
<status status="PASS" starttime="20220405 22:35:42.717" endtime="20220405 22:35:44.049"/>
</kw>
<kw name="Maximize Browser Window" library="SeleniumLibrary">
<doc>Maximizes current browser window.</doc>
<status status="PASS" starttime="20220405 22:35:44.049" endtime="20220405 22:35:44.175"/>
</kw>
<kw name="Go To" library="SeleniumLibrary">
<arg>${URL_ADMIN_PORTAL}</arg>
<doc>Navigates the current browser window to the provided ``url``.</doc>
<msg timestamp="20220405 22:35:44.176" level="INFO">Opening url 'https://admin-test.mapiq-universe.com/#'</msg>
<status status="PASS" starttime="20220405 22:35:44.175" endtime="20220405 22:35:45.396"/>
</kw>
<status status="PASS" starttime="20220405 22:35:42.716" endtime="20220405 22:35:45.396"/>
</kw>
<kw name="Shift Admin Login" library="AdminPortalPage">
<kw name="Shift Admin logs in" library="LandingAdminPortal">
<kw name="Click Button" library="SeleniumLibrary">
<arg>${admin_portal_first_sign_in_button}</arg>
<doc>Clicks the button identified by ``locator``.</doc>
<msg timestamp="20220405 22:35:45.398" level="INFO">Clicking button '//body/log-in[@class='Body Login-body']//button[@class='MpqButton']'.</msg>
<status status="PASS" starttime="20220405 22:35:45.398" endtime="20220405 22:35:45.462"/>
</kw>
<kw name="Wait Until Element Is Visible" library="SeleniumLibrary">
<arg>${admin_portal_continue_button}</arg>
<doc>Waits until the element ``locator`` is visible.</doc>
<status status="PASS" starttime="20220405 22:35:45.462" endtime="20220405 22:35:47.047"/>
</kw>
<kw name="Input Text" library="SeleniumLibrary">
<arg>${admin_portal_email_address_field}</arg>
<arg>${shift_admin_email}</arg>
<doc>Types the given ``text`` into the text field identified by ``locator``.</doc>
<msg timestamp="20220405 22:35:47.048" level="INFO">Typing text 'qa_shift_admin@test1.mapiq.net' into text field 'id=signInName'.</msg>
<status status="PASS" starttime="20220405 22:35:47.048" endtime="20220405 22:35:47.220"/>
</kw>
<kw name="Click Button" library="SeleniumLibrary">
<arg>${admin_portal_continue_button}</arg>
<doc>Clicks the button identified by ``locator``.</doc>
<msg timestamp="20220405 22:35:47.220" level="INFO">Clicking button 'xpath:/html//button[@id='continue']'.</msg>
<status status="PASS" starttime="20220405 22:35:47.220" endtime="20220405 22:35:47.460"/>
</kw>
<kw name="Wait Until Element Is Visible" library="SeleniumLibrary">
<arg>${admin_portal_second_sign_in_button}</arg>
<doc>Waits until the element ``locator`` is visible.</doc>
<status status="PASS" starttime="20220405 22:35:47.460" endtime="20220405 22:35:47.968"/>
</kw>
<kw name="Input Text" library="SeleniumLibrary">
<arg>${admin_portal_password_field}</arg>
<arg>${shift_admin_password}</arg>
<doc>Types the given ``text`` into the text field identified by ``locator``.</doc>
<msg timestamp="20220405 22:35:47.968" level="INFO">Typing text 'QA-Sh1ft-Adm1n' into text field 'xpath:/html//input[@id='password']'.</msg>
<status status="PASS" starttime="20220405 22:35:47.968" endtime="20220405 22:35:48.060"/>
</kw>
<kw name="Click Button" library="SeleniumLibrary">
<arg>${admin_portal_second_sign_in_button}</arg>
<doc>Clicks the button identified by ``locator``.</doc>
<msg timestamp="20220405 22:35:48.060" level="INFO">Clicking button 'xpath:/html//button[@id='next']'.</msg>
<status status="PASS" starttime="20220405 22:35:48.060" endtime="20220405 22:35:48.105"/>
</kw>
<kw name="Wait Until Element Is Visible" library="SeleniumLibrary">
<arg>${admin_portal_header_title}</arg>
<doc>Waits until the element ``locator`` is visible.</doc>
<status status="PASS" starttime="20220405 22:35:48.105" endtime="20220405 22:35:50.586"/>
</kw>
<status status="PASS" starttime="20220405 22:35:45.397" endtime="20220405 22:35:50.586"/>
</kw>
<status status="PASS" starttime="20220405 22:35:45.397" endtime="20220405 22:35:50.586"/>
</kw>
<kw name="End Web Test" library="SetupTeardown" type="TEARDOWN">
<kw name="Close All Browsers" library="SeleniumLibrary">
<doc>Closes all open browsers and resets the browser cache.</doc>
<status status="PASS" starttime="20220405 22:35:50.587" endtime="20220405 22:35:52.745"/>
</kw>
<status status="PASS" starttime="20220405 22:35:50.587" endtime="20220405 22:35:52.745"/>
</kw>
<status status="PASS" starttime="20220405 22:35:42.716" endtime="20220405 22:35:52.746"/>
</test>
<test id="s1-s1-s3-t2" name="Shift Admin Permissions">
<kw name="Begin Web Test Admin portal" library="SetupTeardown" type="SETUP">
<kw name="Open Browser" library="SeleniumLibrary">
<arg>about:blank</arg>
<arg>${BROWSER}</arg>
<doc>Opens a new browser instance to the optional ``url``.</doc>
<msg timestamp="20220405 22:35:52.749" level="INFO">Opening browser 'chrome' to base url 'about:blank'.</msg>
<status status="PASS" starttime="20220405 22:35:52.749" endtime="20220405 22:35:54.174"/>
</kw>
<kw name="Maximize Browser Window" library="SeleniumLibrary">
<doc>Maximizes current browser window.</doc>
<status status="PASS" starttime="20220405 22:35:54.174" endtime="20220405 22:35:54.296"/>
</kw>
<kw name="Go To" library="SeleniumLibrary">
<arg>${URL_ADMIN_PORTAL}</arg>
<doc>Navigates the current browser window to the provided ``url``.</doc>
<msg timestamp="20220405 22:35:54.297" level="INFO">Opening url 'https://admin-test.mapiq-universe.com/#'</msg>
<status status="PASS" starttime="20220405 22:35:54.297" endtime="20220405 22:35:58.417"/>
</kw>
<status status="PASS" starttime="20220405 22:35:52.748" endtime="20220405 22:35:58.418"/>
</kw>
<kw name="Shift Admin Login" library="AdminPortalPage">
<kw name="Shift Admin logs in" library="LandingAdminPortal">
<kw name="Click Button" library="SeleniumLibrary">
<arg>${admin_portal_first_sign_in_button}</arg>
<doc>Clicks the button identified by ``locator``.</doc>
<msg timestamp="20220405 22:35:58.419" level="INFO">Clicking button '//body/log-in[@class='Body Login-body']//button[@class='MpqButton']'.</msg>
<status status="PASS" starttime="20220405 22:35:58.419" endtime="20220405 22:35:58.481"/>
</kw>
<kw name="Wait Until Element Is Visible" library="SeleniumLibrary">
<arg>${admin_portal_continue_button}</arg>
<doc>Waits until the element ``locator`` is visible.</doc>
<status status="PASS" starttime="20220405 22:35:58.481" endtime="20220405 22:36:00.786"/>
</kw>
<kw name="Input Text" library="SeleniumLibrary">
<arg>${admin_portal_email_address_field}</arg>
<arg>${shift_admin_email}</arg>
<doc>Types the given ``text`` into the text field identified by ``locator``.</doc>
<msg timestamp="20220405 22:36:00.787" level="INFO">Typing text 'qa_shift_admin@test1.mapiq.net' into text field 'id=signInName'.</msg>
<status status="PASS" starttime="20220405 22:36:00.786" endtime="20220405 22:36:00.915"/>
</kw>
<kw name="Click Button" library="SeleniumLibrary">
<arg>${admin_portal_continue_button}</arg>
<doc>Clicks the button identified by ``locator``.</doc>
<msg timestamp="20220405 22:36:00.916" level="INFO">Clicking button 'xpath:/html//button[@id='continue']'.</msg>
<status status="PASS" starttime="20220405 22:36:00.915" endtime="20220405 22:36:00.977"/>
</kw>
<kw name="Wait Until Element Is Visible" library="SeleniumLibrary">
<arg>${admin_portal_second_sign_in_button}</arg>
<doc>Waits until the element ``locator`` is visible.</doc>
<status status="PASS" starttime="20220405 22:36:00.977" endtime="20220405 22:36:01.684"/>
</kw>
<kw name="Input Text" library="SeleniumLibrary">
<arg>${admin_portal_password_field}</arg>
<arg>${shift_admin_password}</arg>
<doc>Types the given ``text`` into the text field identified by ``locator``.</doc>
<msg timestamp="20220405 22:36:01.685" level="INFO">Typing text 'QA-Sh1ft-Adm1n' into text field 'xpath:/html//input[@id='password']'.</msg>
<status status="PASS" starttime="20220405 22:36:01.684" endtime="20220405 22:36:01.778"/>
</kw>
<kw name="Click Button" library="SeleniumLibrary">
<arg>${admin_portal_second_sign_in_button}</arg>
<doc>Clicks the button identified by ``locator``.</doc>
<msg timestamp="20220405 22:36:01.779" level="INFO">Clicking button 'xpath:/html//button[@id='next']'.</msg>
<status status="PASS" starttime="20220405 22:36:01.778" endtime="20220405 22:36:01.826"/>
</kw>
<kw name="Wait Until Element Is Visible" library="SeleniumLibrary">
<arg>${admin_portal_header_title}</arg>
<doc>Waits until the element ``locator`` is visible.</doc>
<status status="PASS" starttime="20220405 22:36:01.826" endtime="20220405 22:36:03.953"/>
</kw>
<status status="PASS" starttime="20220405 22:35:58.419" endtime="20220405 22:36:03.953"/>
</kw>
<status status="PASS" starttime="20220405 22:35:58.418" endtime="20220405 22:36:03.953"/>
</kw>
<kw name="Shift Admin has Permissions to see Home, Shifts, People, Access, Analytics, and Settings tabs but not Buildings tab" library="AdminPortalPage">
<kw name="Shift Admin can see Home, Shifts, People, Access, Analytics, and Settings tabs, but not Buildings tab" library="AdminPortalTabs">
<kw name="Wait Until Element Is Visible" library="SeleniumLibrary">
<arg>${home_tab_button}</arg>
<doc>Waits until the element ``locator`` is visible.</doc>
<status status="PASS" starttime="20220405 22:36:03.955" endtime="20220405 22:36:06.346"/>
</kw>
<kw name="Wait Until Element Is Visible" library="SeleniumLibrary">
<arg>${shifts_tab_button}</arg>
<doc>Waits until the element ``locator`` is visible.</doc>
<status status="PASS" starttime="20220405 22:36:06.346" endtime="20220405 22:36:06.363"/>
</kw>
<kw name="Wait Until Element Is Not Visible" library="SeleniumLibrary">
<arg>${buildings_tab_button}</arg>
<doc>Waits until the element ``locator`` is not visible.</doc>
<status status="PASS" starttime="20220405 22:36:06.363" endtime="20220405 22:36:06.372"/>
</kw>
<kw name="Wait Until Element Is Visible" library="SeleniumLibrary">
<arg>${people_tab_button}</arg>
<doc>Waits until the element ``locator`` is visible.</doc>
<status status="PASS" starttime="20220405 22:36:06.372" endtime="20220405 22:36:06.390"/>
</kw>
<kw name="Wait Until Element Is Visible" library="SeleniumLibrary">
<arg>${access_tab_button}</arg>
<doc>Waits until the element ``locator`` is visible.</doc>
<status status="PASS" starttime="20220405 22:36:06.390" endtime="20220405 22:36:06.408"/>
</kw>
<kw name="Wait Until Element Is Visible" library="SeleniumLibrary">
<arg>${analytics_tab_button}</arg>
<doc>Waits until the element ``locator`` is visible.</doc>
<status status="PASS" starttime="20220405 22:36:06.408" endtime="20220405 22:36:06.424"/>
</kw>
<kw name="Wait Until Element Is Visible" library="SeleniumLibrary">
<arg>${settings_tab_button}</arg>
<doc>Waits until the element ``locator`` is visible.</doc>
<status status="PASS" starttime="20220405 22:36:06.425" endtime="20220405 22:36:06.440"/>
</kw>
<status status="PASS" starttime="20220405 22:36:03.954" endtime="20220405 22:36:06.440"/>
</kw>
<status status="PASS" starttime="20220405 22:36:03.954" endtime="20220405 22:36:06.440"/>
</kw>
<kw name="End Web Test" library="SetupTeardown" type="TEARDOWN">
<kw name="Close All Browsers" library="SeleniumLibrary">
<doc>Closes all open browsers and resets the browser cache.</doc>
<status status="PASS" starttime="20220405 22:36:06.441" endtime="20220405 22:36:08.585"/>
</kw>
<status status="PASS" starttime="20220405 22:36:06.441" endtime="20220405 22:36:08.585"/>
</kw>
<status status="PASS" starttime="20220405 22:35:52.748" endtime="20220405 22:36:08.586"/>
</test>
<doc>Tests for a Shift Admin
To run these tests, enter the "Tests" folder (cd Tests) and enter "robot -d results AdminPortal.robot/ShiftAdmin.robot" in the Terminal</doc>
<status status="PASS" starttime="20220405 22:35:42.705" endtime="20220405 22:36:08.587"/>
</suite>
<suite id="s1-s1-s4" name="ShiftAssistantAdmin" source="C:\Users\d.nedeljkov\Desktop\Mapiq One Automation\Tests\AdminPortal.robot\ShiftAssistantAdmin.robot">
<test id="s1-s1-s4-t1" name="Login into the Admin Portal as a Shift Assistant Admin">
<kw name="Begin Web Test Admin portal" library="SetupTeardown" type="SETUP">
<kw name="Open Browser" library="SeleniumLibrary">
<arg>about:blank</arg>
<arg>${BROWSER}</arg>
<doc>Opens a new browser instance to the optional ``url``.</doc>
<msg timestamp="20220405 22:36:08.600" level="INFO">Opening browser 'chrome' to base url 'about:blank'.</msg>
<status status="PASS" starttime="20220405 22:36:08.599" endtime="20220405 22:36:09.986"/>
</kw>
<kw name="Maximize Browser Window" library="SeleniumLibrary">
<doc>Maximizes current browser window.</doc>
<status status="PASS" starttime="20220405 22:36:09.986" endtime="20220405 22:36:10.110"/>
</kw>
<kw name="Go To" library="SeleniumLibrary">
<arg>${URL_ADMIN_PORTAL}</arg>
<doc>Navigates the current browser window to the provided ``url``.</doc>
<msg timestamp="20220405 22:36:10.110" level="INFO">Opening url 'https://admin-test.mapiq-universe.com/#'</msg>
<status status="PASS" starttime="20220405 22:36:10.110" endtime="20220405 22:36:11.417"/>
</kw>
<status status="PASS" starttime="20220405 22:36:08.599" endtime="20220405 22:36:11.417"/>
</kw>
<kw name="Shift Assistant Admin Login" library="AdminPortalPage">
<kw name="Shift Assistant Admin logs in" library="LandingAdminPortal">
<kw name="Click Button" library="SeleniumLibrary">
<arg>${admin_portal_first_sign_in_button}</arg>
<doc>Clicks the button identified by ``locator``.</doc>
<msg timestamp="20220405 22:36:11.420" level="INFO">Clicking button '//body/log-in[@class='Body Login-body']//button[@class='MpqButton']'.</msg>
<status status="PASS" starttime="20220405 22:36:11.420" endtime="20220405 22:36:11.483"/>
</kw>
<kw name="Wait Until Element Is Visible" library="SeleniumLibrary">
<arg>${admin_portal_continue_button}</arg>
<doc>Waits until the element ``locator`` is visible.</doc>
<status status="PASS" starttime="20220405 22:36:11.483" endtime="20220405 22:36:12.868"/>
</kw>
<kw name="Input Text" library="SeleniumLibrary">
<arg>${admin_portal_email_address_field}</arg>
<arg>${shift_assistant_email}</arg>
<doc>Types the given ``text`` into the text field identified by ``locator``.</doc>
<msg timestamp="20220405 22:36:12.869" level="INFO">Typing text 'qa_shift_assistant@test1.mapiq.net' into text field 'id=signInName'.</msg>
<status status="PASS" starttime="20220405 22:36:12.868" endtime="20220405 22:36:13.028"/>
</kw>
<kw name="Click Button" library="SeleniumLibrary">
<arg>${admin_portal_continue_button}</arg>
<doc>Clicks the button identified by ``locator``.</doc>
<msg timestamp="20220405 22:36:13.029" level="INFO">Clicking button 'xpath:/html//button[@id='continue']'.</msg>
<status status="PASS" starttime="20220405 22:36:13.028" endtime="20220405 22:36:13.604"/>
</kw>
<kw name="Wait Until Element Is Visible" library="SeleniumLibrary">
<arg>${admin_portal_second_sign_in_button}</arg>
<doc>Waits until the element ``locator`` is visible.</doc>
<status status="PASS" starttime="20220405 22:36:13.604" endtime="20220405 22:36:13.836"/>
</kw>
<kw name="Input Text" library="SeleniumLibrary">
<arg>${admin_portal_password_field}</arg>
<arg>${shift_assistant_password}</arg>
<doc>Types the given ``text`` into the text field identified by ``locator``.</doc>
<msg timestamp="20220405 22:36:13.837" level="INFO">Typing text 'QA-Sh1ft-Ass1stant' into text field 'xpath:/html//input[@id='password']'.</msg>
<status status="PASS" starttime="20220405 22:36:13.837" endtime="20220405 22:36:13.979"/>
</kw>
<kw name="Click Button" library="SeleniumLibrary">
<arg>${admin_portal_second_sign_in_button}</arg>
<doc>Clicks the button identified by ``locator``.</doc>
<msg timestamp="20220405 22:36:13.980" level="INFO">Clicking button 'xpath:/html//button[@id='next']'.</msg>
<status status="PASS" starttime="20220405 22:36:13.979" endtime="20220405 22:36:14.033"/>
</kw>
<kw name="Wait Until Element Is Visible" library="SeleniumLibrary">
<arg>${admin_portal_header_title}</arg>
<doc>Waits until the element ``locator`` is visible.</doc>
<status status="PASS" starttime="20220405 22:36:14.033" endtime="20220405 22:36:19.312"/>
</kw>
<status status="PASS" starttime="20220405 22:36:11.419" endtime="20220405 22:36:19.312"/>
</kw>
<status status="PASS" starttime="20220405 22:36:11.418" endtime="20220405 22:36:19.313"/>
</kw>
<kw name="End Web Test" library="SetupTeardown" type="TEARDOWN">
<kw name="Close All Browsers" library="SeleniumLibrary">
<doc>Closes all open browsers and resets the browser cache.</doc>
<status status="PASS" starttime="20220405 22:36:19.313" endtime="20220405 22:36:21.537"/>
</kw>
<status status="PASS" starttime="20220405 22:36:19.313" endtime="20220405 22:36:21.537"/>
</kw>
<status status="PASS" starttime="20220405 22:36:08.599" endtime="20220405 22:36:21.538"/>
</test>
<test id="s1-s1-s4-t2" name="Shift Assistant Admin Permissions">
<kw name="Begin Web Test Admin portal" library="SetupTeardown" type="SETUP">
<kw name="Open Browser" library="SeleniumLibrary">
<arg>about:blank</arg>
<arg>${BROWSER}</arg>
<doc>Opens a new browser instance to the optional ``url``.</doc>
<msg timestamp="20220405 22:36:21.541" level="INFO">Opening browser 'chrome' to base url 'about:blank'.</msg>
<status status="PASS" starttime="20220405 22:36:21.541" endtime="20220405 22:36:22.900"/>
</kw>
<kw name="Maximize Browser Window" library="SeleniumLibrary">
<doc>Maximizes current browser window.</doc>
<status status="PASS" starttime="20220405 22:36:22.900" endtime="20220405 22:36:23.025"/>
</kw>
<kw name="Go To" library="SeleniumLibrary">
<arg>${URL_ADMIN_PORTAL}</arg>
<doc>Navigates the current browser window to the provided ``url``.</doc>
<msg timestamp="20220405 22:36:23.025" level="INFO">Opening url 'https://admin-test.mapiq-universe.com/#'</msg>
<status status="PASS" starttime="20220405 22:36:23.025" endtime="20220405 22:36:24.064"/>
</kw>
<status status="PASS" starttime="20220405 22:36:21.540" endtime="20220405 22:36:24.064"/>
</kw>
<kw name="Shift Assistant Admin Login" library="AdminPortalPage">
<kw name="Shift Assistant Admin logs in" library="LandingAdminPortal">
<kw name="Click Button" library="SeleniumLibrary">
<arg>${admin_portal_first_sign_in_button}</arg>
<doc>Clicks the button identified by ``locator``.</doc>
<msg timestamp="20220405 22:36:24.066" level="INFO">Clicking button '//body/log-in[@class='Body Login-body']//button[@class='MpqButton']'.</msg>
<status status="PASS" starttime="20220405 22:36:24.065" endtime="20220405 22:36:24.131"/>
</kw>
<kw name="Wait Until Element Is Visible" library="SeleniumLibrary">
<arg>${admin_portal_continue_button}</arg>
<doc>Waits until the element ``locator`` is visible.</doc>
<status status="PASS" starttime="20220405 22:36:24.131" endtime="20220405 22:36:26.004"/>
</kw>
<kw name="Input Text" library="SeleniumLibrary">
<arg>${admin_portal_email_address_field}</arg>
<arg>${shift_assistant_email}</arg>
<doc>Types the given ``text`` into the text field identified by ``locator``.</doc>
<msg timestamp="20220405 22:36:26.004" level="INFO">Typing text 'qa_shift_assistant@test1.mapiq.net' into text field 'id=signInName'.</msg>
<status status="PASS" starttime="20220405 22:36:26.004" endtime="20220405 22:36:26.166"/>
</kw>
<kw name="Click Button" library="SeleniumLibrary">
<arg>${admin_portal_continue_button}</arg>
<doc>Clicks the button identified by ``locator``.</doc>
<msg timestamp="20220405 22:36:26.167" level="INFO">Clicking button 'xpath:/html//button[@id='continue']'.</msg>
<status status="PASS" starttime="20220405 22:36:26.166" endtime="20220405 22:36:26.736"/>
</kw>
<kw name="Wait Until Element Is Visible" library="SeleniumLibrary">
<arg>${admin_portal_second_sign_in_button}</arg>
<doc>Waits until the element ``locator`` is visible.</doc>
<status status="PASS" starttime="20220405 22:36:26.736" endtime="20220405 22:36:26.972"/>
</kw>
<kw name="Input Text" library="SeleniumLibrary">
<arg>${admin_portal_password_field}</arg>
<arg>${shift_assistant_password}</arg>
<doc>Types the given ``text`` into the text field identified by ``locator``.</doc>
<msg timestamp="20220405 22:36:26.972" level="INFO">Typing text 'QA-Sh1ft-Ass1stant' into text field 'xpath:/html//input[@id='password']'.</msg>
<status status="PASS" starttime="20220405 22:36:26.972" endtime="20220405 22:36:27.065"/>
</kw>
<kw name="Click Button" library="SeleniumLibrary">
<arg>${admin_portal_second_sign_in_button}</arg>
<doc>Clicks the button identified by ``locator``.</doc>
<msg timestamp="20220405 22:36:27.066" level="INFO">Clicking button 'xpath:/html//button[@id='next']'.</msg>
<status status="PASS" starttime="20220405 22:36:27.066" endtime="20220405 22:36:27.108"/>
</kw>
<kw name="Wait Until Element Is Visible" library="SeleniumLibrary">
<arg>${admin_portal_header_title}</arg>
<doc>Waits until the element ``locator`` is visible.</doc>
<status status="PASS" starttime="20220405 22:36:27.108" endtime="20220405 22:36:29.523"/>
</kw>
<status status="PASS" starttime="20220405 22:36:24.065" endtime="20220405 22:36:29.523"/>
</kw>
<status status="PASS" starttime="20220405 22:36:24.065" endtime="20220405 22:36:29.523"/>
</kw>
<kw name="Shift Assistant Admin has Permissions to see Home, Shifts, People, and Settings tabs but not Buildings, Access, and Analytics tab" library="AdminPortalPage">
<kw name="Shift Assistant Admin see Home, Shifts, People, and Settings tabs but not Buildings, Access, and Analytics tab" library="AdminPortalTabs">
<kw name="Wait Until Element Is Visible" library="SeleniumLibrary">
<arg>${home_tab_button}</arg>
<doc>Waits until the element ``locator`` is visible.</doc>
<status status="PASS" starttime="20220405 22:36:29.525" endtime="20220405 22:36:31.874"/>
</kw>
<kw name="Wait Until Element Is Visible" library="SeleniumLibrary">
<arg>${shifts_tab_button}</arg>
<doc>Waits until the element ``locator`` is visible.</doc>
<status status="PASS" starttime="20220405 22:36:31.874" endtime="20220405 22:36:31.897"/>
</kw>
<kw name="Wait Until Element Is Not Visible" library="SeleniumLibrary">
<arg>${buildings_tab_button}</arg>
<doc>Waits until the element ``locator`` is not visible.</doc>
<status status="PASS" starttime="20220405 22:36:31.897" endtime="20220405 22:36:31.915"/>
</kw>
<kw name="Wait Until Element Is Visible" library="SeleniumLibrary">
<arg>${people_tab_button}</arg>
<doc>Waits until the element ``locator`` is visible.</doc>
<status status="PASS" starttime="20220405 22:36:31.915" endtime="20220405 22:36:31.933"/>
</kw>
<kw name="Wait Until Element Is Not Visible" library="SeleniumLibrary">
<arg>${access_tab_button}</arg>
<doc>Waits until the element ``locator`` is not visible.</doc>
<status status="PASS" starttime="20220405 22:36:31.933" endtime="20220405 22:36:31.944"/>
</kw>
<kw name="Wait Until Element Is Not Visible" library="SeleniumLibrary">
<arg>${analytics_tab_button}</arg>
<doc>Waits until the element ``locator`` is not visible.</doc>
<status status="PASS" starttime="20220405 22:36:31.945" endtime="20220405 22:36:31.957"/>
</kw>
<kw name="Wait Until Element Is Visible" library="SeleniumLibrary">
<arg>${settings_tab_button}</arg>
<doc>Waits until the element ``locator`` is visible.</doc>
<status status="PASS" starttime="20220405 22:36:31.957" endtime="20220405 22:36:31.974"/>
</kw>
<status status="PASS" starttime="20220405 22:36:29.524" endtime="20220405 22:36:31.974"/>
</kw>
<status status="PASS" starttime="20220405 22:36:29.524" endtime="20220405 22:36:31.974"/>
</kw>
<kw name="End Web Test" library="SetupTeardown" type="TEARDOWN">
<kw name="Close All Browsers" library="SeleniumLibrary">
<doc>Closes all open browsers and resets the browser cache.</doc>
<status status="PASS" starttime="20220405 22:36:31.975" endtime="20220405 22:36:34.191"/>
</kw>
<status status="PASS" starttime="20220405 22:36:31.975" endtime="20220405 22:36:34.191"/>
</kw>
<status status="PASS" starttime="20220405 22:36:21.540" endtime="20220405 22:36:34.192"/>
</test>
<doc>Tests for a Shift Assistans Admin
To run these tests, enter the "Tests" folder (cd Tests) and enter "robot -d results AdminPortal.robot/ShiftAssistantAdmin.robot" in the Terminal</doc>
<status status="PASS" starttime="20220405 22:36:08.590" endtime="20220405 22:36:34.193"/>
</suite>
<suite id="s1-s1-s5" name="ShiftHostAdmin" source="C:\Users\d.nedeljkov\Desktop\Mapiq One Automation\Tests\AdminPortal.robot\ShiftHostAdmin.robot">
<test id="s1-s1-s5-t1" name="Login into the Admin Portal as a Shift Host Admin">
<kw name="Begin Web Test Admin portal" library="SetupTeardown" type="SETUP">
<kw name="Open Browser" library="SeleniumLibrary">
<arg>about:blank</arg>
<arg>${BROWSER}</arg>
<doc>Opens a new browser instance to the optional ``url``.</doc>
<msg timestamp="20220405 22:36:34.205" level="INFO">Opening browser 'chrome' to base url 'about:blank'.</msg>
<status status="PASS" starttime="20220405 22:36:34.205" endtime="20220405 22:36:35.602"/>
</kw>
<kw name="Maximize Browser Window" library="SeleniumLibrary">
<doc>Maximizes current browser window.</doc>
<status status="PASS" starttime="20220405 22:36:35.602" endtime="20220405 22:36:35.729"/>
</kw>
<kw name="Go To" library="SeleniumLibrary">
<arg>${URL_ADMIN_PORTAL}</arg>
<doc>Navigates the current browser window to the provided ``url``.</doc>
<msg timestamp="20220405 22:36:35.729" level="INFO">Opening url 'https://admin-test.mapiq-universe.com/#'</msg>
<status status="PASS" starttime="20220405 22:36:35.729" endtime="20220405 22:36:36.652"/>
</kw>
<status status="PASS" starttime="20220405 22:36:34.205" endtime="20220405 22:36:36.652"/>
</kw>
<kw name="Shift Host Admin Login" library="AdminPortalPage">
<kw name="Shift Host Admin logs in" library="LandingAdminPortal">
<kw name="Click Button" library="SeleniumLibrary">
<arg>${admin_portal_first_sign_in_button}</arg>
<doc>Clicks the button identified by ``locator``.</doc>
<msg timestamp="20220405 22:36:36.654" level="INFO">Clicking button '//body/log-in[@class='Body Login-body']//button[@class='MpqButton']'.</msg>
<status status="PASS" starttime="20220405 22:36:36.654" endtime="20220405 22:36:36.721"/>
</kw>
<kw name="Wait Until Element Is Visible" library="SeleniumLibrary">
<arg>${admin_portal_continue_button}</arg>
<doc>Waits until the element ``locator`` is visible.</doc>
<status status="PASS" starttime="20220405 22:36:36.722" endtime="20220405 22:36:38.025"/>
</kw>
<kw name="Input Text" library="SeleniumLibrary">
<arg>${admin_portal_email_address_field}</arg>
<arg>${shift_host_email}</arg>
<doc>Types the given ``text`` into the text field identified by ``locator``.</doc>
<msg timestamp="20220405 22:36:38.026" level="INFO">Typing text 'qa_shift_host@test1.mapiq.net' into text field 'id=signInName'.</msg>
<status status="PASS" starttime="20220405 22:36:38.026" endtime="20220405 22:36:38.148"/>
</kw>
<kw name="Click Button" library="SeleniumLibrary">
<arg>${admin_portal_continue_button}</arg>
<doc>Clicks the button identified by ``locator``.</doc>
<msg timestamp="20220405 22:36:38.149" level="INFO">Clicking button 'xpath:/html//button[@id='continue']'.</msg>
<status status="PASS" starttime="20220405 22:36:38.148" endtime="20220405 22:36:38.652"/>
</kw>
<kw name="Wait Until Element Is Visible" library="SeleniumLibrary">
<arg>${admin_portal_second_sign_in_button}</arg>
<doc>Waits until the element ``locator`` is visible.</doc>
<status status="PASS" starttime="20220405 22:36:38.652" endtime="20220405 22:36:38.896"/>
</kw>
<kw name="Input Text" library="SeleniumLibrary">
<arg>${admin_portal_password_field}</arg>
<arg>${shift_host_password}</arg>
<doc>Types the given ``text`` into the text field identified by ``locator``.</doc>
<msg timestamp="20220405 22:36:38.896" level="INFO">Typing text 'QA-Sh1ft-Host' into text field 'xpath:/html//input[@id='password']'.</msg>
<status status="PASS" starttime="20220405 22:36:38.896" endtime="20220405 22:36:38.983"/>
</kw>
<kw name="Click Button" library="SeleniumLibrary">
<arg>${admin_portal_second_sign_in_button}</arg>
<doc>Clicks the button identified by ``locator``.</doc>
<msg timestamp="20220405 22:36:38.983" level="INFO">Clicking button 'xpath:/html//button[@id='next']'.</msg>
<status status="PASS" starttime="20220405 22:36:38.983" endtime="20220405 22:36:39.031"/>
</kw>
<kw name="Wait Until Element Is Visible" library="SeleniumLibrary">
<arg>${admin_portal_header_title}</arg>
<doc>Waits until the element ``locator`` is visible.</doc>
<status status="PASS" starttime="20220405 22:36:39.031" endtime="20220405 22:36:42.584"/>
</kw>
<status status="PASS" starttime="20220405 22:36:36.653" endtime="20220405 22:36:42.585"/>
</kw>
<status status="PASS" starttime="20220405 22:36:36.653" endtime="20220405 22:36:42.585"/>
</kw>
<kw name="End Web Test" library="SetupTeardown" type="TEARDOWN">
<kw name="Close All Browsers" library="SeleniumLibrary">
<doc>Closes all open browsers and resets the browser cache.</doc>
<status status="PASS" starttime="20220405 22:36:42.586" endtime="20220405 22:36:44.807"/>
</kw>
<status status="PASS" starttime="20220405 22:36:42.585" endtime="20220405 22:36:44.807"/>
</kw>
<status status="PASS" starttime="20220405 22:36:34.204" endtime="20220405 22:36:44.808"/>
</test>
<test id="s1-s1-s5-t2" name="Shift Host Admin can see Home, Shifts, People, Access, Analytics, and Settings tabs but not Buildings tab">
<kw name="Begin Web Test Admin portal" library="SetupTeardown" type="SETUP">
<kw name="Open Browser" library="SeleniumLibrary">
<arg>about:blank</arg>
<arg>${BROWSER}</arg>
<doc>Opens a new browser instance to the optional ``url``.</doc>
<msg timestamp="20220405 22:36:44.811" level="INFO">Opening browser 'chrome' to base url 'about:blank'.</msg>
<status status="PASS" starttime="20220405 22:36:44.810" endtime="20220405 22:36:46.130"/>
</kw>
<kw name="Maximize Browser Window" library="SeleniumLibrary">
<doc>Maximizes current browser window.</doc>
<status status="PASS" starttime="20220405 22:36:46.130" endtime="20220405 22:36:46.257"/>
</kw>
<kw name="Go To" library="SeleniumLibrary">
<arg>${URL_ADMIN_PORTAL}</arg>
<doc>Navigates the current browser window to the provided ``url``.</doc>
<msg timestamp="20220405 22:36:46.258" level="INFO">Opening url 'https://admin-test.mapiq-universe.com/#'</msg>
<status status="PASS" starttime="20220405 22:36:46.257" endtime="20220405 22:36:47.597"/>
</kw>
<status status="PASS" starttime="20220405 22:36:44.810" endtime="20220405 22:36:47.598"/>
</kw>
<kw name="Shift Host Admin Login" library="AdminPortalPage">
<kw name="Shift Host Admin logs in" library="LandingAdminPortal">
<kw name="Click Button" library="SeleniumLibrary">
<arg>${admin_portal_first_sign_in_button}</arg>
<doc>Clicks the button identified by ``locator``.</doc>
<msg timestamp="20220405 22:36:47.599" level="INFO">Clicking button '//body/log-in[@class='Body Login-body']//button[@class='MpqButton']'.</msg>
<status status="PASS" starttime="20220405 22:36:47.599" endtime="20220405 22:36:47.663"/>
</kw>
<kw name="Wait Until Element Is Visible" library="SeleniumLibrary">
<arg>${admin_portal_continue_button}</arg>
<doc>Waits until the element ``locator`` is visible.</doc>
<status status="PASS" starttime="20220405 22:36:47.663" endtime="20220405 22:36:49.065"/>
</kw>
<kw name="Input Text" library="SeleniumLibrary">
<arg>${admin_portal_email_address_field}</arg>
<arg>${shift_host_email}</arg>
<doc>Types the given ``text`` into the text field identified by ``locator``.</doc>
<msg timestamp="20220405 22:36:49.066" level="INFO">Typing text 'qa_shift_host@test1.mapiq.net' into text field 'id=signInName'.</msg>
<status status="PASS" starttime="20220405 22:36:49.065" endtime="20220405 22:36:49.227"/>
</kw>
<kw name="Click Button" library="SeleniumLibrary">
<arg>${admin_portal_continue_button}</arg>
<doc>Clicks the button identified by ``locator``.</doc>
<msg timestamp="20220405 22:36:49.228" level="INFO">Clicking button 'xpath:/html//button[@id='continue']'.</msg>
<status status="PASS" starttime="20220405 22:36:49.228" endtime="20220405 22:36:49.439"/>
</kw>
<kw name="Wait Until Element Is Visible" library="SeleniumLibrary">
<arg>${admin_portal_second_sign_in_button}</arg>
<doc>Waits until the element ``locator`` is visible.</doc>
<status status="PASS" starttime="20220405 22:36:49.439" endtime="20220405 22:36:49.997"/>
</kw>
<kw name="Input Text" library="SeleniumLibrary">
<arg>${admin_portal_password_field}</arg>
<arg>${shift_host_password}</arg>
<doc>Types the given ``text`` into the text field identified by ``locator``.</doc>
<msg timestamp="20220405 22:36:49.998" level="INFO">Typing text 'QA-Sh1ft-Host' into text field 'xpath:/html//input[@id='password']'.</msg>
<status status="PASS" starttime="20220405 22:36:49.997" endtime="20220405 22:36:50.094"/>
</kw>
<kw name="Click Button" library="SeleniumLibrary">
<arg>${admin_portal_second_sign_in_button}</arg>
<doc>Clicks the button identified by ``locator``.</doc>
<msg timestamp="20220405 22:36:50.094" level="INFO">Clicking button 'xpath:/html//button[@id='next']'.</msg>
<status status="PASS" starttime="20220405 22:36:50.094" endtime="20220405 22:36:50.135"/>
</kw>
<kw name="Wait Until Element Is Visible" library="SeleniumLibrary">
<arg>${admin_portal_header_title}</arg>
<doc>Waits until the element ``locator`` is visible.</doc>
<status status="PASS" starttime="20220405 22:36:50.135" endtime="20220405 22:36:52.655"/>
</kw>
<status status="PASS" starttime="20220405 22:36:47.599" endtime="20220405 22:36:52.655"/>
</kw>
<status status="PASS" starttime="20220405 22:36:47.598" endtime="20220405 22:36:52.655"/>
</kw>
<kw name="Shift Host Admin has Permissions to see Home, Shifts, and Settings tabs but not Buildings, People, Access, and Analytics tab" library="AdminPortalPage">
<kw name="Shift Host Admin see Home, Shifts, and Settings tabs but not Buildings, People, Access, and Analytics tab" library="AdminPortalTabs">
<kw name="Wait Until Element Is Visible" library="SeleniumLibrary">
<arg>${home_tab_button}</arg>
<doc>Waits until the element ``locator`` is visible.</doc>
<status status="PASS" starttime="20220405 22:36:52.657" endtime="20220405 22:36:54.408"/>
</kw>
<kw name="Wait Until Element Is Visible" library="SeleniumLibrary">
<arg>${shifts_tab_button}</arg>
<doc>Waits until the element ``locator`` is visible.</doc>
<status status="PASS" starttime="20220405 22:36:54.408" endtime="20220405 22:36:54.424"/>
</kw>
<kw name="Wait Until Element Is Not Visible" library="SeleniumLibrary">
<arg>${buildings_tab_button}</arg>
<doc>Waits until the element ``locator`` is not visible.</doc>
<status status="PASS" starttime="20220405 22:36:54.425" endtime="20220405 22:36:54.586"/>
</kw>
<kw name="Wait Until Element Is Not Visible" library="SeleniumLibrary">
<arg>${people_tab_button}</arg>
<doc>Waits until the element ``locator`` is not visible.</doc>
<status status="PASS" starttime="20220405 22:36:54.586" endtime="20220405 22:36:54.610"/>
</kw>
<kw name="Wait Until Element Is Not Visible" library="SeleniumLibrary">
<arg>${access_tab_button}</arg>
<doc>Waits until the element ``locator`` is not visible.</doc>
<status status="PASS" starttime="20220405 22:36:54.610" endtime="20220405 22:36:54.662"/>
</kw>
<kw name="Wait Until Element Is Not Visible" library="SeleniumLibrary">
<arg>${analytics_tab_button}</arg>
<doc>Waits until the element ``locator`` is not visible.</doc>
<status status="PASS" starttime="20220405 22:36:54.662" endtime="20220405 22:36:54.731"/>
</kw>
<kw name="Wait Until Element Is Visible" library="SeleniumLibrary">
<arg>${settings_tab_button}</arg>
<doc>Waits until the element ``locator`` is visible.</doc>
<status status="PASS" starttime="20220405 22:36:54.731" endtime="20220405 22:36:54.751"/>
</kw>
<status status="PASS" starttime="20220405 22:36:52.656" endtime="20220405 22:36:54.751"/>
</kw>
<status status="PASS" starttime="20220405 22:36:52.656" endtime="20220405 22:36:54.751"/>
</kw>
<kw name="End Web Test" library="SetupTeardown" type="TEARDOWN">
<kw name="Close All Browsers" library="SeleniumLibrary">
<doc>Closes all open browsers and resets the browser cache.</doc>
<status status="PASS" starttime="20220405 22:36:54.752" endtime="20220405 22:36:57.054"/>
</kw>
<status status="PASS" starttime="20220405 22:36:54.751" endtime="20220405 22:36:57.054"/>
</kw>
<status status="PASS" starttime="20220405 22:36:44.809" endtime="20220405 22:36:57.055"/>
</test>
<doc>Tests for a Shift Assistans Admin
To run these tests, enter the "Tests" folder (cd Tests) and enter "robot -d results AdminPortal.robot/Shift HostAdmin.robot" in the Terminal</doc>
<status status="PASS" starttime="20220405 22:36:34.196" endtime="20220405 22:36:57.057"/>
</suite>
<suite id="s1-s1-s6" name="SubscriptionAdmin" source="C:\Users\d.nedeljkov\Desktop\Mapiq One Automation\Tests\AdminPortal.robot\SubscriptionAdmin.robot">
<test id="s1-s1-s6-t1" name="Login into the Admin Portal as a Subscription Admin">
<kw name="Begin Web Test Admin portal" library="SetupTeardown" type="SETUP">
<kw name="Open Browser" library="SeleniumLibrary">
<arg>about:blank</arg>
<arg>${BROWSER}</arg>
<doc>Opens a new browser instance to the optional ``url``.</doc>
<msg timestamp="20220405 22:36:57.069" level="INFO">Opening browser 'chrome' to base url 'about:blank'.</msg>
<status status="PASS" starttime="20220405 22:36:57.069" endtime="20220405 22:36:58.404"/>
</kw>
<kw name="Maximize Browser Window" library="SeleniumLibrary">
<doc>Maximizes current browser window.</doc>
<status status="PASS" starttime="20220405 22:36:58.404" endtime="20220405 22:36:58.537"/>
</kw>
<kw name="Go To" library="SeleniumLibrary">
<arg>${URL_ADMIN_PORTAL}</arg>
<doc>Navigates the current browser window to the provided ``url``.</doc>
<msg timestamp="20220405 22:36:58.537" level="INFO">Opening url 'https://admin-test.mapiq-universe.com/#'</msg>
<status status="PASS" starttime="20220405 22:36:58.537" endtime="20220405 22:36:59.530"/>
</kw>
<status status="PASS" starttime="20220405 22:36:57.069" endtime="20220405 22:36:59.531"/>
</kw>
<kw name="Subscription Admin Login" library="AdminPortalPage">
<kw name="Subscription Admin Logs in" library="LandingAdminPortal">
<kw name="Click Button" library="SeleniumLibrary">
<arg>${admin_portal_first_sign_in_button}</arg>
<doc>Clicks the button identified by ``locator``.</doc>
<msg timestamp="20220405 22:36:59.533" level="INFO">Clicking button '//body/log-in[@class='Body Login-body']//button[@class='MpqButton']'.</msg>
<status status="PASS" starttime="20220405 22:36:59.532" endtime="20220405 22:36:59.593"/>
</kw>
<kw name="Wait Until Element Is Visible" library="SeleniumLibrary">
<arg>${admin_portal_continue_button}</arg>
<doc>Waits until the element ``locator`` is visible.</doc>
<status status="PASS" starttime="20220405 22:36:59.593" endtime="20220405 22:37:01.063"/>
</kw>
<kw name="Input Text" library="SeleniumLibrary">
<arg>${admin_portal_email_address_field}</arg>
<arg>${subscription_admin_email}</arg>
<doc>Types the given ``text`` into the text field identified by ``locator``.</doc>
<msg timestamp="20220405 22:37:01.064" level="INFO">Typing text 'qa_subscription_admin@test1.mapiq.net' into text field 'id=signInName'.</msg>
<status status="PASS" starttime="20220405 22:37:01.063" endtime="20220405 22:37:01.227"/>
</kw>
<kw name="Click Button" library="SeleniumLibrary">
<arg>${admin_portal_continue_button}</arg>
<doc>Clicks the button identified by ``locator``.</doc>
<msg timestamp="20220405 22:37:01.228" level="INFO">Clicking button 'xpath:/html//button[@id='continue']'.</msg>
<status status="PASS" starttime="20220405 22:37:01.228" endtime="20220405 22:37:01.759"/>
</kw>
<kw name="Wait Until Element Is Visible" library="SeleniumLibrary">
<arg>${admin_portal_second_sign_in_button}</arg>
<doc>Waits until the element ``locator`` is visible.</doc>
<status status="PASS" starttime="20220405 22:37:01.759" endtime="20220405 22:37:01.992"/>
</kw>
<kw name="Input Text" library="SeleniumLibrary">
<arg>${admin_portal_password_field}</arg>
<arg>${SUBSCRIPTION_ADMIN_PASSWORD}</arg>
<doc>Types the given ``text`` into the text field identified by ``locator``.</doc>
<msg timestamp="20220405 22:37:01.993" level="INFO">Typing text 'QA-Subscr1pt1on-Adm1n' into text field 'xpath:/html//input[@id='password']'.</msg>
<status status="PASS" starttime="20220405 22:37:01.992" endtime="20220405 22:37:02.145"/>
</kw>
<kw name="Click Button" library="SeleniumLibrary">
<arg>${admin_portal_second_sign_in_button}</arg>
<doc>Clicks the button identified by ``locator``.</doc>
<msg timestamp="20220405 22:37:02.145" level="INFO">Clicking button 'xpath:/html//button[@id='next']'.</msg>
<status status="PASS" starttime="20220405 22:37:02.145" endtime="20220405 22:37:02.207"/>
</kw>
<kw name="Wait Until Element Is Visible" library="SeleniumLibrary">
<arg>${admin_portal_header_title}</arg>
<doc>Waits until the element ``locator`` is visible.</doc>
<status status="PASS" starttime="20220405 22:37:02.207" endtime="20220405 22:37:04.556"/>
</kw>
<status status="PASS" starttime="20220405 22:36:59.532" endtime="20220405 22:37:04.557"/>
</kw>
<status status="PASS" starttime="20220405 22:36:59.532" endtime="20220405 22:37:04.557"/>
</kw>
<kw name="End Web Test" library="SetupTeardown" type="TEARDOWN">
<kw name="Close All Browsers" library="SeleniumLibrary">
<doc>Closes all open browsers and resets the browser cache.</doc>
<status status="PASS" starttime="20220405 22:37:04.558" endtime="20220405 22:37:06.802"/>
</kw>
<status status="PASS" starttime="20220405 22:37:04.557" endtime="20220405 22:37:06.802"/>
</kw>
<status status="PASS" starttime="20220405 22:36:57.068" endtime="20220405 22:37:06.803"/>
</test>
<test id="s1-s1-s6-t2" name="Subscription Admin can see all tabs">
<kw name="Begin Web Test Admin portal" library="SetupTeardown" type="SETUP">
<kw name="Open Browser" library="SeleniumLibrary">
<arg>about:blank</arg>
<arg>${BROWSER}</arg>
<doc>Opens a new browser instance to the optional ``url``.</doc>
<msg timestamp="20220405 22:37:06.806" level="INFO">Opening browser 'chrome' to base url 'about:blank'.</msg>
<status status="PASS" starttime="20220405 22:37:06.805" endtime="20220405 22:37:08.181"/>
</kw>
<kw name="Maximize Browser Window" library="SeleniumLibrary">
<doc>Maximizes current browser window.</doc>
<status status="PASS" starttime="20220405 22:37:08.182" endtime="20220405 22:37:08.299"/>
</kw>
<kw name="Go To" library="SeleniumLibrary">
<arg>${URL_ADMIN_PORTAL}</arg>
<doc>Navigates the current browser window to the provided ``url``.</doc>
<msg timestamp="20220405 22:37:08.299" level="INFO">Opening url 'https://admin-test.mapiq-universe.com/#'</msg>
<status status="PASS" starttime="20220405 22:37:08.299" endtime="20220405 22:37:09.469"/>
</kw>
<status status="PASS" starttime="20220405 22:37:06.805" endtime="20220405 22:37:09.469"/>
</kw>
<kw name="Subscription Admin Login" library="AdminPortalPage">
<kw name="Subscription Admin Logs in" library="LandingAdminPortal">
<kw name="Click Button" library="SeleniumLibrary">
<arg>${admin_portal_first_sign_in_button}</arg>
<doc>Clicks the button identified by ``locator``.</doc>
<msg timestamp="20220405 22:37:09.470" level="INFO">Clicking button '//body/log-in[@class='Body Login-body']//button[@class='MpqButton']'.</msg>
<status status="PASS" starttime="20220405 22:37:09.470" endtime="20220405 22:37:09.535"/>
</kw>
<kw name="Wait Until Element Is Visible" library="SeleniumLibrary">
<arg>${admin_portal_continue_button}</arg>
<doc>Waits until the element ``locator`` is visible.</doc>
<status status="PASS" starttime="20220405 22:37:09.535" endtime="20220405 22:37:10.893"/>
</kw>
<kw name="Input Text" library="SeleniumLibrary">
<arg>${admin_portal_email_address_field}</arg>
<arg>${subscription_admin_email}</arg>
<doc>Types the given ``text`` into the text field identified by ``locator``.</doc>
<msg timestamp="20220405 22:37:10.893" level="INFO">Typing text 'qa_subscription_admin@test1.mapiq.net' into text field 'id=signInName'.</msg>
<status status="PASS" starttime="20220405 22:37:10.893" endtime="20220405 22:37:11.052"/>
</kw>
<kw name="Click Button" library="SeleniumLibrary">
<arg>${admin_portal_continue_button}</arg>
<doc>Clicks the button identified by ``locator``.</doc>
<msg timestamp="20220405 22:37:11.052" level="INFO">Clicking button 'xpath:/html//button[@id='continue']'.</msg>
<status status="PASS" starttime="20220405 22:37:11.052" endtime="20220405 22:37:12.259"/>
</kw>
<kw name="Wait Until Element Is Visible" library="SeleniumLibrary">
<arg>${admin_portal_second_sign_in_button}</arg>
<doc>Waits until the element ``locator`` is visible.</doc>
<status status="PASS" starttime="20220405 22:37:12.259" endtime="20220405 22:37:12.502"/>
</kw>
<kw name="Input Text" library="SeleniumLibrary">
<arg>${admin_portal_password_field}</arg>
<arg>${SUBSCRIPTION_ADMIN_PASSWORD}</arg>
<doc>Types the given ``text`` into the text field identified by ``locator``.</doc>
<msg timestamp="20220405 22:37:12.503" level="INFO">Typing text 'QA-Subscr1pt1on-Adm1n' into text field 'xpath:/html//input[@id='password']'.</msg>
<status status="PASS" starttime="20220405 22:37:12.502" endtime="20220405 22:37:12.604"/>
</kw>
<kw name="Click Button" library="SeleniumLibrary">
<arg>${admin_portal_second_sign_in_button}</arg>
<doc>Clicks the button identified by ``locator``.</doc>
<msg timestamp="20220405 22:37:12.604" level="INFO">Clicking button 'xpath:/html//button[@id='next']'.</msg>
<status status="PASS" starttime="20220405 22:37:12.604" endtime="20220405 22:37:12.649"/>
</kw>
<kw name="Wait Until Element Is Visible" library="SeleniumLibrary">
<arg>${admin_portal_header_title}</arg>
<doc>Waits until the element ``locator`` is visible.</doc>
<status status="PASS" starttime="20220405 22:37:12.649" endtime="20220405 22:37:15.010"/>
</kw>
<status status="PASS" starttime="20220405 22:37:09.470" endtime="20220405 22:37:15.010"/>
</kw>
<status status="PASS" starttime="20220405 22:37:09.469" endtime="20220405 22:37:15.011"/>
</kw>
<kw name="Subscription Admin has Permissions to see all tabs" library="AdminPortalPage">
<kw name="Subscription Admin can see all tabs" library="AdminPortalTabs">
<kw name="Wait Until Element Is Visible" library="SeleniumLibrary">
<arg>${home_tab_button}</arg>
<doc>Waits until the element ``locator`` is visible.</doc>
<status status="PASS" starttime="20220405 22:37:15.012" endtime="20220405 22:37:16.973"/>
</kw>
<kw name="Wait Until Element Is Visible" library="SeleniumLibrary">
<arg>${shifts_tab_button}</arg>
<doc>Waits until the element ``locator`` is visible.</doc>
<status status="PASS" starttime="20220405 22:37:16.974" endtime="20220405 22:37:16.992"/>
</kw>
<kw name="Wait Until Element Is Visible" library="SeleniumLibrary">
<arg>${buildings_tab_button}</arg>
<doc>Waits until the element ``locator`` is visible.</doc>
<status status="PASS" starttime="20220405 22:37:16.993" endtime="20220405 22:37:17.010"/>
</kw>
<kw name="Wait Until Element Is Visible" library="SeleniumLibrary">
<arg>${people_tab_button}</arg>
<doc>Waits until the element ``locator`` is visible.</doc>
<status status="PASS" starttime="20220405 22:37:17.010" endtime="20220405 22:37:17.028"/>
</kw>
<kw name="Wait Until Element Is Visible" library="SeleniumLibrary">
<arg>${access_tab_button}</arg>
<doc>Waits until the element ``locator`` is visible.</doc>
<status status="PASS" starttime="20220405 22:37:17.028" endtime="20220405 22:37:17.045"/>
</kw>
<kw name="Wait Until Element Is Visible" library="SeleniumLibrary">
<arg>${analytics_tab_button}</arg>
<doc>Waits until the element ``locator`` is visible.</doc>
<status status="PASS" starttime="20220405 22:37:17.045" endtime="20220405 22:37:17.062"/>
</kw>
<kw name="Wait Until Element Is Visible" library="SeleniumLibrary">
<arg>${settings_tab_button}</arg>
<doc>Waits until the element ``locator`` is visible.</doc>
<status status="PASS" starttime="20220405 22:37:17.062" endtime="20220405 22:37:17.079"/>
</kw>
<status status="PASS" starttime="20220405 22:37:15.012" endtime="20220405 22:37:17.079"/>
</kw>
<status status="PASS" starttime="20220405 22:37:15.011" endtime="20220405 22:37:17.079"/>
</kw>
<kw name="End Web Test" library="SetupTeardown" type="TEARDOWN">
<kw name="Close All Browsers" library="SeleniumLibrary">
<doc>Closes all open browsers and resets the browser cache.</doc>
<status status="PASS" starttime="20220405 22:37:17.080" endtime="20220405 22:37:19.326"/>
</kw>
<status status="PASS" starttime="20220405 22:37:17.080" endtime="20220405 22:37:19.326"/>
</kw>
<status status="PASS" starttime="20220405 22:37:06.804" endtime="20220405 22:37:19.327"/>
</test>
<doc>Tests for a Subscription Admin
To run these tests, enter the "Tests" folder (cd Tests) and enter "robot -d results AdminPortal.robot/SubscriptionAdmin.robot" in the Terminal</doc>
<status status="PASS" starttime="20220405 22:36:57.060" endtime="20220405 22:37:19.329"/>
</suite>
<status status="PASS" starttime="20220405 22:34:49.654" endtime="20220405 22:37:19.332"/>
</suite>
<suite id="s1-s2" name="UserApp.robot" source="C:\Users\d.nedeljkov\Desktop\Mapiq One Automation\Tests\UserApp.robot">
<suite id="s1-s2-s1" name="Connections" source="C:\Users\d.nedeljkov\Desktop\Mapiq One Automation\Tests\UserApp.robot\Connections.robot">
<test id="s1-s2-s1-t1" name="Add a connection (Building Admin adding a Subscription Admin)">
<kw name="Begin Web Test Office Shifts" library="SetupTeardown" type="SETUP">
<kw name="Open Browser" library="SeleniumLibrary">
<arg>about:blank</arg>
<arg>${BROWSER}</arg>
<doc>Opens a new browser instance to the optional ``url``.</doc>
<msg timestamp="20220405 22:37:19.414" level="INFO">Opening browser 'chrome' to base url 'about:blank'.</msg>
<status status="PASS" starttime="20220405 22:37:19.413" endtime="20220405 22:37:20.814"/>
</kw>
<kw name="Maximize Browser Window" library="SeleniumLibrary">
<doc>Maximizes current browser window.</doc>
<status status="PASS" starttime="20220405 22:37:20.814" endtime="20220405 22:37:20.940"/>
</kw>
<kw name="Go To" library="SeleniumLibrary">
<arg>${URL_OFFICE_SHIFTS}</arg>
<doc>Navigates the current browser window to the provided ``url``.</doc>
<msg timestamp="20220405 22:37:20.940" level="INFO">Opening url 'https://shifts-test.atlas.mapiq-universe.com/'</msg>
<status status="PASS" starttime="20220405 22:37:20.940" endtime="20220405 22:37:23.157"/>
</kw>
<status status="PASS" starttime="20220405 22:37:19.413" endtime="20220405 22:37:23.158"/>
</kw>
<kw name="Go to the Office Shifts Page" library="OfficeShiftsPage">
<kw name="Navigate To" library="LandingOfficeShifts">
<kw name="Go To" library="SeleniumLibrary">
<arg>${URL_OFFICE_SHIFTS}</arg>
<doc>Navigates the current browser window to the provided ``url``.</doc>
<msg timestamp="20220405 22:37:23.161" level="INFO">Opening url 'https://shifts-test.atlas.mapiq-universe.com/'</msg>
<status status="PASS" starttime="20220405 22:37:23.160" endtime="20220405 22:37:23.294"/>
</kw>
<status status="PASS" starttime="20220405 22:37:23.160" endtime="20220405 22:37:23.294"/>
</kw>
<kw name="Verify Page Loaded" library="LandingOfficeShifts">
<kw name="Wait Until Element Contains" library="SeleniumLibrary">
<arg>${os_first_sign_in_button}</arg>
<arg>Sign in</arg>
<doc>Waits until the element ``locator`` contains ``text``.</doc>
<status status="PASS" starttime="20220405 22:37:23.295" endtime="20220405 22:37:23.318"/>
</kw>
<status status="PASS" starttime="20220405 22:37:23.295" endtime="20220405 22:37:23.318"/>
</kw>
<status status="PASS" starttime="20220405 22:37:23.159" endtime="20220405 22:37:23.318"/>
</kw>
<kw name="Log in to the Office Shifts Page" library="OfficeShiftsPage">
<kw name="Log in" library="LandingOfficeShifts">
<kw name="Click Button" library="SeleniumLibrary">
<arg>${os_first_sign_in_button}</arg>
<doc>Clicks the button identified by ``locator``.</doc>
<msg timestamp="20220405 22:37:23.321" level="INFO">Clicking button 'xpath:/html//log-in[@class='Body Login-body']//button[@class='MpqButton']'.</msg>
<status status="PASS" starttime="20220405 22:37:23.320" endtime="20220405 22:37:23.374"/>
</kw>
<kw name="Wait Until Element Is Visible" library="SeleniumLibrary">
<arg>${continue_button}</arg>
<doc>Waits until the element ``locator`` is visible.</doc>
<status status="PASS" starttime="20220405 22:37:23.374" endtime="20220405 22:37:24.841"/>
</kw>
<kw name="Input Text" library="SeleniumLibrary">
<arg>${os_email_address_field}</arg>
<arg>${email_analytics_viewer}</arg>
<doc>Types the given ``text`` into the text field identified by ``locator``.</doc>
<msg timestamp="20220405 22:37:24.842" level="INFO">Typing text 'qa_building_admin@test1.mapiq.net' into text field 'id=signInName'.</msg>
<status status="PASS" starttime="20220405 22:37:24.842" endtime="20220405 22:37:24.962"/>
</kw>
<kw name="Click Button" library="SeleniumLibrary">
<arg>${continue_button}</arg>
<doc>Clicks the button identified by ``locator``.</doc>
<msg timestamp="20220405 22:37:24.962" level="INFO">Clicking button 'xpath:/html//button[@id='continue']'.</msg>
<status status="PASS" starttime="20220405 22:37:24.962" endtime="20220405 22:37:25.151"/>
</kw>
<kw name="Wait Until Element Is Visible" library="SeleniumLibrary">
<arg>${os_second_sign_in_button}</arg>
<doc>Waits until the element ``locator`` is visible.</doc>
<status status="PASS" starttime="20220405 22:37:25.152" endtime="20220405 22:37:25.643"/>
</kw>
<kw name="Input Text" library="SeleniumLibrary">
<arg>${os_password_field}</arg>
<arg>${password_analytics_viewer}</arg>
<doc>Types the given ``text`` into the text field identified by ``locator``.</doc>
<msg timestamp="20220405 22:37:25.644" level="INFO">Typing text 'QA-Bu1ld1ng-Adm1n' into text field 'xpath:/html//input[@id='password']'.</msg>
<status status="PASS" starttime="20220405 22:37:25.644" endtime="20220405 22:37:25.743"/>
</kw>
<kw name="Click Button" library="SeleniumLibrary">
<arg>${os_second_sign_in_button}</arg>
<doc>Clicks the button identified by ``locator``.</doc>
<msg timestamp="20220405 22:37:25.744" level="INFO">Clicking button 'xpath:/html//button[@id='next']'.</msg>
<status status="PASS" starttime="20220405 22:37:25.743" endtime="20220405 22:37:25.795"/>
</kw>
<kw name="Wait Until Element Is Visible" library="SeleniumLibrary">
<arg>${office_shifts_header_title}</arg>
<doc>Waits until the element ``locator`` is visible.</doc>
<status status="PASS" starttime="20220405 22:37:25.795" endtime="20220405 22:37:28.990"/>
</kw>
<kw name="Wait Until Element Is Visible" library="SeleniumLibrary">
<arg>${office_shifts_header_title}</arg>
<doc>Waits until the element ``locator`` is visible.</doc>
<status status="PASS" starttime="20220405 22:37:28.990" endtime="20220405 22:37:29.008"/>
</kw>
<status status="PASS" starttime="20220405 22:37:23.320" endtime="20220405 22:37:29.009"/>
</kw>
<status status="PASS" starttime="20220405 22:37:23.319" endtime="20220405 22:37:29.009"/>
</kw>
[...]
</kw>
<status status="PASS" starttime="20220405 22:40:45.911" endtime="20220405 22:40:48.183"/>
</kw>
<status status="PASS" starttime="20220405 22:40:29.334" endtime="20220405 22:40:48.184"/>
</test>
<test id="s1-s2-s5-t4" name="FAQ link navigates a user to a right page">
<kw name="Begin Web Test Office Shifts" library="SetupTeardown" type="SETUP">
<kw name="Open Browser" library="SeleniumLibrary">
<arg>about:blank</arg>
<arg>${BROWSER}</arg>
<doc>Opens a new browser instance to the optional ``url``.</doc>
<msg timestamp="20220405 22:40:48.187" level="INFO">Opening browser 'chrome' to base url 'about:blank'.</msg>
<status status="PASS" starttime="20220405 22:40:48.186" endtime="20220405 22:40:49.509"/>
</kw>
<kw name="Maximize Browser Window" library="SeleniumLibrary">
<doc>Maximizes current browser window.</doc>
<status status="PASS" starttime="20220405 22:40:49.509" endtime="20220405 22:40:49.626"/>
</kw>
<kw name="Go To" library="SeleniumLibrary">
<arg>${URL_OFFICE_SHIFTS}</arg>
<doc>Navigates the current browser window to the provided ``url``.</doc>
<msg timestamp="20220405 22:40:49.627" level="INFO">Opening url 'https://shifts-test.atlas.mapiq-universe.com/'</msg>
<status status="PASS" starttime="20220405 22:40:49.626" endtime="20220405 22:40:50.455"/>
</kw>
<status status="PASS" starttime="20220405 22:40:48.186" endtime="20220405 22:40:50.455"/>
</kw>
<kw name="Go to the Office Shifts Page" library="OfficeShiftsPage">
<kw name="Navigate To" library="LandingOfficeShifts">
<kw name="Go To" library="SeleniumLibrary">
<arg>${URL_OFFICE_SHIFTS}</arg>
<doc>Navigates the current browser window to the provided ``url``.</doc>
<msg timestamp="20220405 22:40:50.457" level="INFO">Opening url 'https://shifts-test.atlas.mapiq-universe.com/'</msg>
<status status="PASS" starttime="20220405 22:40:50.457" endtime="20220405 22:40:50.581"/>
</kw>
<status status="PASS" starttime="20220405 22:40:50.457" endtime="20220405 22:40:50.581"/>
</kw>
<kw name="Verify Page Loaded" library="LandingOfficeShifts">
<kw name="Wait Until Element Contains" library="SeleniumLibrary">
<arg>${os_first_sign_in_button}</arg>
<arg>Sign in</arg>
<doc>Waits until the element ``locator`` contains ``text``.</doc>
<status status="PASS" starttime="20220405 22:40:50.582" endtime="20220405 22:40:50.604"/>
</kw>
<status status="PASS" starttime="20220405 22:40:50.581" endtime="20220405 22:40:50.604"/>
</kw>
<status status="PASS" starttime="20220405 22:40:50.456" endtime="20220405 22:40:50.604"/>
</kw>
<kw name="Log in to the Office Shifts Page" library="OfficeShiftsPage">
<kw name="Log in" library="LandingOfficeShifts">
<kw name="Click Button" library="SeleniumLibrary">
<arg>${os_first_sign_in_button}</arg>
<doc>Clicks the button identified by ``locator``.</doc>
<msg timestamp="20220405 22:40:50.605" level="INFO">Clicking button 'xpath:/html//log-in[@class='Body Login-body']//button[@class='MpqButton']'.</msg>
<status status="PASS" starttime="20220405 22:40:50.605" endtime="20220405 22:40:50.666"/>
</kw>
<kw name="Wait Until Element Is Visible" library="SeleniumLibrary">
<arg>${continue_button}</arg>
<doc>Waits until the element ``locator`` is visible.</doc>
<status status="PASS" starttime="20220405 22:40:50.667" endtime="20220405 22:40:52.058"/>
</kw>
<kw name="Input Text" library="SeleniumLibrary">
<arg>${os_email_address_field}</arg>
<arg>${email_analytics_viewer}</arg>
<doc>Types the given ``text`` into the text field identified by ``locator``.</doc>
<msg timestamp="20220405 22:40:52.059" level="INFO">Typing text 'qa_building_admin@test1.mapiq.net' into text field 'id=signInName'.</msg>
<status status="PASS" starttime="20220405 22:40:52.059" endtime="20220405 22:40:52.220"/>
</kw>
<kw name="Click Button" library="SeleniumLibrary">
<arg>${continue_button}</arg>
<doc>Clicks the button identified by ``locator``.</doc>
<msg timestamp="20220405 22:40:52.220" level="INFO">Clicking button 'xpath:/html//button[@id='continue']'.</msg>
<status status="PASS" starttime="20220405 22:40:52.220" endtime="20220405 22:40:52.776"/>
</kw>
<kw name="Wait Until Element Is Visible" library="SeleniumLibrary">
<arg>${os_second_sign_in_button}</arg>
<doc>Waits until the element ``locator`` is visible.</doc>
<status status="PASS" starttime="20220405 22:40:52.776" endtime="20220405 22:40:53.021"/>
</kw>
<kw name="Input Text" library="SeleniumLibrary">
<arg>${os_password_field}</arg>
<arg>${password_analytics_viewer}</arg>
<doc>Types the given ``text`` into the text field identified by ``locator``.</doc>
<msg timestamp="20220405 22:40:53.022" level="INFO">Typing text 'QA-Bu1ld1ng-Adm1n' into text field 'xpath:/html//input[@id='password']'.</msg>
<status status="PASS" starttime="20220405 22:40:53.021" endtime="20220405 22:40:53.118"/>
</kw>
<kw name="Click Button" library="SeleniumLibrary">
<arg>${os_second_sign_in_button}</arg>
<doc>Clicks the button identified by ``locator``.</doc>
<msg timestamp="20220405 22:40:53.119" level="INFO">Clicking button 'xpath:/html//button[@id='next']'.</msg>
<status status="PASS" starttime="20220405 22:40:53.118" endtime="20220405 22:40:53.168"/>
</kw>
<kw name="Wait Until Element Is Visible" library="SeleniumLibrary">
<arg>${office_shifts_header_title}</arg>
<doc>Waits until the element ``locator`` is visible.</doc>
<status status="PASS" starttime="20220405 22:40:53.168" endtime="20220405 22:40:55.492"/>
</kw>
<kw name="Wait Until Element Is Visible" library="SeleniumLibrary">
<arg>${office_shifts_header_title}</arg>
<doc>Waits until the element ``locator`` is visible.</doc>
<status status="PASS" starttime="20220405 22:40:55.492" endtime="20220405 22:40:55.509"/>
</kw>
<status status="PASS" starttime="20220405 22:40:50.605" endtime="20220405 22:40:55.509"/>
</kw>
<status status="PASS" starttime="20220405 22:40:50.605" endtime="20220405 22:40:55.510"/>
</kw>
<kw name="Click on the &quot;Your Profile&quot;" library="OfficeShiftsPage">
<kw name="&quot;Your Profile&quot; click" library="OfficeShiftsYourProfile">
<kw name="Wait Until Element Is Visible" library="SeleniumLibrary">
<arg>${your_profile_button}</arg>
<doc>Waits until the element ``locator`` is visible.</doc>
<status status="PASS" starttime="20220405 22:40:55.511" endtime="20220405 22:40:58.076"/>
</kw>
<kw name="Click Button" library="SeleniumLibrary">
<arg>${your_profile_button}</arg>
<doc>Clicks the button identified by ``locator``.</doc>
<msg timestamp="20220405 22:40:58.076" level="INFO">Clicking button 'css=.Header-right [data-bind='click: showProfilePage']'.</msg>
<status status="PASS" starttime="20220405 22:40:58.076" endtime="20220405 22:40:58.179"/>
</kw>
<kw name="Sleep" library="BuiltIn">
<arg>5</arg>
<doc>Pauses the test executed for the given time.</doc>
<msg timestamp="20220405 22:41:03.187" level="INFO">Slept 5 seconds</msg>
<status status="PASS" starttime="20220405 22:40:58.179" endtime="20220405 22:41:03.187"/>
</kw>
<status status="PASS" starttime="20220405 22:40:55.510" endtime="20220405 22:41:03.187"/>
</kw>
<status status="PASS" starttime="20220405 22:40:55.510" endtime="20220405 22:41:03.187"/>
</kw>
<kw name="FAQ link navigates a user to a right page" library="OfficeShiftsPage">
<kw name="FAQ link navigation" library="OfficeShiftsYourProfile">
<kw name="Wait Until Element Is Visible" library="SeleniumLibrary">
<arg>${office_shifts_header_title}</arg>
<doc>Waits until the element ``locator`` is visible.</doc>
<status status="PASS" starttime="20220405 22:41:03.189" endtime="20220405 22:41:03.204"/>
</kw>
<kw name="Click Link" library="SeleniumLibrary">
<arg>${faq}</arg>
<doc>Clicks a link identified by ``locator``.</doc>
<msg timestamp="20220405 22:41:03.205" level="INFO">Clicking link 'css=[href='https://www.mapiq.com/faq']'.</msg>
<status status="PASS" starttime="20220405 22:41:03.204" endtime="20220405 22:41:03.279"/>
</kw>
<kw name="Switch Window" library="SeleniumLibrary">
<arg>new</arg>
<doc>Switches to browser window matching ``locator``.</doc>
<status status="PASS" starttime="20220405 22:41:03.279" endtime="20220405 22:41:03.286"/>
</kw>
<kw name="Wait Until Element Is Visible" library="SeleniumLibrary">
<arg>${faq_title}</arg>
<doc>Waits until the element ``locator`` is visible.</doc>
<status status="PASS" starttime="20220405 22:41:03.286" endtime="20220405 22:41:05.113"/>
</kw>
<status status="PASS" starttime="20220405 22:41:03.189" endtime="20220405 22:41:05.114"/>
</kw>
<status status="PASS" starttime="20220405 22:41:03.187" endtime="20220405 22:41:05.114"/>
</kw>
<kw name="End Web Test" library="SetupTeardown" type="TEARDOWN">
<kw name="Close All Browsers" library="SeleniumLibrary">
<doc>Closes all open browsers and resets the browser cache.</doc>
<status status="PASS" starttime="20220405 22:41:05.115" endtime="20220405 22:41:07.427"/>
</kw>
<status status="PASS" starttime="20220405 22:41:05.114" endtime="20220405 22:41:07.427"/>
</kw>
<status status="PASS" starttime="20220405 22:40:48.185" endtime="20220405 22:41:07.428"/>
</test>
<test id="s1-s2-s5-t5" name="EULA link navigates a user to a right page">
<kw name="Begin Web Test Office Shifts" library="SetupTeardown" type="SETUP">
<kw name="Open Browser" library="SeleniumLibrary">
<arg>about:blank</arg>
<arg>${BROWSER}</arg>
<doc>Opens a new browser instance to the optional ``url``.</doc>
<msg timestamp="20220405 22:41:07.431" level="INFO">Opening browser 'chrome' to base url 'about:blank'.</msg>
<status status="PASS" starttime="20220405 22:41:07.430" endtime="20220405 22:41:08.720"/>
</kw>
<kw name="Maximize Browser Window" library="SeleniumLibrary">
<doc>Maximizes current browser window.</doc>
<status status="PASS" starttime="20220405 22:41:08.720" endtime="20220405 22:41:08.848"/>
</kw>
<kw name="Go To" library="SeleniumLibrary">
<arg>${URL_OFFICE_SHIFTS}</arg>
<doc>Navigates the current browser window to the provided ``url``.</doc>
<msg timestamp="20220405 22:41:08.849" level="INFO">Opening url 'https://shifts-test.atlas.mapiq-universe.com/'</msg>
<status status="PASS" starttime="20220405 22:41:08.848" endtime="20220405 22:41:10.326"/>
</kw>
<status status="PASS" starttime="20220405 22:41:07.430" endtime="20220405 22:41:10.327"/>
</kw>
<kw name="Go to the Office Shifts Page" library="OfficeShiftsPage">
<kw name="Navigate To" library="LandingOfficeShifts">
<kw name="Go To" library="SeleniumLibrary">
<arg>${URL_OFFICE_SHIFTS}</arg>
<doc>Navigates the current browser window to the provided ``url``.</doc>
<msg timestamp="20220405 22:41:10.328" level="INFO">Opening url 'https://shifts-test.atlas.mapiq-universe.com/'</msg>
<status status="PASS" starttime="20220405 22:41:10.328" endtime="20220405 22:41:10.443"/>
</kw>
<status status="PASS" starttime="20220405 22:41:10.328" endtime="20220405 22:41:10.443"/>
</kw>
<kw name="Verify Page Loaded" library="LandingOfficeShifts">
<kw name="Wait Until Element Contains" library="SeleniumLibrary">
<arg>${os_first_sign_in_button}</arg>
<arg>Sign in</arg>
<doc>Waits until the element ``locator`` contains ``text``.</doc>
<status status="PASS" starttime="20220405 22:41:10.444" endtime="20220405 22:41:10.469"/>
</kw>
<status status="PASS" starttime="20220405 22:41:10.443" endtime="20220405 22:41:10.469"/>
</kw>
<status status="PASS" starttime="20220405 22:41:10.327" endtime="20220405 22:41:10.470"/>
</kw>
<kw name="Log in to the Office Shifts Page" library="OfficeShiftsPage">
<kw name="Log in" library="LandingOfficeShifts">
<kw name="Click Button" library="SeleniumLibrary">
<arg>${os_first_sign_in_button}</arg>
<doc>Clicks the button identified by ``locator``.</doc>
<msg timestamp="20220405 22:41:10.471" level="INFO">Clicking button 'xpath:/html//log-in[@class='Body Login-body']//button[@class='MpqButton']'.</msg>
<status status="PASS" starttime="20220405 22:41:10.471" endtime="20220405 22:41:10.530"/>
</kw>
<kw name="Wait Until Element Is Visible" library="SeleniumLibrary">
<arg>${continue_button}</arg>
<doc>Waits until the element ``locator`` is visible.</doc>
<status status="PASS" starttime="20220405 22:41:10.531" endtime="20220405 22:41:11.822"/>
</kw>
<kw name="Input Text" library="SeleniumLibrary">
<arg>${os_email_address_field}</arg>
<arg>${email_analytics_viewer}</arg>
<doc>Types the given ``text`` into the text field identified by ``locator``.</doc>
<msg timestamp="20220405 22:41:11.823" level="INFO">Typing text 'qa_building_admin@test1.mapiq.net' into text field 'id=signInName'.</msg>
<status status="PASS" starttime="20220405 22:41:11.822" endtime="20220405 22:41:11.987"/>
</kw>
<kw name="Click Button" library="SeleniumLibrary">
<arg>${continue_button}</arg>
<doc>Clicks the button identified by ``locator``.</doc>
<msg timestamp="20220405 22:41:11.988" level="INFO">Clicking button 'xpath:/html//button[@id='continue']'.</msg>
<status status="PASS" starttime="20220405 22:41:11.987" endtime="20220405 22:41:12.217"/>
</kw>
<kw name="Wait Until Element Is Visible" library="SeleniumLibrary">
<arg>${os_second_sign_in_button}</arg>
<doc>Waits until the element ``locator`` is visible.</doc>
<status status="PASS" starttime="20220405 22:41:12.217" endtime="20220405 22:41:12.695"/>
</kw>
<kw name="Input Text" library="SeleniumLibrary">
<arg>${os_password_field}</arg>
<arg>${password_analytics_viewer}</arg>
<doc>Types the given ``text`` into the text field identified by ``locator``.</doc>
<msg timestamp="20220405 22:41:12.696" level="INFO">Typing text 'QA-Bu1ld1ng-Adm1n' into text field 'xpath:/html//input[@id='password']'.</msg>
<status status="PASS" starttime="20220405 22:41:12.695" endtime="20220405 22:41:12.797"/>
</kw>
<kw name="Click Button" library="SeleniumLibrary">
<arg>${os_second_sign_in_button}</arg>
<doc>Clicks the button identified by ``locator``.</doc>
<msg timestamp="20220405 22:41:12.798" level="INFO">Clicking button 'xpath:/html//button[@id='next']'.</msg>
<status status="PASS" starttime="20220405 22:41:12.797" endtime="20220405 22:41:12.846"/>
</kw>
<kw name="Wait Until Element Is Visible" library="SeleniumLibrary">
<arg>${office_shifts_header_title}</arg>
<doc>Waits until the element ``locator`` is visible.</doc>
<status status="PASS" starttime="20220405 22:41:12.847" endtime="20220405 22:41:15.170"/>
</kw>
<kw name="Wait Until Element Is Visible" library="SeleniumLibrary">
<arg>${office_shifts_header_title}</arg>
<doc>Waits until the element ``locator`` is visible.</doc>
<status status="PASS" starttime="20220405 22:41:15.170" endtime="20220405 22:41:15.188"/>
</kw>
<status status="PASS" starttime="20220405 22:41:10.471" endtime="20220405 22:41:15.188"/>
</kw>
<status status="PASS" starttime="20220405 22:41:10.470" endtime="20220405 22:41:15.188"/>
</kw>
<kw name="Click on the &quot;Your Profile&quot;" library="OfficeShiftsPage">
<kw name="&quot;Your Profile&quot; click" library="OfficeShiftsYourProfile">
<kw name="Wait Until Element Is Visible" library="SeleniumLibrary">
<arg>${your_profile_button}</arg>
<doc>Waits until the element ``locator`` is visible.</doc>
<status status="PASS" starttime="20220405 22:41:15.189" endtime="20220405 22:41:17.430"/>
</kw>
<kw name="Click Button" library="SeleniumLibrary">
<arg>${your_profile_button}</arg>
<doc>Clicks the button identified by ``locator``.</doc>
<msg timestamp="20220405 22:41:17.431" level="INFO">Clicking button 'css=.Header-right [data-bind='click: showProfilePage']'.</msg>
<status status="PASS" starttime="20220405 22:41:17.430" endtime="20220405 22:41:17.531"/>
</kw>
<kw name="Sleep" library="BuiltIn">
<arg>5</arg>
<doc>Pauses the test executed for the given time.</doc>
<msg timestamp="20220405 22:41:22.535" level="INFO">Slept 5 seconds</msg>
<status status="PASS" starttime="20220405 22:41:17.531" endtime="20220405 22:41:22.535"/>
</kw>
<status status="PASS" starttime="20220405 22:41:15.189" endtime="20220405 22:41:22.535"/>
</kw>
<status status="PASS" starttime="20220405 22:41:15.189" endtime="20220405 22:41:22.535"/>
</kw>
<kw name="EULA link navigates a user to a right page" library="OfficeShiftsPage">
<kw name="EULA navigation" library="OfficeShiftsYourProfile">
<kw name="Wait Until Element Is Visible" library="SeleniumLibrary">
<arg>${office_shifts_header_title}</arg>
<doc>Waits until the element ``locator`` is visible.</doc>
<status status="PASS" starttime="20220405 22:41:22.537" endtime="20220405 22:41:22.552"/>
</kw>
<kw name="Click Link" library="SeleniumLibrary">
<arg>${eula}</arg>
<doc>Clicks a link identified by ``locator``.</doc>
<msg timestamp="20220405 22:41:22.552" level="INFO">Clicking link 'css=[href='https://www.mapiq.com/eula-office-shifts-app']'.</msg>
<status status="PASS" starttime="20220405 22:41:22.552" endtime="20220405 22:41:22.629"/>
</kw>
<kw name="Switch Window" library="SeleniumLibrary">
<arg>new</arg>
<doc>Switches to browser window matching ``locator``.</doc>
<status status="PASS" starttime="20220405 22:41:22.629" endtime="20220405 22:41:22.636"/>
</kw>
<kw name="Wait Until Element Is Visible" library="SeleniumLibrary">
<arg>${eula_title}</arg>
<doc>Waits until the element ``locator`` is visible.</doc>
<status status="PASS" starttime="20220405 22:41:22.636" endtime="20220405 22:41:24.840"/>
</kw>
<status status="PASS" starttime="20220405 22:41:22.536" endtime="20220405 22:41:24.840"/>
</kw>
<status status="PASS" starttime="20220405 22:41:22.536" endtime="20220405 22:41:24.840"/>
</kw>
<kw name="End Web Test" library="SetupTeardown" type="TEARDOWN">
<kw name="Close All Browsers" library="SeleniumLibrary">
<doc>Closes all open browsers and resets the browser cache.</doc>
<status status="PASS" starttime="20220405 22:41:24.842" endtime="20220405 22:41:27.144"/>
</kw>
<status status="PASS" starttime="20220405 22:41:24.841" endtime="20220405 22:41:27.144"/>
</kw>
<status status="PASS" starttime="20220405 22:41:07.429" endtime="20220405 22:41:27.145"/>
</test>
<doc>Login to Office Shifts Test
To run this test, enter the "Tests" folder (cd Tests) and enter "robot -d results UserApp.robot/Your_Profile_Links.robot" in the Terminal</doc>
<status status="PASS" starttime="20220405 22:39:26.797" endtime="20220405 22:41:27.147"/>
</suite>
<status status="PASS" starttime="20220405 22:37:19.335" endtime="20220405 22:41:27.150"/>
</suite>
<status status="PASS" starttime="20220405 22:34:49.629" endtime="20220405 22:41:27.154"/>
</suite>
<statistics>
<total>
<stat pass="25" fail="0" skip="0">All Tests</stat>
</total>
<tag>
<stat pass="1" fail="0" skip="0">Questions</stat>
</tag>
<suite>
<stat pass="25" fail="0" skip="0" id="s1" name="Tests">Tests</stat>
<stat pass="12" fail="0" skip="0" id="s1-s1" name="AdminPortal.robot">Tests.AdminPortal.robot</stat>
<stat pass="2" fail="0" skip="0" id="s1-s1-s1" name="AnalyticsViewerAdmin">Tests.AdminPortal.robot.AnalyticsViewerAdmin</stat>
<stat pass="2" fail="0" skip="0" id="s1-s1-s2" name="BuildingAdmin">Tests.AdminPortal.robot.BuildingAdmin</stat>
<stat pass="2" fail="0" skip="0" id="s1-s1-s3" name="ShiftAdmin">Tests.AdminPortal.robot.ShiftAdmin</stat>
<stat pass="2" fail="0" skip="0" id="s1-s1-s4" name="ShiftAssistantAdmin">Tests.AdminPortal.robot.ShiftAssistantAdmin</stat>
<stat pass="2" fail="0" skip="0" id="s1-s1-s5" name="ShiftHostAdmin">Tests.AdminPortal.robot.ShiftHostAdmin</stat>
<stat pass="2" fail="0" skip="0" id="s1-s1-s6" name="SubscriptionAdmin">Tests.AdminPortal.robot.SubscriptionAdmin</stat>
<stat pass="13" fail="0" skip="0" id="s1-s2" name="UserApp.robot">Tests.UserApp.robot</stat>
<stat pass="3" fail="0" skip="0" id="s1-s2-s1" name="Connections">Tests.UserApp.robot.Connections</stat>
<stat pass="1" fail="0" skip="0" id="s1-s2-s2" name="End User Login">Tests.UserApp.robot.End User Login</stat>
<stat pass="1" fail="0" skip="0" id="s1-s2-s3" name="End User Logout">Tests.UserApp.robot.End User Logout</stat>
<stat pass="3" fail="0" skip="0" id="s1-s2-s4" name="Shift Booking End User">Tests.UserApp.robot.Shift Booking End User</stat>
<stat pass="5" fail="0" skip="0" id="s1-s2-s5" name="Your Profile Links">Tests.UserApp.robot.Your Profile Links</stat>
</suite>
</statistics>
<errors>
</errors>
</robot>
